[2014-02-11 10:53:32]  FATAL: could not find driver in /www/Cy/Cy/Db/AbstractDb.php on line 60 ErrorCode: 1003 in /www/Cy/Cy/Db/AbstractDb.php on 67 \n\r #0 /www/Cy/Cy/Db/AbstractDb.php(48): Cy\Db\AbstractDb->initDb(Array)
#1 /www/Cy/Cy/Db/Db.php(20): Cy\Db\AbstractDb->__construct(Array)
#2 /www/Cy/Cy/Mvc/Event/EventStore.php(55): Cy\Db\Db::getInstance(Array)
#3 /www/Cy/Cy/Mvc/Event/EventStore.php(38): Cy\Mvc\Event\EventStore->make('Cy\Db\Db', Array)
#4 /www/Cy/Cy/Mvc/Event/EventRegister.php(50): Cy\Mvc\Event\EventStore->get('Cy\Db\Db', Array)
#5 /www/Cy/Cy/Mvc/Event/Event.php(18): Cy\Mvc\Event\EventRegister->getRegistered('Cy\Db\Db', Array)
#6 /www/Cy/Cy/Mvc/Model/Model.php(17): Cy\Mvc\Event\Event->getRegistered('Cy\Db\Db', Array)
#7 /www/Cy/Cy/Mvc/EventsManager.php(46): Cy\Mvc\Model\Model->__construct()
#8 /www/Cy/Cy/Mvc/EventsManager.php(60): Cy\Mvc\EventsManager->__construct()
#9 /www/Cy/index.php(24): Cy\Mvc\EventsManager::run()
#10 {main} 
[2014-02-11 10:53:32]  FATAL: could not find driver in /www/Cy/Cy/Db/AbstractDb.php on line 60 ErrorCode: 1003 in /www/Cy/Cy/Db/AbstractDb.php on 67 \n\r #0 /www/Cy/Cy/Db/AbstractDb.php(48): Cy\Db\AbstractDb->initDb(Array)
#1 /www/Cy/Cy/Db/Db.php(20): Cy\Db\AbstractDb->__construct(Array)
#2 /www/Cy/Cy/Mvc/Event/EventStore.php(55): Cy\Db\Db::getInstance(Array)
#3 /www/Cy/Cy/Mvc/Event/EventStore.php(38): Cy\Mvc\Event\EventStore->make('Cy\Db\Db', Array)
#4 /www/Cy/Cy/Mvc/Event/EventRegister.php(50): Cy\Mvc\Event\EventStore->get('Cy\Db\Db', Array)
#5 /www/Cy/Cy/Mvc/Event/Event.php(18): Cy\Mvc\Event\EventRegister->getRegistered('Cy\Db\Db', Array)
#6 /www/Cy/Cy/Mvc/Model/Model.php(17): Cy\Mvc\Event\Event->getRegistered('Cy\Db\Db', Array)
#7 /www/Cy/Cy/Mvc/EventsManager.php(46): Cy\Mvc\Model\Model->__construct()
#8 /www/Cy/Cy/Mvc/EventsManager.php(60): Cy\Mvc\EventsManager->__construct()
#9 /www/Cy/index.php(24): Cy\Mvc\EventsManager::run()
#10 {main} 
[2014-02-11 10:53:32]  FATAL: could not find driver in /www/Cy/Cy/Db/AbstractDb.php on line 60 ErrorCode: 1003 in /www/Cy/Cy/Db/AbstractDb.php on 67 \n\r #0 /www/Cy/Cy/Db/AbstractDb.php(48): Cy\Db\AbstractDb->initDb(Array)
#1 /www/Cy/Cy/Db/Db.php(20): Cy\Db\AbstractDb->__construct(Array)
#2 /www/Cy/Cy/Mvc/Event/EventStore.php(55): Cy\Db\Db::getInstance(Array)
#3 /www/Cy/Cy/Mvc/Event/EventStore.php(38): Cy\Mvc\Event\EventStore->make('Cy\Db\Db', Array)
#4 /www/Cy/Cy/Mvc/Event/EventRegister.php(50): Cy\Mvc\Event\EventStore->get('Cy\Db\Db', Array)
#5 /www/Cy/Cy/Mvc/Event/Event.php(18): Cy\Mvc\Event\EventRegister->getRegistered('Cy\Db\Db', Array)
#6 /www/Cy/Cy/Mvc/Model/Model.php(17): Cy\Mvc\Event\Event->getRegistered('Cy\Db\Db', Array)
#7 /www/Cy/Cy/Mvc/EventsManager.php(46): Cy\Mvc\Model\Model->__construct()
#8 /www/Cy/Cy/Mvc/EventsManager.php(60): Cy\Mvc\EventsManager->__construct()
#9 /www/Cy/index.php(24): Cy\Mvc\EventsManager::run()
#10 {main} 
[2014-02-11 10:53:32]  FATAL: could not find driver in /www/Cy/Cy/Db/AbstractDb.php on line 60 ErrorCode: 1003 in /www/Cy/Cy/Db/AbstractDb.php on 67 \n\r #0 /www/Cy/Cy/Db/AbstractDb.php(48): Cy\Db\AbstractDb->initDb(Array)
#1 /www/Cy/Cy/Db/Db.php(20): Cy\Db\AbstractDb->__construct(Array)
#2 /www/Cy/Cy/Mvc/Event/EventStore.php(55): Cy\Db\Db::getInstance(Array)
#3 /www/Cy/Cy/Mvc/Event/EventStore.php(38): Cy\Mvc\Event\EventStore->make('Cy\Db\Db', Array)
#4 /www/Cy/Cy/Mvc/Event/EventRegister.php(50): Cy\Mvc\Event\EventStore->get('Cy\Db\Db', Array)
#5 /www/Cy/Cy/Mvc/Event/Event.php(18): Cy\Mvc\Event\EventRegister->getRegistered('Cy\Db\Db', Array)
#6 /www/Cy/Cy/Mvc/Model/Model.php(17): Cy\Mvc\Event\Event->getRegistered('Cy\Db\Db', Array)
#7 /www/Cy/Cy/Mvc/EventsManager.php(46): Cy\Mvc\Model\Model->__construct()
#8 /www/Cy/Cy/Mvc/EventsManager.php(60): Cy\Mvc\EventsManager->__construct()
#9 /www/Cy/index.php(24): Cy\Mvc\EventsManager::run()
#10 {main} 
[2014-02-11 10:53:32]  FATAL: could not find driver in /www/Cy/Cy/Db/AbstractDb.php on line 60 ErrorCode: 1003 in /www/Cy/Cy/Db/AbstractDb.php on 67 \n\r #0 /www/Cy/Cy/Db/AbstractDb.php(48): Cy\Db\AbstractDb->initDb(Array)
#1 /www/Cy/Cy/Db/Db.php(20): Cy\Db\AbstractDb->__construct(Array)
#2 /www/Cy/Cy/Mvc/Event/EventStore.php(55): Cy\Db\Db::getInstance(Array)
#3 /www/Cy/Cy/Mvc/Event/EventStore.php(38): Cy\Mvc\Event\EventStore->make('Cy\Db\Db', Array)
#4 /www/Cy/Cy/Mvc/Event/EventRegister.php(50): Cy\Mvc\Event\EventStore->get('Cy\Db\Db', Array)
#5 /www/Cy/Cy/Mvc/Event/Event.php(18): Cy\Mvc\Event\EventRegister->getRegistered('Cy\Db\Db', Array)
#6 /www/Cy/Cy/Mvc/Model/Model.php(17): Cy\Mvc\Event\Event->getRegistered('Cy\Db\Db', Array)
#7 /www/Cy/Cy/Mvc/EventsManager.php(46): Cy\Mvc\Model\Model->__construct()
#8 /www/Cy/Cy/Mvc/EventsManager.php(60): Cy\Mvc\EventsManager->__construct()
#9 /www/Cy/index.php(24): Cy\Mvc\EventsManager::run()
#10 {main} 
[2014-02-11 10:53:32]  FATAL: could not find driver in /www/Cy/Cy/Db/AbstractDb.php on line 60 ErrorCode: 1003 in /www/Cy/Cy/Db/AbstractDb.php on 67 \n\r #0 /www/Cy/Cy/Db/AbstractDb.php(48): Cy\Db\AbstractDb->initDb(Array)
#1 /www/Cy/Cy/Db/Db.php(20): Cy\Db\AbstractDb->__construct(Array)
#2 /www/Cy/Cy/Mvc/Event/EventStore.php(55): Cy\Db\Db::getInstance(Array)
#3 /www/Cy/Cy/Mvc/Event/EventStore.php(38): Cy\Mvc\Event\EventStore->make('Cy\Db\Db', Array)
#4 /www/Cy/Cy/Mvc/Event/EventRegister.php(50): Cy\Mvc\Event\EventStore->get('Cy\Db\Db', Array)
#5 /www/Cy/Cy/Mvc/Event/Event.php(18): Cy\Mvc\Event\EventRegister->getRegistered('Cy\Db\Db', Array)
#6 /www/Cy/Cy/Mvc/Model/Model.php(17): Cy\Mvc\Event\Event->getRegistered('Cy\Db\Db', Array)
#7 /www/Cy/Cy/Mvc/EventsManager.php(46): Cy\Mvc\Model\Model->__construct()
#8 /www/Cy/Cy/Mvc/EventsManager.php(60): Cy\Mvc\EventsManager->__construct()
#9 /www/Cy/index.php(24): Cy\Mvc\EventsManager::run()
#10 {main} 
[2014-02-11 10:53:32]  FATAL: could not find driver in /www/Cy/Cy/Db/AbstractDb.php on line 60 ErrorCode: 1003 in /www/Cy/Cy/Db/AbstractDb.php on 67 \n\r #0 /www/Cy/Cy/Db/AbstractDb.php(48): Cy\Db\AbstractDb->initDb(Array)
#1 /www/Cy/Cy/Db/Db.php(20): Cy\Db\AbstractDb->__construct(Array)
#2 /www/Cy/Cy/Mvc/Event/EventStore.php(55): Cy\Db\Db::getInstance(Array)
#3 /www/Cy/Cy/Mvc/Event/EventStore.php(38): Cy\Mvc\Event\EventStore->make('Cy\Db\Db', Array)
#4 /www/Cy/Cy/Mvc/Event/EventRegister.php(50): Cy\Mvc\Event\EventStore->get('Cy\Db\Db', Array)
#5 /www/Cy/Cy/Mvc/Event/Event.php(18): Cy\Mvc\Event\EventRegister->getRegistered('Cy\Db\Db', Array)
#6 /www/Cy/Cy/Mvc/Model/Model.php(17): Cy\Mvc\Event\Event->getRegistered('Cy\Db\Db', Array)
#7 /www/Cy/Cy/Mvc/EventsManager.php(46): Cy\Mvc\Model\Model->__construct()
#8 /www/Cy/Cy/Mvc/EventsManager.php(60): Cy\Mvc\EventsManager->__construct()
#9 /www/Cy/index.php(24): Cy\Mvc\EventsManager::run()
#10 {main} 
[2014-02-11 10:53:32]  FATAL: could not find driver in /www/Cy/Cy/Db/AbstractDb.php on line 60 ErrorCode: 1003 in /www/Cy/Cy/Db/AbstractDb.php on 67 \n\r #0 /www/Cy/Cy/Db/AbstractDb.php(48): Cy\Db\AbstractDb->initDb(Array)
#1 /www/Cy/Cy/Db/Db.php(20): Cy\Db\AbstractDb->__construct(Array)
#2 /www/Cy/Cy/Mvc/Event/EventStore.php(55): Cy\Db\Db::getInstance(Array)
#3 /www/Cy/Cy/Mvc/Event/EventStore.php(38): Cy\Mvc\Event\EventStore->make('Cy\Db\Db', Array)
#4 /www/Cy/Cy/Mvc/Event/EventRegister.php(50): Cy\Mvc\Event\EventStore->get('Cy\Db\Db', Array)
#5 /www/Cy/Cy/Mvc/Event/Event.php(18): Cy\Mvc\Event\EventRegister->getRegistered('Cy\Db\Db', Array)
#6 /www/Cy/Cy/Mvc/Model/Model.php(17): Cy\Mvc\Event\Event->getRegistered('Cy\Db\Db', Array)
#7 /www/Cy/Cy/Mvc/EventsManager.php(46): Cy\Mvc\Model\Model->__construct()
#8 /www/Cy/Cy/Mvc/EventsManager.php(60): Cy\Mvc\EventsManager->__construct()
#9 /www/Cy/index.php(24): Cy\Mvc\EventsManager::run()
#10 {main} 
[2014-02-11 11:08:06]  FATAL: could not find driver in /www/Cy/Cy/Db/AbstractDb.php on line 60 ErrorCode: 1003 in /www/Cy/Cy/Db/AbstractDb.php on 67 \n\r #0 /www/Cy/Cy/Db/AbstractDb.php(48): Cy\Db\AbstractDb->initDb(Array)
#1 /www/Cy/Cy/Db/Db.php(20): Cy\Db\AbstractDb->__construct(Array)
#2 /www/Cy/Cy/Mvc/Event/EventStore.php(55): Cy\Db\Db::getInstance(Array)
#3 /www/Cy/Cy/Mvc/Event/EventStore.php(38): Cy\Mvc\Event\EventStore->make('Cy\Db\Db', Array)
#4 /www/Cy/Cy/Mvc/Event/EventRegister.php(50): Cy\Mvc\Event\EventStore->get('Cy\Db\Db', Array)
#5 /www/Cy/Cy/Mvc/Event/Event.php(18): Cy\Mvc\Event\EventRegister->getRegistered('Cy\Db\Db', Array)
#6 /www/Cy/Cy/Mvc/Model/Model.php(17): Cy\Mvc\Event\Event->getRegistered('Cy\Db\Db', Array)
#7 /www/Cy/Cy/Mvc/EventsManager.php(46): Cy\Mvc\Model\Model->__construct()
#8 /www/Cy/Cy/Mvc/EventsManager.php(60): Cy\Mvc\EventsManager->__construct()
#9 /www/Cy/index.php(24): Cy\Mvc\EventsManager::run()
#10 {main} 
[2014-02-11 11:08:06]  FATAL: could not find driver in /www/Cy/Cy/Db/AbstractDb.php on line 60 ErrorCode: 1003 in /www/Cy/Cy/Db/AbstractDb.php on 67 \n\r #0 /www/Cy/Cy/Db/AbstractDb.php(48): Cy\Db\AbstractDb->initDb(Array)
#1 /www/Cy/Cy/Db/Db.php(20): Cy\Db\AbstractDb->__construct(Array)
#2 /www/Cy/Cy/Mvc/Event/EventStore.php(55): Cy\Db\Db::getInstance(Array)
#3 /www/Cy/Cy/Mvc/Event/EventStore.php(38): Cy\Mvc\Event\EventStore->make('Cy\Db\Db', Array)
#4 /www/Cy/Cy/Mvc/Event/EventRegister.php(50): Cy\Mvc\Event\EventStore->get('Cy\Db\Db', Array)
#5 /www/Cy/Cy/Mvc/Event/Event.php(18): Cy\Mvc\Event\EventRegister->getRegistered('Cy\Db\Db', Array)
#6 /www/Cy/Cy/Mvc/Model/Model.php(17): Cy\Mvc\Event\Event->getRegistered('Cy\Db\Db', Array)
#7 /www/Cy/Cy/Mvc/EventsManager.php(46): Cy\Mvc\Model\Model->__construct()
#8 /www/Cy/Cy/Mvc/EventsManager.php(60): Cy\Mvc\EventsManager->__construct()
#9 /www/Cy/index.php(24): Cy\Mvc\EventsManager::run()
#10 {main} 
[2014-02-11 11:08:06]  FATAL: could not find driver in /www/Cy/Cy/Db/AbstractDb.php on line 60 ErrorCode: 1003 in /www/Cy/Cy/Db/AbstractDb.php on 67 \n\r #0 /www/Cy/Cy/Db/AbstractDb.php(48): Cy\Db\AbstractDb->initDb(Array)
#1 /www/Cy/Cy/Db/Db.php(20): Cy\Db\AbstractDb->__construct(Array)
#2 /www/Cy/Cy/Mvc/Event/EventStore.php(55): Cy\Db\Db::getInstance(Array)
#3 /www/Cy/Cy/Mvc/Event/EventStore.php(38): Cy\Mvc\Event\EventStore->make('Cy\Db\Db', Array)
#4 /www/Cy/Cy/Mvc/Event/EventRegister.php(50): Cy\Mvc\Event\EventStore->get('Cy\Db\Db', Array)
#5 /www/Cy/Cy/Mvc/Event/Event.php(18): Cy\Mvc\Event\EventRegister->getRegistered('Cy\Db\Db', Array)
#6 /www/Cy/Cy/Mvc/Model/Model.php(17): Cy\Mvc\Event\Event->getRegistered('Cy\Db\Db', Array)
#7 /www/Cy/Cy/Mvc/EventsManager.php(46): Cy\Mvc\Model\Model->__construct()
#8 /www/Cy/Cy/Mvc/EventsManager.php(60): Cy\Mvc\EventsManager->__construct()
#9 /www/Cy/index.php(24): Cy\Mvc\EventsManager::run()
#10 {main} 
[2014-02-11 11:08:06]  FATAL: could not find driver in /www/Cy/Cy/Db/AbstractDb.php on line 60 ErrorCode: 1003 in /www/Cy/Cy/Db/AbstractDb.php on 67 \n\r #0 /www/Cy/Cy/Db/AbstractDb.php(48): Cy\Db\AbstractDb->initDb(Array)
#1 /www/Cy/Cy/Db/Db.php(20): Cy\Db\AbstractDb->__construct(Array)
#2 /www/Cy/Cy/Mvc/Event/EventStore.php(55): Cy\Db\Db::getInstance(Array)
#3 /www/Cy/Cy/Mvc/Event/EventStore.php(38): Cy\Mvc\Event\EventStore->make('Cy\Db\Db', Array)
#4 /www/Cy/Cy/Mvc/Event/EventRegister.php(50): Cy\Mvc\Event\EventStore->get('Cy\Db\Db', Array)
#5 /www/Cy/Cy/Mvc/Event/Event.php(18): Cy\Mvc\Event\EventRegister->getRegistered('Cy\Db\Db', Array)
#6 /www/Cy/Cy/Mvc/Model/Model.php(17): Cy\Mvc\Event\Event->getRegistered('Cy\Db\Db', Array)
#7 /www/Cy/Cy/Mvc/EventsManager.php(46): Cy\Mvc\Model\Model->__construct()
#8 /www/Cy/Cy/Mvc/EventsManager.php(60): Cy\Mvc\EventsManager->__construct()
#9 /www/Cy/index.php(24): Cy\Mvc\EventsManager::run()
#10 {main} 
[2014-02-11 11:08:06]  FATAL: could not find driver in /www/Cy/Cy/Db/AbstractDb.php on line 60 ErrorCode: 1003 in /www/Cy/Cy/Db/AbstractDb.php on 67 \n\r #0 /www/Cy/Cy/Db/AbstractDb.php(48): Cy\Db\AbstractDb->initDb(Array)
#1 /www/Cy/Cy/Db/Db.php(20): Cy\Db\AbstractDb->__construct(Array)
#2 /www/Cy/Cy/Mvc/Event/EventStore.php(55): Cy\Db\Db::getInstance(Array)
#3 /www/Cy/Cy/Mvc/Event/EventStore.php(38): Cy\Mvc\Event\EventStore->make('Cy\Db\Db', Array)
#4 /www/Cy/Cy/Mvc/Event/EventRegister.php(50): Cy\Mvc\Event\EventStore->get('Cy\Db\Db', Array)
#5 /www/Cy/Cy/Mvc/Event/Event.php(18): Cy\Mvc\Event\EventRegister->getRegistered('Cy\Db\Db', Array)
#6 /www/Cy/Cy/Mvc/Model/Model.php(17): Cy\Mvc\Event\Event->getRegistered('Cy\Db\Db', Array)
#7 /www/Cy/Cy/Mvc/EventsManager.php(46): Cy\Mvc\Model\Model->__construct()
#8 /www/Cy/Cy/Mvc/EventsManager.php(60): Cy\Mvc\EventsManager->__construct()
#9 /www/Cy/index.php(24): Cy\Mvc\EventsManager::run()
#10 {main} 
[2014-02-11 11:08:06]  FATAL: could not find driver in /www/Cy/Cy/Db/AbstractDb.php on line 60 ErrorCode: 1003 in /www/Cy/Cy/Db/AbstractDb.php on 67 \n\r #0 /www/Cy/Cy/Db/AbstractDb.php(48): Cy\Db\AbstractDb->initDb(Array)
#1 /www/Cy/Cy/Db/Db.php(20): Cy\Db\AbstractDb->__construct(Array)
#2 /www/Cy/Cy/Mvc/Event/EventStore.php(55): Cy\Db\Db::getInstance(Array)
#3 /www/Cy/Cy/Mvc/Event/EventStore.php(38): Cy\Mvc\Event\EventStore->make('Cy\Db\Db', Array)
#4 /www/Cy/Cy/Mvc/Event/EventRegister.php(50): Cy\Mvc\Event\EventStore->get('Cy\Db\Db', Array)
#5 /www/Cy/Cy/Mvc/Event/Event.php(18): Cy\Mvc\Event\EventRegister->getRegistered('Cy\Db\Db', Array)
#6 /www/Cy/Cy/Mvc/Model/Model.php(17): Cy\Mvc\Event\Event->getRegistered('Cy\Db\Db', Array)
#7 /www/Cy/Cy/Mvc/EventsManager.php(46): Cy\Mvc\Model\Model->__construct()
#8 /www/Cy/Cy/Mvc/EventsManager.php(60): Cy\Mvc\EventsManager->__construct()
#9 /www/Cy/index.php(24): Cy\Mvc\EventsManager::run()
#10 {main} 
[2014-02-11 11:08:06]  FATAL: could not find driver in /www/Cy/Cy/Db/AbstractDb.php on line 60 ErrorCode: 1003 in /www/Cy/Cy/Db/AbstractDb.php on 67 \n\r #0 /www/Cy/Cy/Db/AbstractDb.php(48): Cy\Db\AbstractDb->initDb(Array)
#1 /www/Cy/Cy/Db/Db.php(20): Cy\Db\AbstractDb->__construct(Array)
#2 /www/Cy/Cy/Mvc/Event/EventStore.php(55): Cy\Db\Db::getInstance(Array)
#3 /www/Cy/Cy/Mvc/Event/EventStore.php(38): Cy\Mvc\Event\EventStore->make('Cy\Db\Db', Array)
#4 /www/Cy/Cy/Mvc/Event/EventRegister.php(50): Cy\Mvc\Event\EventStore->get('Cy\Db\Db', Array)
#5 /www/Cy/Cy/Mvc/Event/Event.php(18): Cy\Mvc\Event\EventRegister->getRegistered('Cy\Db\Db', Array)
#6 /www/Cy/Cy/Mvc/Model/Model.php(17): Cy\Mvc\Event\Event->getRegistered('Cy\Db\Db', Array)
#7 /www/Cy/Cy/Mvc/EventsManager.php(46): Cy\Mvc\Model\Model->__construct()
#8 /www/Cy/Cy/Mvc/EventsManager.php(60): Cy\Mvc\EventsManager->__construct()
#9 /www/Cy/index.php(24): Cy\Mvc\EventsManager::run()
#10 {main} 
[2014-02-11 11:08:06]  FATAL: could not find driver in /www/Cy/Cy/Db/AbstractDb.php on line 60 ErrorCode: 1003 in /www/Cy/Cy/Db/AbstractDb.php on 67 \n\r #0 /www/Cy/Cy/Db/AbstractDb.php(48): Cy\Db\AbstractDb->initDb(Array)
#1 /www/Cy/Cy/Db/Db.php(20): Cy\Db\AbstractDb->__construct(Array)
#2 /www/Cy/Cy/Mvc/Event/EventStore.php(55): Cy\Db\Db::getInstance(Array)
#3 /www/Cy/Cy/Mvc/Event/EventStore.php(38): Cy\Mvc\Event\EventStore->make('Cy\Db\Db', Array)
#4 /www/Cy/Cy/Mvc/Event/EventRegister.php(50): Cy\Mvc\Event\EventStore->get('Cy\Db\Db', Array)
#5 /www/Cy/Cy/Mvc/Event/Event.php(18): Cy\Mvc\Event\EventRegister->getRegistered('Cy\Db\Db', Array)
#6 /www/Cy/Cy/Mvc/Model/Model.php(17): Cy\Mvc\Event\Event->getRegistered('Cy\Db\Db', Array)
#7 /www/Cy/Cy/Mvc/EventsManager.php(46): Cy\Mvc\Model\Model->__construct()
#8 /www/Cy/Cy/Mvc/EventsManager.php(60): Cy\Mvc\EventsManager->__construct()
#9 /www/Cy/index.php(24): Cy\Mvc\EventsManager::run()
#10 {main} 
[2014-02-11 11:11:36]  FATAL: could not find driver in /www/Cy/Cy/Db/AbstractDb.php on line 60 ErrorCode: 1003 in /www/Cy/Cy/Db/AbstractDb.php on 67 \n\r #0 /www/Cy/Cy/Db/AbstractDb.php(48): Cy\Db\AbstractDb->initDb(Array)
#1 /www/Cy/Cy/Db/Db.php(20): Cy\Db\AbstractDb->__construct(Array)
#2 /www/Cy/Cy/Mvc/Event/EventStore.php(55): Cy\Db\Db::getInstance(Array)
#3 /www/Cy/Cy/Mvc/Event/EventStore.php(38): Cy\Mvc\Event\EventStore->make('Cy\Db\Db', Array)
#4 /www/Cy/Cy/Mvc/Event/EventRegister.php(50): Cy\Mvc\Event\EventStore->get('Cy\Db\Db', Array)
#5 /www/Cy/Cy/Mvc/Event/Event.php(18): Cy\Mvc\Event\EventRegister->getRegistered('Cy\Db\Db', Array)
#6 /www/Cy/Cy/Mvc/Model/Model.php(17): Cy\Mvc\Event\Event->getRegistered('Cy\Db\Db', Array)
#7 /www/Cy/Cy/Mvc/EventsManager.php(46): Cy\Mvc\Model\Model->__construct()
#8 /www/Cy/Cy/Mvc/EventsManager.php(60): Cy\Mvc\EventsManager->__construct()
#9 /www/Cy/index.php(24): Cy\Mvc\EventsManager::run()
#10 {main} 
[2014-02-11 11:11:36]  FATAL: could not find driver in /www/Cy/Cy/Db/AbstractDb.php on line 60 ErrorCode: 1003 in /www/Cy/Cy/Db/AbstractDb.php on 67 \n\r #0 /www/Cy/Cy/Db/AbstractDb.php(48): Cy\Db\AbstractDb->initDb(Array)
#1 /www/Cy/Cy/Db/Db.php(20): Cy\Db\AbstractDb->__construct(Array)
#2 /www/Cy/Cy/Mvc/Event/EventStore.php(55): Cy\Db\Db::getInstance(Array)
#3 /www/Cy/Cy/Mvc/Event/EventStore.php(38): Cy\Mvc\Event\EventStore->make('Cy\Db\Db', Array)
#4 /www/Cy/Cy/Mvc/Event/EventRegister.php(50): Cy\Mvc\Event\EventStore->get('Cy\Db\Db', Array)
#5 /www/Cy/Cy/Mvc/Event/Event.php(18): Cy\Mvc\Event\EventRegister->getRegistered('Cy\Db\Db', Array)
#6 /www/Cy/Cy/Mvc/Model/Model.php(17): Cy\Mvc\Event\Event->getRegistered('Cy\Db\Db', Array)
#7 /www/Cy/Cy/Mvc/EventsManager.php(46): Cy\Mvc\Model\Model->__construct()
#8 /www/Cy/Cy/Mvc/EventsManager.php(60): Cy\Mvc\EventsManager->__construct()
#9 /www/Cy/index.php(24): Cy\Mvc\EventsManager::run()
#10 {main} 
[2014-02-11 11:11:36]  FATAL: could not find driver in /www/Cy/Cy/Db/AbstractDb.php on line 60 ErrorCode: 1003 in /www/Cy/Cy/Db/AbstractDb.php on 67 \n\r #0 /www/Cy/Cy/Db/AbstractDb.php(48): Cy\Db\AbstractDb->initDb(Array)
#1 /www/Cy/Cy/Db/Db.php(20): Cy\Db\AbstractDb->__construct(Array)
#2 /www/Cy/Cy/Mvc/Event/EventStore.php(55): Cy\Db\Db::getInstance(Array)
#3 /www/Cy/Cy/Mvc/Event/EventStore.php(38): Cy\Mvc\Event\EventStore->make('Cy\Db\Db', Array)
#4 /www/Cy/Cy/Mvc/Event/EventRegister.php(50): Cy\Mvc\Event\EventStore->get('Cy\Db\Db', Array)
#5 /www/Cy/Cy/Mvc/Event/Event.php(18): Cy\Mvc\Event\EventRegister->getRegistered('Cy\Db\Db', Array)
#6 /www/Cy/Cy/Mvc/Model/Model.php(17): Cy\Mvc\Event\Event->getRegistered('Cy\Db\Db', Array)
#7 /www/Cy/Cy/Mvc/EventsManager.php(46): Cy\Mvc\Model\Model->__construct()
#8 /www/Cy/Cy/Mvc/EventsManager.php(60): Cy\Mvc\EventsManager->__construct()
#9 /www/Cy/index.php(24): Cy\Mvc\EventsManager::run()
#10 {main} 
[2014-02-11 11:11:36]  FATAL: could not find driver in /www/Cy/Cy/Db/AbstractDb.php on line 60 ErrorCode: 1003 in /www/Cy/Cy/Db/AbstractDb.php on 67 \n\r #0 /www/Cy/Cy/Db/AbstractDb.php(48): Cy\Db\AbstractDb->initDb(Array)
#1 /www/Cy/Cy/Db/Db.php(20): Cy\Db\AbstractDb->__construct(Array)
#2 /www/Cy/Cy/Mvc/Event/EventStore.php(55): Cy\Db\Db::getInstance(Array)
#3 /www/Cy/Cy/Mvc/Event/EventStore.php(38): Cy\Mvc\Event\EventStore->make('Cy\Db\Db', Array)
#4 /www/Cy/Cy/Mvc/Event/EventRegister.php(50): Cy\Mvc\Event\EventStore->get('Cy\Db\Db', Array)
#5 /www/Cy/Cy/Mvc/Event/Event.php(18): Cy\Mvc\Event\EventRegister->getRegistered('Cy\Db\Db', Array)
#6 /www/Cy/Cy/Mvc/Model/Model.php(17): Cy\Mvc\Event\Event->getRegistered('Cy\Db\Db', Array)
#7 /www/Cy/Cy/Mvc/EventsManager.php(46): Cy\Mvc\Model\Model->__construct()
#8 /www/Cy/Cy/Mvc/EventsManager.php(60): Cy\Mvc\EventsManager->__construct()
#9 /www/Cy/index.php(24): Cy\Mvc\EventsManager::run()
#10 {main} 
[2014-02-11 11:11:51]  FATAL: could not find driver in /www/Cy/Cy/Db/AbstractDb.php on line 60 ErrorCode: 1003 in /www/Cy/Cy/Db/AbstractDb.php on 67 \n\r #0 /www/Cy/Cy/Db/AbstractDb.php(48): Cy\Db\AbstractDb->initDb(Array)
#1 /www/Cy/Cy/Db/Db.php(20): Cy\Db\AbstractDb->__construct(Array)
#2 /www/Cy/Cy/Mvc/Event/EventStore.php(55): Cy\Db\Db::getInstance(Array)
#3 /www/Cy/Cy/Mvc/Event/EventStore.php(38): Cy\Mvc\Event\EventStore->make('Cy\Db\Db', Array)
#4 /www/Cy/Cy/Mvc/Event/EventRegister.php(50): Cy\Mvc\Event\EventStore->get('Cy\Db\Db', Array)
#5 /www/Cy/Cy/Mvc/Event/Event.php(18): Cy\Mvc\Event\EventRegister->getRegistered('Cy\Db\Db', Array)
#6 /www/Cy/Cy/Mvc/Model/Model.php(17): Cy\Mvc\Event\Event->getRegistered('Cy\Db\Db', Array)
#7 /www/Cy/Cy/Mvc/EventsManager.php(46): Cy\Mvc\Model\Model->__construct()
#8 /www/Cy/Cy/Mvc/EventsManager.php(60): Cy\Mvc\EventsManager->__construct()
#9 /www/Cy/index.php(24): Cy\Mvc\EventsManager::run()
#10 {main} 
[2014-02-11 11:11:51]  FATAL: could not find driver in /www/Cy/Cy/Db/AbstractDb.php on line 60 ErrorCode: 1003 in /www/Cy/Cy/Db/AbstractDb.php on 67 \n\r #0 /www/Cy/Cy/Db/AbstractDb.php(48): Cy\Db\AbstractDb->initDb(Array)
#1 /www/Cy/Cy/Db/Db.php(20): Cy\Db\AbstractDb->__construct(Array)
#2 /www/Cy/Cy/Mvc/Event/EventStore.php(55): Cy\Db\Db::getInstance(Array)
#3 /www/Cy/Cy/Mvc/Event/EventStore.php(38): Cy\Mvc\Event\EventStore->make('Cy\Db\Db', Array)
#4 /www/Cy/Cy/Mvc/Event/EventRegister.php(50): Cy\Mvc\Event\EventStore->get('Cy\Db\Db', Array)
#5 /www/Cy/Cy/Mvc/Event/Event.php(18): Cy\Mvc\Event\EventRegister->getRegistered('Cy\Db\Db', Array)
#6 /www/Cy/Cy/Mvc/Model/Model.php(17): Cy\Mvc\Event\Event->getRegistered('Cy\Db\Db', Array)
#7 /www/Cy/Cy/Mvc/EventsManager.php(46): Cy\Mvc\Model\Model->__construct()
#8 /www/Cy/Cy/Mvc/EventsManager.php(60): Cy\Mvc\EventsManager->__construct()
#9 /www/Cy/index.php(24): Cy\Mvc\EventsManager::run()
#10 {main} 
[2014-02-11 11:12:23]  FATAL: could not find driver in /www/Cy/Cy/Db/AbstractDb.php on line 60 ErrorCode: 1003 in /www/Cy/Cy/Db/AbstractDb.php on 67 \n\r #0 /www/Cy/Cy/Db/AbstractDb.php(48): Cy\Db\AbstractDb->initDb(Array)
#1 /www/Cy/Cy/Db/Db.php(20): Cy\Db\AbstractDb->__construct(Array)
#2 /www/Cy/Cy/Mvc/Event/EventStore.php(55): Cy\Db\Db::getInstance(Array)
#3 /www/Cy/Cy/Mvc/Event/EventStore.php(38): Cy\Mvc\Event\EventStore->make('Cy\Db\Db', Array)
#4 /www/Cy/Cy/Mvc/Event/EventRegister.php(50): Cy\Mvc\Event\EventStore->get('Cy\Db\Db', Array)
#5 /www/Cy/Cy/Mvc/Event/Event.php(18): Cy\Mvc\Event\EventRegister->getRegistered('Cy\Db\Db', Array)
#6 /www/Cy/Cy/Mvc/Model/Model.php(17): Cy\Mvc\Event\Event->getRegistered('Cy\Db\Db', Array)
#7 /www/Cy/Cy/Mvc/EventsManager.php(46): Cy\Mvc\Model\Model->__construct()
#8 /www/Cy/Cy/Mvc/EventsManager.php(60): Cy\Mvc\EventsManager->__construct()
#9 /www/Cy/index.php(24): Cy\Mvc\EventsManager::run()
#10 {main} 
[2014-02-11 11:12:23]  FATAL: could not find driver in /www/Cy/Cy/Db/AbstractDb.php on line 60 ErrorCode: 1003 in /www/Cy/Cy/Db/AbstractDb.php on 67 \n\r #0 /www/Cy/Cy/Db/AbstractDb.php(48): Cy\Db\AbstractDb->initDb(Array)
#1 /www/Cy/Cy/Db/Db.php(20): Cy\Db\AbstractDb->__construct(Array)
#2 /www/Cy/Cy/Mvc/Event/EventStore.php(55): Cy\Db\Db::getInstance(Array)
#3 /www/Cy/Cy/Mvc/Event/EventStore.php(38): Cy\Mvc\Event\EventStore->make('Cy\Db\Db', Array)
#4 /www/Cy/Cy/Mvc/Event/EventRegister.php(50): Cy\Mvc\Event\EventStore->get('Cy\Db\Db', Array)
#5 /www/Cy/Cy/Mvc/Event/Event.php(18): Cy\Mvc\Event\EventRegister->getRegistered('Cy\Db\Db', Array)
#6 /www/Cy/Cy/Mvc/Model/Model.php(17): Cy\Mvc\Event\Event->getRegistered('Cy\Db\Db', Array)
#7 /www/Cy/Cy/Mvc/EventsManager.php(46): Cy\Mvc\Model\Model->__construct()
#8 /www/Cy/Cy/Mvc/EventsManager.php(60): Cy\Mvc\EventsManager->__construct()
#9 /www/Cy/index.php(24): Cy\Mvc\EventsManager::run()
#10 {main} 
[2014-02-11 11:12:23]  FATAL: could not find driver in /www/Cy/Cy/Db/AbstractDb.php on line 60 ErrorCode: 1003 in /www/Cy/Cy/Db/AbstractDb.php on 67 \n\r #0 /www/Cy/Cy/Db/AbstractDb.php(48): Cy\Db\AbstractDb->initDb(Array)
#1 /www/Cy/Cy/Db/Db.php(20): Cy\Db\AbstractDb->__construct(Array)
#2 /www/Cy/Cy/Mvc/Event/EventStore.php(55): Cy\Db\Db::getInstance(Array)
#3 /www/Cy/Cy/Mvc/Event/EventStore.php(38): Cy\Mvc\Event\EventStore->make('Cy\Db\Db', Array)
#4 /www/Cy/Cy/Mvc/Event/EventRegister.php(50): Cy\Mvc\Event\EventStore->get('Cy\Db\Db', Array)
#5 /www/Cy/Cy/Mvc/Event/Event.php(18): Cy\Mvc\Event\EventRegister->getRegistered('Cy\Db\Db', Array)
#6 /www/Cy/Cy/Mvc/Model/Model.php(17): Cy\Mvc\Event\Event->getRegistered('Cy\Db\Db', Array)
#7 /www/Cy/Cy/Mvc/EventsManager.php(46): Cy\Mvc\Model\Model->__construct()
#8 /www/Cy/Cy/Mvc/EventsManager.php(60): Cy\Mvc\EventsManager->__construct()
#9 /www/Cy/index.php(24): Cy\Mvc\EventsManager::run()
#10 {main} 
[2014-02-11 11:13:54]  FATAL: could not find driver in /www/Cy/Cy/Db/AbstractDb.php on line 60 ErrorCode: 1003 in /www/Cy/Cy/Db/AbstractDb.php on 67 \n\r #0 /www/Cy/Cy/Db/AbstractDb.php(48): Cy\Db\AbstractDb->initDb(Array)
#1 /www/Cy/Cy/Db/Db.php(20): Cy\Db\AbstractDb->__construct(Array)
#2 /www/Cy/Cy/Mvc/Event/EventStore.php(55): Cy\Db\Db::getInstance(Array)
#3 /www/Cy/Cy/Mvc/Event/EventStore.php(38): Cy\Mvc\Event\EventStore->make('Cy\Db\Db', Array)
#4 /www/Cy/Cy/Mvc/Event/EventRegister.php(50): Cy\Mvc\Event\EventStore->get('Cy\Db\Db', Array)
#5 /www/Cy/Cy/Mvc/Event/Event.php(18): Cy\Mvc\Event\EventRegister->getRegistered('Cy\Db\Db', Array)
#6 /www/Cy/Cy/Mvc/Model/Model.php(17): Cy\Mvc\Event\Event->getRegistered('Cy\Db\Db', Array)
#7 /www/Cy/Cy/Mvc/EventsManager.php(46): Cy\Mvc\Model\Model->__construct()
#8 /www/Cy/Cy/Mvc/EventsManager.php(60): Cy\Mvc\EventsManager->__construct()
#9 /www/Cy/index.php(24): Cy\Mvc\EventsManager::run()
#10 {main} 
[2014-02-11 11:13:54]  FATAL: could not find driver in /www/Cy/Cy/Db/AbstractDb.php on line 60 ErrorCode: 1003 in /www/Cy/Cy/Db/AbstractDb.php on 67 \n\r #0 /www/Cy/Cy/Db/AbstractDb.php(48): Cy\Db\AbstractDb->initDb(Array)
#1 /www/Cy/Cy/Db/Db.php(20): Cy\Db\AbstractDb->__construct(Array)
#2 /www/Cy/Cy/Mvc/Event/EventStore.php(55): Cy\Db\Db::getInstance(Array)
#3 /www/Cy/Cy/Mvc/Event/EventStore.php(38): Cy\Mvc\Event\EventStore->make('Cy\Db\Db', Array)
#4 /www/Cy/Cy/Mvc/Event/EventRegister.php(50): Cy\Mvc\Event\EventStore->get('Cy\Db\Db', Array)
#5 /www/Cy/Cy/Mvc/Event/Event.php(18): Cy\Mvc\Event\EventRegister->getRegistered('Cy\Db\Db', Array)
#6 /www/Cy/Cy/Mvc/Model/Model.php(17): Cy\Mvc\Event\Event->getRegistered('Cy\Db\Db', Array)
#7 /www/Cy/Cy/Mvc/EventsManager.php(46): Cy\Mvc\Model\Model->__construct()
#8 /www/Cy/Cy/Mvc/EventsManager.php(60): Cy\Mvc\EventsManager->__construct()
#9 /www/Cy/index.php(24): Cy\Mvc\EventsManager::run()
#10 {main} 
[2014-02-11 11:13:54]  FATAL: could not find driver in /www/Cy/Cy/Db/AbstractDb.php on line 60 ErrorCode: 1003 in /www/Cy/Cy/Db/AbstractDb.php on 67 \n\r #0 /www/Cy/Cy/Db/AbstractDb.php(48): Cy\Db\AbstractDb->initDb(Array)
#1 /www/Cy/Cy/Db/Db.php(20): Cy\Db\AbstractDb->__construct(Array)
#2 /www/Cy/Cy/Mvc/Event/EventStore.php(55): Cy\Db\Db::getInstance(Array)
#3 /www/Cy/Cy/Mvc/Event/EventStore.php(38): Cy\Mvc\Event\EventStore->make('Cy\Db\Db', Array)
#4 /www/Cy/Cy/Mvc/Event/EventRegister.php(50): Cy\Mvc\Event\EventStore->get('Cy\Db\Db', Array)
#5 /www/Cy/Cy/Mvc/Event/Event.php(18): Cy\Mvc\Event\EventRegister->getRegistered('Cy\Db\Db', Array)
#6 /www/Cy/Cy/Mvc/Model/Model.php(17): Cy\Mvc\Event\Event->getRegistered('Cy\Db\Db', Array)
#7 /www/Cy/Cy/Mvc/EventsManager.php(46): Cy\Mvc\Model\Model->__construct()
#8 /www/Cy/Cy/Mvc/EventsManager.php(60): Cy\Mvc\EventsManager->__construct()
#9 /www/Cy/index.php(24): Cy\Mvc\EventsManager::run()
#10 {main} 
[2014-02-11 11:14:04]  FATAL: could not find driver in /www/Cy/Cy/Db/AbstractDb.php on line 60 ErrorCode: 1003 in /www/Cy/Cy/Db/AbstractDb.php on 67 \n\r #0 /www/Cy/Cy/Db/AbstractDb.php(48): Cy\Db\AbstractDb->initDb(Array)
#1 /www/Cy/Cy/Db/Db.php(20): Cy\Db\AbstractDb->__construct(Array)
#2 /www/Cy/Cy/Mvc/Event/EventStore.php(55): Cy\Db\Db::getInstance(Array)
#3 /www/Cy/Cy/Mvc/Event/EventStore.php(38): Cy\Mvc\Event\EventStore->make('Cy\Db\Db', Array)
#4 /www/Cy/Cy/Mvc/Event/EventRegister.php(50): Cy\Mvc\Event\EventStore->get('Cy\Db\Db', Array)
#5 /www/Cy/Cy/Mvc/Event/Event.php(18): Cy\Mvc\Event\EventRegister->getRegistered('Cy\Db\Db', Array)
#6 /www/Cy/Cy/Mvc/Model/Model.php(17): Cy\Mvc\Event\Event->getRegistered('Cy\Db\Db', Array)
#7 /www/Cy/Cy/Mvc/EventsManager.php(46): Cy\Mvc\Model\Model->__construct()
#8 /www/Cy/Cy/Mvc/EventsManager.php(60): Cy\Mvc\EventsManager->__construct()
#9 /www/Cy/index.php(24): Cy\Mvc\EventsManager::run()
#10 {main} 
[2014-02-11 11:14:04]  FATAL: could not find driver in /www/Cy/Cy/Db/AbstractDb.php on line 60 ErrorCode: 1003 in /www/Cy/Cy/Db/AbstractDb.php on 67 \n\r #0 /www/Cy/Cy/Db/AbstractDb.php(48): Cy\Db\AbstractDb->initDb(Array)
#1 /www/Cy/Cy/Db/Db.php(20): Cy\Db\AbstractDb->__construct(Array)
#2 /www/Cy/Cy/Mvc/Event/EventStore.php(55): Cy\Db\Db::getInstance(Array)
#3 /www/Cy/Cy/Mvc/Event/EventStore.php(38): Cy\Mvc\Event\EventStore->make('Cy\Db\Db', Array)
#4 /www/Cy/Cy/Mvc/Event/EventRegister.php(50): Cy\Mvc\Event\EventStore->get('Cy\Db\Db', Array)
#5 /www/Cy/Cy/Mvc/Event/Event.php(18): Cy\Mvc\Event\EventRegister->getRegistered('Cy\Db\Db', Array)
#6 /www/Cy/Cy/Mvc/Model/Model.php(17): Cy\Mvc\Event\Event->getRegistered('Cy\Db\Db', Array)
#7 /www/Cy/Cy/Mvc/EventsManager.php(46): Cy\Mvc\Model\Model->__construct()
#8 /www/Cy/Cy/Mvc/EventsManager.php(60): Cy\Mvc\EventsManager->__construct()
#9 /www/Cy/index.php(24): Cy\Mvc\EventsManager::run()
#10 {main} 
[2014-02-11 11:14:04]  FATAL: could not find driver in /www/Cy/Cy/Db/AbstractDb.php on line 60 ErrorCode: 1003 in /www/Cy/Cy/Db/AbstractDb.php on 67 \n\r #0 /www/Cy/Cy/Db/AbstractDb.php(48): Cy\Db\AbstractDb->initDb(Array)
#1 /www/Cy/Cy/Db/Db.php(20): Cy\Db\AbstractDb->__construct(Array)
#2 /www/Cy/Cy/Mvc/Event/EventStore.php(55): Cy\Db\Db::getInstance(Array)
#3 /www/Cy/Cy/Mvc/Event/EventStore.php(38): Cy\Mvc\Event\EventStore->make('Cy\Db\Db', Array)
#4 /www/Cy/Cy/Mvc/Event/EventRegister.php(50): Cy\Mvc\Event\EventStore->get('Cy\Db\Db', Array)
#5 /www/Cy/Cy/Mvc/Event/Event.php(18): Cy\Mvc\Event\EventRegister->getRegistered('Cy\Db\Db', Array)
#6 /www/Cy/Cy/Mvc/Model/Model.php(17): Cy\Mvc\Event\Event->getRegistered('Cy\Db\Db', Array)
#7 /www/Cy/Cy/Mvc/EventsManager.php(46): Cy\Mvc\Model\Model->__construct()
#8 /www/Cy/Cy/Mvc/EventsManager.php(60): Cy\Mvc\EventsManager->__construct()
#9 /www/Cy/index.php(24): Cy\Mvc\EventsManager::run()
#10 {main} 
[2014-02-11 11:14:04]  FATAL: could not find driver in /www/Cy/Cy/Db/AbstractDb.php on line 60 ErrorCode: 1003 in /www/Cy/Cy/Db/AbstractDb.php on 67 \n\r #0 /www/Cy/Cy/Db/AbstractDb.php(48): Cy\Db\AbstractDb->initDb(Array)
#1 /www/Cy/Cy/Db/Db.php(20): Cy\Db\AbstractDb->__construct(Array)
#2 /www/Cy/Cy/Mvc/Event/EventStore.php(55): Cy\Db\Db::getInstance(Array)
#3 /www/Cy/Cy/Mvc/Event/EventStore.php(38): Cy\Mvc\Event\EventStore->make('Cy\Db\Db', Array)
#4 /www/Cy/Cy/Mvc/Event/EventRegister.php(50): Cy\Mvc\Event\EventStore->get('Cy\Db\Db', Array)
#5 /www/Cy/Cy/Mvc/Event/Event.php(18): Cy\Mvc\Event\EventRegister->getRegistered('Cy\Db\Db', Array)
#6 /www/Cy/Cy/Mvc/Model/Model.php(17): Cy\Mvc\Event\Event->getRegistered('Cy\Db\Db', Array)
#7 /www/Cy/Cy/Mvc/EventsManager.php(46): Cy\Mvc\Model\Model->__construct()
#8 /www/Cy/Cy/Mvc/EventsManager.php(60): Cy\Mvc\EventsManager->__construct()
#9 /www/Cy/index.php(24): Cy\Mvc\EventsManager::run()
#10 {main} 
[2014-02-11 11:15:12]  FATAL: could not find driver in /www/Cy/Cy/Db/AbstractDb.php on line 60 ErrorCode: 1003 in /www/Cy/Cy/Db/AbstractDb.php on 67 \n\r #0 /www/Cy/Cy/Db/AbstractDb.php(48): Cy\Db\AbstractDb->initDb(Array)
#1 /www/Cy/Cy/Db/Db.php(20): Cy\Db\AbstractDb->__construct(Array)
#2 /www/Cy/Cy/Mvc/Event/EventStore.php(55): Cy\Db\Db::getInstance(Array)
#3 /www/Cy/Cy/Mvc/Event/EventStore.php(38): Cy\Mvc\Event\EventStore->make('Cy\Db\Db', Array)
#4 /www/Cy/Cy/Mvc/Event/EventRegister.php(50): Cy\Mvc\Event\EventStore->get('Cy\Db\Db', Array)
#5 /www/Cy/Cy/Mvc/Event/Event.php(18): Cy\Mvc\Event\EventRegister->getRegistered('Cy\Db\Db', Array)
#6 /www/Cy/Cy/Mvc/Model/Model.php(17): Cy\Mvc\Event\Event->getRegistered('Cy\Db\Db', Array)
#7 /www/Cy/Cy/Mvc/EventsManager.php(46): Cy\Mvc\Model\Model->__construct()
#8 /www/Cy/Cy/Mvc/EventsManager.php(60): Cy\Mvc\EventsManager->__construct()
#9 /www/Cy/index.php(24): Cy\Mvc\EventsManager::run()
#10 {main} 
[2014-02-11 11:15:12]  FATAL: could not find driver in /www/Cy/Cy/Db/AbstractDb.php on line 60 ErrorCode: 1003 in /www/Cy/Cy/Db/AbstractDb.php on 67 \n\r #0 /www/Cy/Cy/Db/AbstractDb.php(48): Cy\Db\AbstractDb->initDb(Array)
#1 /www/Cy/Cy/Db/Db.php(20): Cy\Db\AbstractDb->__construct(Array)
#2 /www/Cy/Cy/Mvc/Event/EventStore.php(55): Cy\Db\Db::getInstance(Array)
#3 /www/Cy/Cy/Mvc/Event/EventStore.php(38): Cy\Mvc\Event\EventStore->make('Cy\Db\Db', Array)
#4 /www/Cy/Cy/Mvc/Event/EventRegister.php(50): Cy\Mvc\Event\EventStore->get('Cy\Db\Db', Array)
#5 /www/Cy/Cy/Mvc/Event/Event.php(18): Cy\Mvc\Event\EventRegister->getRegistered('Cy\Db\Db', Array)
#6 /www/Cy/Cy/Mvc/Model/Model.php(17): Cy\Mvc\Event\Event->getRegistered('Cy\Db\Db', Array)
#7 /www/Cy/Cy/Mvc/EventsManager.php(46): Cy\Mvc\Model\Model->__construct()
#8 /www/Cy/Cy/Mvc/EventsManager.php(60): Cy\Mvc\EventsManager->__construct()
#9 /www/Cy/index.php(24): Cy\Mvc\EventsManager::run()
#10 {main} 
[2014-02-11 11:15:12]  FATAL: could not find driver in /www/Cy/Cy/Db/AbstractDb.php on line 60 ErrorCode: 1003 in /www/Cy/Cy/Db/AbstractDb.php on 67 \n\r #0 /www/Cy/Cy/Db/AbstractDb.php(48): Cy\Db\AbstractDb->initDb(Array)
#1 /www/Cy/Cy/Db/Db.php(20): Cy\Db\AbstractDb->__construct(Array)
#2 /www/Cy/Cy/Mvc/Event/EventStore.php(55): Cy\Db\Db::getInstance(Array)
#3 /www/Cy/Cy/Mvc/Event/EventStore.php(38): Cy\Mvc\Event\EventStore->make('Cy\Db\Db', Array)
#4 /www/Cy/Cy/Mvc/Event/EventRegister.php(50): Cy\Mvc\Event\EventStore->get('Cy\Db\Db', Array)
#5 /www/Cy/Cy/Mvc/Event/Event.php(18): Cy\Mvc\Event\EventRegister->getRegistered('Cy\Db\Db', Array)
#6 /www/Cy/Cy/Mvc/Model/Model.php(17): Cy\Mvc\Event\Event->getRegistered('Cy\Db\Db', Array)
#7 /www/Cy/Cy/Mvc/EventsManager.php(46): Cy\Mvc\Model\Model->__construct()
#8 /www/Cy/Cy/Mvc/EventsManager.php(60): Cy\Mvc\EventsManager->__construct()
#9 /www/Cy/index.php(24): Cy\Mvc\EventsManager::run()
#10 {main} 
[2014-02-11 11:15:12]  FATAL: could not find driver in /www/Cy/Cy/Db/AbstractDb.php on line 60 ErrorCode: 1003 in /www/Cy/Cy/Db/AbstractDb.php on 67 \n\r #0 /www/Cy/Cy/Db/AbstractDb.php(48): Cy\Db\AbstractDb->initDb(Array)
#1 /www/Cy/Cy/Db/Db.php(20): Cy\Db\AbstractDb->__construct(Array)
#2 /www/Cy/Cy/Mvc/Event/EventStore.php(55): Cy\Db\Db::getInstance(Array)
#3 /www/Cy/Cy/Mvc/Event/EventStore.php(38): Cy\Mvc\Event\EventStore->make('Cy\Db\Db', Array)
#4 /www/Cy/Cy/Mvc/Event/EventRegister.php(50): Cy\Mvc\Event\EventStore->get('Cy\Db\Db', Array)
#5 /www/Cy/Cy/Mvc/Event/Event.php(18): Cy\Mvc\Event\EventRegister->getRegistered('Cy\Db\Db', Array)
#6 /www/Cy/Cy/Mvc/Model/Model.php(17): Cy\Mvc\Event\Event->getRegistered('Cy\Db\Db', Array)
#7 /www/Cy/Cy/Mvc/EventsManager.php(46): Cy\Mvc\Model\Model->__construct()
#8 /www/Cy/Cy/Mvc/EventsManager.php(60): Cy\Mvc\EventsManager->__construct()
#9 /www/Cy/index.php(24): Cy\Mvc\EventsManager::run()
#10 {main} 
[2014-02-11 11:15:35]  FATAL: could not find driver in /www/Cy/Cy/Db/AbstractDb.php on line 60 ErrorCode: 1003 in /www/Cy/Cy/Db/AbstractDb.php on 67 \n\r #0 /www/Cy/Cy/Db/AbstractDb.php(48): Cy\Db\AbstractDb->initDb(Array)
#1 /www/Cy/Cy/Db/Db.php(20): Cy\Db\AbstractDb->__construct(Array)
#2 /www/Cy/Cy/Mvc/Event/EventStore.php(55): Cy\Db\Db::getInstance(Array)
#3 /www/Cy/Cy/Mvc/Event/EventStore.php(38): Cy\Mvc\Event\EventStore->make('Cy\Db\Db', Array)
#4 /www/Cy/Cy/Mvc/Event/EventRegister.php(50): Cy\Mvc\Event\EventStore->get('Cy\Db\Db', Array)
#5 /www/Cy/Cy/Mvc/Event/Event.php(18): Cy\Mvc\Event\EventRegister->getRegistered('Cy\Db\Db', Array)
#6 /www/Cy/Cy/Mvc/Model/Model.php(17): Cy\Mvc\Event\Event->getRegistered('Cy\Db\Db', Array)
#7 /www/Cy/Cy/Mvc/EventsManager.php(46): Cy\Mvc\Model\Model->__construct()
#8 /www/Cy/Cy/Mvc/EventsManager.php(60): Cy\Mvc\EventsManager->__construct()
#9 /www/Cy/index.php(24): Cy\Mvc\EventsManager::run()
#10 {main} 
[2014-02-11 11:15:35]  FATAL: could not find driver in /www/Cy/Cy/Db/AbstractDb.php on line 60 ErrorCode: 1003 in /www/Cy/Cy/Db/AbstractDb.php on 67 \n\r #0 /www/Cy/Cy/Db/AbstractDb.php(48): Cy\Db\AbstractDb->initDb(Array)
#1 /www/Cy/Cy/Db/Db.php(20): Cy\Db\AbstractDb->__construct(Array)
#2 /www/Cy/Cy/Mvc/Event/EventStore.php(55): Cy\Db\Db::getInstance(Array)
#3 /www/Cy/Cy/Mvc/Event/EventStore.php(38): Cy\Mvc\Event\EventStore->make('Cy\Db\Db', Array)
#4 /www/Cy/Cy/Mvc/Event/EventRegister.php(50): Cy\Mvc\Event\EventStore->get('Cy\Db\Db', Array)
#5 /www/Cy/Cy/Mvc/Event/Event.php(18): Cy\Mvc\Event\EventRegister->getRegistered('Cy\Db\Db', Array)
#6 /www/Cy/Cy/Mvc/Model/Model.php(17): Cy\Mvc\Event\Event->getRegistered('Cy\Db\Db', Array)
#7 /www/Cy/Cy/Mvc/EventsManager.php(46): Cy\Mvc\Model\Model->__construct()
#8 /www/Cy/Cy/Mvc/EventsManager.php(60): Cy\Mvc\EventsManager->__construct()
#9 /www/Cy/index.php(24): Cy\Mvc\EventsManager::run()
#10 {main} 
[2014-02-11 11:15:35]  FATAL: could not find driver in /www/Cy/Cy/Db/AbstractDb.php on line 60 ErrorCode: 1003 in /www/Cy/Cy/Db/AbstractDb.php on 67 \n\r #0 /www/Cy/Cy/Db/AbstractDb.php(48): Cy\Db\AbstractDb->initDb(Array)
#1 /www/Cy/Cy/Db/Db.php(20): Cy\Db\AbstractDb->__construct(Array)
#2 /www/Cy/Cy/Mvc/Event/EventStore.php(55): Cy\Db\Db::getInstance(Array)
#3 /www/Cy/Cy/Mvc/Event/EventStore.php(38): Cy\Mvc\Event\EventStore->make('Cy\Db\Db', Array)
#4 /www/Cy/Cy/Mvc/Event/EventRegister.php(50): Cy\Mvc\Event\EventStore->get('Cy\Db\Db', Array)
#5 /www/Cy/Cy/Mvc/Event/Event.php(18): Cy\Mvc\Event\EventRegister->getRegistered('Cy\Db\Db', Array)
#6 /www/Cy/Cy/Mvc/Model/Model.php(17): Cy\Mvc\Event\Event->getRegistered('Cy\Db\Db', Array)
#7 /www/Cy/Cy/Mvc/EventsManager.php(46): Cy\Mvc\Model\Model->__construct()
#8 /www/Cy/Cy/Mvc/EventsManager.php(60): Cy\Mvc\EventsManager->__construct()
#9 /www/Cy/index.php(24): Cy\Mvc\EventsManager::run()
#10 {main} 
[2014-02-11 11:15:35]  FATAL: could not find driver in /www/Cy/Cy/Db/AbstractDb.php on line 60 ErrorCode: 1003 in /www/Cy/Cy/Db/AbstractDb.php on 67 \n\r #0 /www/Cy/Cy/Db/AbstractDb.php(48): Cy\Db\AbstractDb->initDb(Array)
#1 /www/Cy/Cy/Db/Db.php(20): Cy\Db\AbstractDb->__construct(Array)
#2 /www/Cy/Cy/Mvc/Event/EventStore.php(55): Cy\Db\Db::getInstance(Array)
#3 /www/Cy/Cy/Mvc/Event/EventStore.php(38): Cy\Mvc\Event\EventStore->make('Cy\Db\Db', Array)
#4 /www/Cy/Cy/Mvc/Event/EventRegister.php(50): Cy\Mvc\Event\EventStore->get('Cy\Db\Db', Array)
#5 /www/Cy/Cy/Mvc/Event/Event.php(18): Cy\Mvc\Event\EventRegister->getRegistered('Cy\Db\Db', Array)
#6 /www/Cy/Cy/Mvc/Model/Model.php(17): Cy\Mvc\Event\Event->getRegistered('Cy\Db\Db', Array)
#7 /www/Cy/Cy/Mvc/EventsManager.php(46): Cy\Mvc\Model\Model->__construct()
#8 /www/Cy/Cy/Mvc/EventsManager.php(60): Cy\Mvc\EventsManager->__construct()
#9 /www/Cy/index.php(24): Cy\Mvc\EventsManager::run()
#10 {main} 
[2014-02-11 11:15:48]  FATAL: could not find driver in /www/Cy/Cy/Db/AbstractDb.php on line 60 ErrorCode: 1003 in /www/Cy/Cy/Db/AbstractDb.php on 67 \n\r #0 /www/Cy/Cy/Db/AbstractDb.php(48): Cy\Db\AbstractDb->initDb(Array)
#1 /www/Cy/Cy/Db/Db.php(20): Cy\Db\AbstractDb->__construct(Array)
#2 /www/Cy/Cy/Mvc/Event/EventStore.php(55): Cy\Db\Db::getInstance(Array)
#3 /www/Cy/Cy/Mvc/Event/EventStore.php(38): Cy\Mvc\Event\EventStore->make('Cy\Db\Db', Array)
#4 /www/Cy/Cy/Mvc/Event/EventRegister.php(50): Cy\Mvc\Event\EventStore->get('Cy\Db\Db', Array)
#5 /www/Cy/Cy/Mvc/Event/Event.php(18): Cy\Mvc\Event\EventRegister->getRegistered('Cy\Db\Db', Array)
#6 /www/Cy/Cy/Mvc/Model/Model.php(17): Cy\Mvc\Event\Event->getRegistered('Cy\Db\Db', Array)
#7 /www/Cy/Cy/Mvc/EventsManager.php(46): Cy\Mvc\Model\Model->__construct()
#8 /www/Cy/Cy/Mvc/EventsManager.php(60): Cy\Mvc\EventsManager->__construct()
#9 /www/Cy/index.php(24): Cy\Mvc\EventsManager::run()
#10 {main} 
[2014-02-11 11:15:48]  FATAL: could not find driver in /www/Cy/Cy/Db/AbstractDb.php on line 60 ErrorCode: 1003 in /www/Cy/Cy/Db/AbstractDb.php on 67 \n\r #0 /www/Cy/Cy/Db/AbstractDb.php(48): Cy\Db\AbstractDb->initDb(Array)
#1 /www/Cy/Cy/Db/Db.php(20): Cy\Db\AbstractDb->__construct(Array)
#2 /www/Cy/Cy/Mvc/Event/EventStore.php(55): Cy\Db\Db::getInstance(Array)
#3 /www/Cy/Cy/Mvc/Event/EventStore.php(38): Cy\Mvc\Event\EventStore->make('Cy\Db\Db', Array)
#4 /www/Cy/Cy/Mvc/Event/EventRegister.php(50): Cy\Mvc\Event\EventStore->get('Cy\Db\Db', Array)
#5 /www/Cy/Cy/Mvc/Event/Event.php(18): Cy\Mvc\Event\EventRegister->getRegistered('Cy\Db\Db', Array)
#6 /www/Cy/Cy/Mvc/Model/Model.php(17): Cy\Mvc\Event\Event->getRegistered('Cy\Db\Db', Array)
#7 /www/Cy/Cy/Mvc/EventsManager.php(46): Cy\Mvc\Model\Model->__construct()
#8 /www/Cy/Cy/Mvc/EventsManager.php(60): Cy\Mvc\EventsManager->__construct()
#9 /www/Cy/index.php(24): Cy\Mvc\EventsManager::run()
#10 {main} 
[2014-02-11 11:15:48]  FATAL: could not find driver in /www/Cy/Cy/Db/AbstractDb.php on line 60 ErrorCode: 1003 in /www/Cy/Cy/Db/AbstractDb.php on 67 \n\r #0 /www/Cy/Cy/Db/AbstractDb.php(48): Cy\Db\AbstractDb->initDb(Array)
#1 /www/Cy/Cy/Db/Db.php(20): Cy\Db\AbstractDb->__construct(Array)
#2 /www/Cy/Cy/Mvc/Event/EventStore.php(55): Cy\Db\Db::getInstance(Array)
#3 /www/Cy/Cy/Mvc/Event/EventStore.php(38): Cy\Mvc\Event\EventStore->make('Cy\Db\Db', Array)
#4 /www/Cy/Cy/Mvc/Event/EventRegister.php(50): Cy\Mvc\Event\EventStore->get('Cy\Db\Db', Array)
#5 /www/Cy/Cy/Mvc/Event/Event.php(18): Cy\Mvc\Event\EventRegister->getRegistered('Cy\Db\Db', Array)
#6 /www/Cy/Cy/Mvc/Model/Model.php(17): Cy\Mvc\Event\Event->getRegistered('Cy\Db\Db', Array)
#7 /www/Cy/Cy/Mvc/EventsManager.php(46): Cy\Mvc\Model\Model->__construct()
#8 /www/Cy/Cy/Mvc/EventsManager.php(60): Cy\Mvc\EventsManager->__construct()
#9 /www/Cy/index.php(24): Cy\Mvc\EventsManager::run()
#10 {main} 
[2014-02-11 11:15:48]  FATAL: could not find driver in /www/Cy/Cy/Db/AbstractDb.php on line 60 ErrorCode: 1003 in /www/Cy/Cy/Db/AbstractDb.php on 67 \n\r #0 /www/Cy/Cy/Db/AbstractDb.php(48): Cy\Db\AbstractDb->initDb(Array)
#1 /www/Cy/Cy/Db/Db.php(20): Cy\Db\AbstractDb->__construct(Array)
#2 /www/Cy/Cy/Mvc/Event/EventStore.php(55): Cy\Db\Db::getInstance(Array)
#3 /www/Cy/Cy/Mvc/Event/EventStore.php(38): Cy\Mvc\Event\EventStore->make('Cy\Db\Db', Array)
#4 /www/Cy/Cy/Mvc/Event/EventRegister.php(50): Cy\Mvc\Event\EventStore->get('Cy\Db\Db', Array)
#5 /www/Cy/Cy/Mvc/Event/Event.php(18): Cy\Mvc\Event\EventRegister->getRegistered('Cy\Db\Db', Array)
#6 /www/Cy/Cy/Mvc/Model/Model.php(17): Cy\Mvc\Event\Event->getRegistered('Cy\Db\Db', Array)
#7 /www/Cy/Cy/Mvc/EventsManager.php(46): Cy\Mvc\Model\Model->__construct()
#8 /www/Cy/Cy/Mvc/EventsManager.php(60): Cy\Mvc\EventsManager->__construct()
#9 /www/Cy/index.php(24): Cy\Mvc\EventsManager::run()
#10 {main} 
[2014-02-11 11:17:46]  FATAL: could not find driver in /www/Cy/Cy/Db/AbstractDb.php on line 60 ErrorCode: 1003 in /www/Cy/Cy/Db/AbstractDb.php on 67 \n\r #0 /www/Cy/Cy/Db/AbstractDb.php(48): Cy\Db\AbstractDb->initDb(Array)
#1 /www/Cy/Cy/Db/Db.php(20): Cy\Db\AbstractDb->__construct(Array)
#2 /www/Cy/Cy/Mvc/Event/EventStore.php(55): Cy\Db\Db::getInstance(Array)
#3 /www/Cy/Cy/Mvc/Event/EventStore.php(38): Cy\Mvc\Event\EventStore->make('Cy\Db\Db', Array)
#4 /www/Cy/Cy/Mvc/Event/EventRegister.php(50): Cy\Mvc\Event\EventStore->get('Cy\Db\Db', Array)
#5 /www/Cy/Cy/Mvc/Event/Event.php(18): Cy\Mvc\Event\EventRegister->getRegistered('Cy\Db\Db', Array)
#6 /www/Cy/Cy/Mvc/Model/Model.php(17): Cy\Mvc\Event\Event->getRegistered('Cy\Db\Db', Array)
#7 /www/Cy/Cy/Mvc/EventsManager.php(46): Cy\Mvc\Model\Model->__construct()
#8 /www/Cy/Cy/Mvc/EventsManager.php(60): Cy\Mvc\EventsManager->__construct()
#9 /www/Cy/index.php(24): Cy\Mvc\EventsManager::run()
#10 {main} 
[2014-02-11 11:17:46]  FATAL: could not find driver in /www/Cy/Cy/Db/AbstractDb.php on line 60 ErrorCode: 1003 in /www/Cy/Cy/Db/AbstractDb.php on 67 \n\r #0 /www/Cy/Cy/Db/AbstractDb.php(48): Cy\Db\AbstractDb->initDb(Array)
#1 /www/Cy/Cy/Db/Db.php(20): Cy\Db\AbstractDb->__construct(Array)
#2 /www/Cy/Cy/Mvc/Event/EventStore.php(55): Cy\Db\Db::getInstance(Array)
#3 /www/Cy/Cy/Mvc/Event/EventStore.php(38): Cy\Mvc\Event\EventStore->make('Cy\Db\Db', Array)
#4 /www/Cy/Cy/Mvc/Event/EventRegister.php(50): Cy\Mvc\Event\EventStore->get('Cy\Db\Db', Array)
#5 /www/Cy/Cy/Mvc/Event/Event.php(18): Cy\Mvc\Event\EventRegister->getRegistered('Cy\Db\Db', Array)
#6 /www/Cy/Cy/Mvc/Model/Model.php(17): Cy\Mvc\Event\Event->getRegistered('Cy\Db\Db', Array)
#7 /www/Cy/Cy/Mvc/EventsManager.php(46): Cy\Mvc\Model\Model->__construct()
#8 /www/Cy/Cy/Mvc/EventsManager.php(60): Cy\Mvc\EventsManager->__construct()
#9 /www/Cy/index.php(24): Cy\Mvc\EventsManager::run()
#10 {main} 
[2014-02-11 11:17:46]  FATAL: could not find driver in /www/Cy/Cy/Db/AbstractDb.php on line 60 ErrorCode: 1003 in /www/Cy/Cy/Db/AbstractDb.php on 67 \n\r #0 /www/Cy/Cy/Db/AbstractDb.php(48): Cy\Db\AbstractDb->initDb(Array)
#1 /www/Cy/Cy/Db/Db.php(20): Cy\Db\AbstractDb->__construct(Array)
#2 /www/Cy/Cy/Mvc/Event/EventStore.php(55): Cy\Db\Db::getInstance(Array)
#3 /www/Cy/Cy/Mvc/Event/EventStore.php(38): Cy\Mvc\Event\EventStore->make('Cy\Db\Db', Array)
#4 /www/Cy/Cy/Mvc/Event/EventRegister.php(50): Cy\Mvc\Event\EventStore->get('Cy\Db\Db', Array)
#5 /www/Cy/Cy/Mvc/Event/Event.php(18): Cy\Mvc\Event\EventRegister->getRegistered('Cy\Db\Db', Array)
#6 /www/Cy/Cy/Mvc/Model/Model.php(17): Cy\Mvc\Event\Event->getRegistered('Cy\Db\Db', Array)
#7 /www/Cy/Cy/Mvc/EventsManager.php(46): Cy\Mvc\Model\Model->__construct()
#8 /www/Cy/Cy/Mvc/EventsManager.php(60): Cy\Mvc\EventsManager->__construct()
#9 /www/Cy/index.php(24): Cy\Mvc\EventsManager::run()
#10 {main} 
[2014-02-11 11:17:46]  FATAL: could not find driver in /www/Cy/Cy/Db/AbstractDb.php on line 60 ErrorCode: 1003 in /www/Cy/Cy/Db/AbstractDb.php on 67 \n\r #0 /www/Cy/Cy/Db/AbstractDb.php(48): Cy\Db\AbstractDb->initDb(Array)
#1 /www/Cy/Cy/Db/Db.php(20): Cy\Db\AbstractDb->__construct(Array)
#2 /www/Cy/Cy/Mvc/Event/EventStore.php(55): Cy\Db\Db::getInstance(Array)
#3 /www/Cy/Cy/Mvc/Event/EventStore.php(38): Cy\Mvc\Event\EventStore->make('Cy\Db\Db', Array)
#4 /www/Cy/Cy/Mvc/Event/EventRegister.php(50): Cy\Mvc\Event\EventStore->get('Cy\Db\Db', Array)
#5 /www/Cy/Cy/Mvc/Event/Event.php(18): Cy\Mvc\Event\EventRegister->getRegistered('Cy\Db\Db', Array)
#6 /www/Cy/Cy/Mvc/Model/Model.php(17): Cy\Mvc\Event\Event->getRegistered('Cy\Db\Db', Array)
#7 /www/Cy/Cy/Mvc/EventsManager.php(46): Cy\Mvc\Model\Model->__construct()
#8 /www/Cy/Cy/Mvc/EventsManager.php(60): Cy\Mvc\EventsManager->__construct()
#9 /www/Cy/index.php(24): Cy\Mvc\EventsManager::run()
#10 {main} 
[2014-02-11 11:19:01]  FATAL: could not find driver in /www/Cy/Cy/Db/AbstractDb.php on line 60 ErrorCode: 1003 in /www/Cy/Cy/Db/AbstractDb.php on 67 \n\r #0 /www/Cy/Cy/Db/AbstractDb.php(48): Cy\Db\AbstractDb->initDb(Array)
#1 /www/Cy/Cy/Db/Db.php(20): Cy\Db\AbstractDb->__construct(Array)
#2 /www/Cy/Cy/Mvc/Event/EventStore.php(55): Cy\Db\Db::getInstance(Array)
#3 /www/Cy/Cy/Mvc/Event/EventStore.php(38): Cy\Mvc\Event\EventStore->make('Cy\Db\Db', Array)
#4 /www/Cy/Cy/Mvc/Event/EventRegister.php(50): Cy\Mvc\Event\EventStore->get('Cy\Db\Db', Array)
#5 /www/Cy/Cy/Mvc/Event/Event.php(18): Cy\Mvc\Event\EventRegister->getRegistered('Cy\Db\Db', Array)
#6 /www/Cy/Cy/Mvc/Model/Model.php(17): Cy\Mvc\Event\Event->getRegistered('Cy\Db\Db', Array)
#7 /www/Cy/Cy/Mvc/EventsManager.php(46): Cy\Mvc\Model\Model->__construct()
#8 /www/Cy/Cy/Mvc/EventsManager.php(60): Cy\Mvc\EventsManager->__construct()
#9 /www/Cy/index.php(24): Cy\Mvc\EventsManager::run()
#10 {main} 
[2014-02-11 11:19:01]  FATAL: could not find driver in /www/Cy/Cy/Db/AbstractDb.php on line 60 ErrorCode: 1003 in /www/Cy/Cy/Db/AbstractDb.php on 67 \n\r #0 /www/Cy/Cy/Db/AbstractDb.php(48): Cy\Db\AbstractDb->initDb(Array)
#1 /www/Cy/Cy/Db/Db.php(20): Cy\Db\AbstractDb->__construct(Array)
#2 /www/Cy/Cy/Mvc/Event/EventStore.php(55): Cy\Db\Db::getInstance(Array)
#3 /www/Cy/Cy/Mvc/Event/EventStore.php(38): Cy\Mvc\Event\EventStore->make('Cy\Db\Db', Array)
#4 /www/Cy/Cy/Mvc/Event/EventRegister.php(50): Cy\Mvc\Event\EventStore->get('Cy\Db\Db', Array)
#5 /www/Cy/Cy/Mvc/Event/Event.php(18): Cy\Mvc\Event\EventRegister->getRegistered('Cy\Db\Db', Array)
#6 /www/Cy/Cy/Mvc/Model/Model.php(17): Cy\Mvc\Event\Event->getRegistered('Cy\Db\Db', Array)
#7 /www/Cy/Cy/Mvc/EventsManager.php(46): Cy\Mvc\Model\Model->__construct()
#8 /www/Cy/Cy/Mvc/EventsManager.php(60): Cy\Mvc\EventsManager->__construct()
#9 /www/Cy/index.php(24): Cy\Mvc\EventsManager::run()
#10 {main} 
[2014-02-11 11:19:01]  FATAL: could not find driver in /www/Cy/Cy/Db/AbstractDb.php on line 60 ErrorCode: 1003 in /www/Cy/Cy/Db/AbstractDb.php on 67 \n\r #0 /www/Cy/Cy/Db/AbstractDb.php(48): Cy\Db\AbstractDb->initDb(Array)
#1 /www/Cy/Cy/Db/Db.php(20): Cy\Db\AbstractDb->__construct(Array)
#2 /www/Cy/Cy/Mvc/Event/EventStore.php(55): Cy\Db\Db::getInstance(Array)
#3 /www/Cy/Cy/Mvc/Event/EventStore.php(38): Cy\Mvc\Event\EventStore->make('Cy\Db\Db', Array)
#4 /www/Cy/Cy/Mvc/Event/EventRegister.php(50): Cy\Mvc\Event\EventStore->get('Cy\Db\Db', Array)
#5 /www/Cy/Cy/Mvc/Event/Event.php(18): Cy\Mvc\Event\EventRegister->getRegistered('Cy\Db\Db', Array)
#6 /www/Cy/Cy/Mvc/Model/Model.php(17): Cy\Mvc\Event\Event->getRegistered('Cy\Db\Db', Array)
#7 /www/Cy/Cy/Mvc/EventsManager.php(46): Cy\Mvc\Model\Model->__construct()
#8 /www/Cy/Cy/Mvc/EventsManager.php(60): Cy\Mvc\EventsManager->__construct()
#9 /www/Cy/index.php(24): Cy\Mvc\EventsManager::run()
#10 {main} 
[2014-02-11 11:19:01]  FATAL: could not find driver in /www/Cy/Cy/Db/AbstractDb.php on line 60 ErrorCode: 1003 in /www/Cy/Cy/Db/AbstractDb.php on 67 \n\r #0 /www/Cy/Cy/Db/AbstractDb.php(48): Cy\Db\AbstractDb->initDb(Array)
#1 /www/Cy/Cy/Db/Db.php(20): Cy\Db\AbstractDb->__construct(Array)
#2 /www/Cy/Cy/Mvc/Event/EventStore.php(55): Cy\Db\Db::getInstance(Array)
#3 /www/Cy/Cy/Mvc/Event/EventStore.php(38): Cy\Mvc\Event\EventStore->make('Cy\Db\Db', Array)
#4 /www/Cy/Cy/Mvc/Event/EventRegister.php(50): Cy\Mvc\Event\EventStore->get('Cy\Db\Db', Array)
#5 /www/Cy/Cy/Mvc/Event/Event.php(18): Cy\Mvc\Event\EventRegister->getRegistered('Cy\Db\Db', Array)
#6 /www/Cy/Cy/Mvc/Model/Model.php(17): Cy\Mvc\Event\Event->getRegistered('Cy\Db\Db', Array)
#7 /www/Cy/Cy/Mvc/EventsManager.php(46): Cy\Mvc\Model\Model->__construct()
#8 /www/Cy/Cy/Mvc/EventsManager.php(60): Cy\Mvc\EventsManager->__construct()
#9 /www/Cy/index.php(24): Cy\Mvc\EventsManager::run()
#10 {main} 
[2014-02-11 11:19:03]  FATAL: could not find driver in /www/Cy/Cy/Db/AbstractDb.php on line 60 ErrorCode: 1003 in /www/Cy/Cy/Db/AbstractDb.php on 67 \n\r #0 /www/Cy/Cy/Db/AbstractDb.php(48): Cy\Db\AbstractDb->initDb(Array)
#1 /www/Cy/Cy/Db/Db.php(20): Cy\Db\AbstractDb->__construct(Array)
#2 /www/Cy/Cy/Mvc/Event/EventStore.php(55): Cy\Db\Db::getInstance(Array)
#3 /www/Cy/Cy/Mvc/Event/EventStore.php(38): Cy\Mvc\Event\EventStore->make('Cy\Db\Db', Array)
#4 /www/Cy/Cy/Mvc/Event/EventRegister.php(50): Cy\Mvc\Event\EventStore->get('Cy\Db\Db', Array)
#5 /www/Cy/Cy/Mvc/Event/Event.php(18): Cy\Mvc\Event\EventRegister->getRegistered('Cy\Db\Db', Array)
#6 /www/Cy/Cy/Mvc/Model/Model.php(17): Cy\Mvc\Event\Event->getRegistered('Cy\Db\Db', Array)
#7 /www/Cy/Cy/Mvc/EventsManager.php(46): Cy\Mvc\Model\Model->__construct()
#8 /www/Cy/Cy/Mvc/EventsManager.php(60): Cy\Mvc\EventsManager->__construct()
#9 /www/Cy/index.php(24): Cy\Mvc\EventsManager::run()
#10 {main} 
[2014-02-11 11:19:03]  FATAL: could not find driver in /www/Cy/Cy/Db/AbstractDb.php on line 60 ErrorCode: 1003 in /www/Cy/Cy/Db/AbstractDb.php on 67 \n\r #0 /www/Cy/Cy/Db/AbstractDb.php(48): Cy\Db\AbstractDb->initDb(Array)
#1 /www/Cy/Cy/Db/Db.php(20): Cy\Db\AbstractDb->__construct(Array)
#2 /www/Cy/Cy/Mvc/Event/EventStore.php(55): Cy\Db\Db::getInstance(Array)
#3 /www/Cy/Cy/Mvc/Event/EventStore.php(38): Cy\Mvc\Event\EventStore->make('Cy\Db\Db', Array)
#4 /www/Cy/Cy/Mvc/Event/EventRegister.php(50): Cy\Mvc\Event\EventStore->get('Cy\Db\Db', Array)
#5 /www/Cy/Cy/Mvc/Event/Event.php(18): Cy\Mvc\Event\EventRegister->getRegistered('Cy\Db\Db', Array)
#6 /www/Cy/Cy/Mvc/Model/Model.php(17): Cy\Mvc\Event\Event->getRegistered('Cy\Db\Db', Array)
#7 /www/Cy/Cy/Mvc/EventsManager.php(46): Cy\Mvc\Model\Model->__construct()
#8 /www/Cy/Cy/Mvc/EventsManager.php(60): Cy\Mvc\EventsManager->__construct()
#9 /www/Cy/index.php(24): Cy\Mvc\EventsManager::run()
#10 {main} 
[2014-02-11 11:19:03]  FATAL: could not find driver in /www/Cy/Cy/Db/AbstractDb.php on line 60 ErrorCode: 1003 in /www/Cy/Cy/Db/AbstractDb.php on 67 \n\r #0 /www/Cy/Cy/Db/AbstractDb.php(48): Cy\Db\AbstractDb->initDb(Array)
#1 /www/Cy/Cy/Db/Db.php(20): Cy\Db\AbstractDb->__construct(Array)
#2 /www/Cy/Cy/Mvc/Event/EventStore.php(55): Cy\Db\Db::getInstance(Array)
#3 /www/Cy/Cy/Mvc/Event/EventStore.php(38): Cy\Mvc\Event\EventStore->make('Cy\Db\Db', Array)
#4 /www/Cy/Cy/Mvc/Event/EventRegister.php(50): Cy\Mvc\Event\EventStore->get('Cy\Db\Db', Array)
#5 /www/Cy/Cy/Mvc/Event/Event.php(18): Cy\Mvc\Event\EventRegister->getRegistered('Cy\Db\Db', Array)
#6 /www/Cy/Cy/Mvc/Model/Model.php(17): Cy\Mvc\Event\Event->getRegistered('Cy\Db\Db', Array)
#7 /www/Cy/Cy/Mvc/EventsManager.php(46): Cy\Mvc\Model\Model->__construct()
#8 /www/Cy/Cy/Mvc/EventsManager.php(60): Cy\Mvc\EventsManager->__construct()
#9 /www/Cy/index.php(24): Cy\Mvc\EventsManager::run()
#10 {main} 
[2014-02-11 11:19:03]  FATAL: could not find driver in /www/Cy/Cy/Db/AbstractDb.php on line 60 ErrorCode: 1003 in /www/Cy/Cy/Db/AbstractDb.php on 67 \n\r #0 /www/Cy/Cy/Db/AbstractDb.php(48): Cy\Db\AbstractDb->initDb(Array)
#1 /www/Cy/Cy/Db/Db.php(20): Cy\Db\AbstractDb->__construct(Array)
#2 /www/Cy/Cy/Mvc/Event/EventStore.php(55): Cy\Db\Db::getInstance(Array)
#3 /www/Cy/Cy/Mvc/Event/EventStore.php(38): Cy\Mvc\Event\EventStore->make('Cy\Db\Db', Array)
#4 /www/Cy/Cy/Mvc/Event/EventRegister.php(50): Cy\Mvc\Event\EventStore->get('Cy\Db\Db', Array)
#5 /www/Cy/Cy/Mvc/Event/Event.php(18): Cy\Mvc\Event\EventRegister->getRegistered('Cy\Db\Db', Array)
#6 /www/Cy/Cy/Mvc/Model/Model.php(17): Cy\Mvc\Event\Event->getRegistered('Cy\Db\Db', Array)
#7 /www/Cy/Cy/Mvc/EventsManager.php(46): Cy\Mvc\Model\Model->__construct()
#8 /www/Cy/Cy/Mvc/EventsManager.php(60): Cy\Mvc\EventsManager->__construct()
#9 /www/Cy/index.php(24): Cy\Mvc\EventsManager::run()
#10 {main} 
[2014-02-11 11:22:26]  FATAL: could not find driver in /www/Cy/Cy/Db/AbstractDb.php on line 60 ErrorCode: 1003 in /www/Cy/Cy/Db/AbstractDb.php on 69 \n\r #0 /www/Cy/Cy/Db/AbstractDb.php(48): Cy\Db\AbstractDb->initDb(Array)
#1 /www/Cy/Cy/Db/Db.php(20): Cy\Db\AbstractDb->__construct(Array)
#2 /www/Cy/Cy/Mvc/Event/EventStore.php(55): Cy\Db\Db::getInstance(Array)
#3 /www/Cy/Cy/Mvc/Event/EventStore.php(38): Cy\Mvc\Event\EventStore->make('Cy\Db\Db', Array)
#4 /www/Cy/Cy/Mvc/Event/EventRegister.php(50): Cy\Mvc\Event\EventStore->get('Cy\Db\Db', Array)
#5 /www/Cy/Cy/Mvc/Event/Event.php(18): Cy\Mvc\Event\EventRegister->getRegistered('Cy\Db\Db', Array)
#6 /www/Cy/Cy/Mvc/Model/Model.php(17): Cy\Mvc\Event\Event->getRegistered('Cy\Db\Db', Array)
#7 /www/Cy/Cy/Mvc/EventsManager.php(46): Cy\Mvc\Model\Model->__construct()
#8 /www/Cy/Cy/Mvc/EventsManager.php(60): Cy\Mvc\EventsManager->__construct()
#9 /www/Cy/index.php(24): Cy\Mvc\EventsManager::run()
#10 {main} 
[2014-02-11 11:22:26]  FATAL: could not find driver in /www/Cy/Cy/Db/AbstractDb.php on line 60 ErrorCode: 1003 in /www/Cy/Cy/Db/AbstractDb.php on 69 \n\r #0 /www/Cy/Cy/Db/AbstractDb.php(48): Cy\Db\AbstractDb->initDb(Array)
#1 /www/Cy/Cy/Db/Db.php(20): Cy\Db\AbstractDb->__construct(Array)
#2 /www/Cy/Cy/Mvc/Event/EventStore.php(55): Cy\Db\Db::getInstance(Array)
#3 /www/Cy/Cy/Mvc/Event/EventStore.php(38): Cy\Mvc\Event\EventStore->make('Cy\Db\Db', Array)
#4 /www/Cy/Cy/Mvc/Event/EventRegister.php(50): Cy\Mvc\Event\EventStore->get('Cy\Db\Db', Array)
#5 /www/Cy/Cy/Mvc/Event/Event.php(18): Cy\Mvc\Event\EventRegister->getRegistered('Cy\Db\Db', Array)
#6 /www/Cy/Cy/Mvc/Model/Model.php(17): Cy\Mvc\Event\Event->getRegistered('Cy\Db\Db', Array)
#7 /www/Cy/Cy/Mvc/EventsManager.php(46): Cy\Mvc\Model\Model->__construct()
#8 /www/Cy/Cy/Mvc/EventsManager.php(60): Cy\Mvc\EventsManager->__construct()
#9 /www/Cy/index.php(24): Cy\Mvc\EventsManager::run()
#10 {main} 
[2014-02-11 11:22:26]  FATAL: could not find driver in /www/Cy/Cy/Db/AbstractDb.php on line 60 ErrorCode: 1003 in /www/Cy/Cy/Db/AbstractDb.php on 69 \n\r #0 /www/Cy/Cy/Db/AbstractDb.php(48): Cy\Db\AbstractDb->initDb(Array)
#1 /www/Cy/Cy/Db/Db.php(20): Cy\Db\AbstractDb->__construct(Array)
#2 /www/Cy/Cy/Mvc/Event/EventStore.php(55): Cy\Db\Db::getInstance(Array)
#3 /www/Cy/Cy/Mvc/Event/EventStore.php(38): Cy\Mvc\Event\EventStore->make('Cy\Db\Db', Array)
#4 /www/Cy/Cy/Mvc/Event/EventRegister.php(50): Cy\Mvc\Event\EventStore->get('Cy\Db\Db', Array)
#5 /www/Cy/Cy/Mvc/Event/Event.php(18): Cy\Mvc\Event\EventRegister->getRegistered('Cy\Db\Db', Array)
#6 /www/Cy/Cy/Mvc/Model/Model.php(17): Cy\Mvc\Event\Event->getRegistered('Cy\Db\Db', Array)
#7 /www/Cy/Cy/Mvc/EventsManager.php(46): Cy\Mvc\Model\Model->__construct()
#8 /www/Cy/Cy/Mvc/EventsManager.php(60): Cy\Mvc\EventsManager->__construct()
#9 /www/Cy/index.php(24): Cy\Mvc\EventsManager::run()
#10 {main} 
[2014-02-11 11:22:26]  FATAL: could not find driver in /www/Cy/Cy/Db/AbstractDb.php on line 60 ErrorCode: 1003 in /www/Cy/Cy/Db/AbstractDb.php on 69 \n\r #0 /www/Cy/Cy/Db/AbstractDb.php(48): Cy\Db\AbstractDb->initDb(Array)
#1 /www/Cy/Cy/Db/Db.php(20): Cy\Db\AbstractDb->__construct(Array)
#2 /www/Cy/Cy/Mvc/Event/EventStore.php(55): Cy\Db\Db::getInstance(Array)
#3 /www/Cy/Cy/Mvc/Event/EventStore.php(38): Cy\Mvc\Event\EventStore->make('Cy\Db\Db', Array)
#4 /www/Cy/Cy/Mvc/Event/EventRegister.php(50): Cy\Mvc\Event\EventStore->get('Cy\Db\Db', Array)
#5 /www/Cy/Cy/Mvc/Event/Event.php(18): Cy\Mvc\Event\EventRegister->getRegistered('Cy\Db\Db', Array)
#6 /www/Cy/Cy/Mvc/Model/Model.php(17): Cy\Mvc\Event\Event->getRegistered('Cy\Db\Db', Array)
#7 /www/Cy/Cy/Mvc/EventsManager.php(46): Cy\Mvc\Model\Model->__construct()
#8 /www/Cy/Cy/Mvc/EventsManager.php(60): Cy\Mvc\EventsManager->__construct()
#9 /www/Cy/index.php(24): Cy\Mvc\EventsManager::run()
#10 {main} 
[2014-02-11 11:22:28]  FATAL: could not find driver in /www/Cy/Cy/Db/AbstractDb.php on line 60 ErrorCode: 1003 in /www/Cy/Cy/Db/AbstractDb.php on 69 \n\r #0 /www/Cy/Cy/Db/AbstractDb.php(48): Cy\Db\AbstractDb->initDb(Array)
#1 /www/Cy/Cy/Db/Db.php(20): Cy\Db\AbstractDb->__construct(Array)
#2 /www/Cy/Cy/Mvc/Event/EventStore.php(55): Cy\Db\Db::getInstance(Array)
#3 /www/Cy/Cy/Mvc/Event/EventStore.php(38): Cy\Mvc\Event\EventStore->make('Cy\Db\Db', Array)
#4 /www/Cy/Cy/Mvc/Event/EventRegister.php(50): Cy\Mvc\Event\EventStore->get('Cy\Db\Db', Array)
#5 /www/Cy/Cy/Mvc/Event/Event.php(18): Cy\Mvc\Event\EventRegister->getRegistered('Cy\Db\Db', Array)
#6 /www/Cy/Cy/Mvc/Model/Model.php(17): Cy\Mvc\Event\Event->getRegistered('Cy\Db\Db', Array)
#7 /www/Cy/Cy/Mvc/EventsManager.php(46): Cy\Mvc\Model\Model->__construct()
#8 /www/Cy/Cy/Mvc/EventsManager.php(60): Cy\Mvc\EventsManager->__construct()
#9 /www/Cy/index.php(24): Cy\Mvc\EventsManager::run()
#10 {main} 
[2014-02-11 11:22:28]  FATAL: could not find driver in /www/Cy/Cy/Db/AbstractDb.php on line 60 ErrorCode: 1003 in /www/Cy/Cy/Db/AbstractDb.php on 69 \n\r #0 /www/Cy/Cy/Db/AbstractDb.php(48): Cy\Db\AbstractDb->initDb(Array)
#1 /www/Cy/Cy/Db/Db.php(20): Cy\Db\AbstractDb->__construct(Array)
#2 /www/Cy/Cy/Mvc/Event/EventStore.php(55): Cy\Db\Db::getInstance(Array)
#3 /www/Cy/Cy/Mvc/Event/EventStore.php(38): Cy\Mvc\Event\EventStore->make('Cy\Db\Db', Array)
#4 /www/Cy/Cy/Mvc/Event/EventRegister.php(50): Cy\Mvc\Event\EventStore->get('Cy\Db\Db', Array)
#5 /www/Cy/Cy/Mvc/Event/Event.php(18): Cy\Mvc\Event\EventRegister->getRegistered('Cy\Db\Db', Array)
#6 /www/Cy/Cy/Mvc/Model/Model.php(17): Cy\Mvc\Event\Event->getRegistered('Cy\Db\Db', Array)
#7 /www/Cy/Cy/Mvc/EventsManager.php(46): Cy\Mvc\Model\Model->__construct()
#8 /www/Cy/Cy/Mvc/EventsManager.php(60): Cy\Mvc\EventsManager->__construct()
#9 /www/Cy/index.php(24): Cy\Mvc\EventsManager::run()
#10 {main} 
[2014-02-11 11:22:28]  FATAL: could not find driver in /www/Cy/Cy/Db/AbstractDb.php on line 60 ErrorCode: 1003 in /www/Cy/Cy/Db/AbstractDb.php on 69 \n\r #0 /www/Cy/Cy/Db/AbstractDb.php(48): Cy\Db\AbstractDb->initDb(Array)
#1 /www/Cy/Cy/Db/Db.php(20): Cy\Db\AbstractDb->__construct(Array)
#2 /www/Cy/Cy/Mvc/Event/EventStore.php(55): Cy\Db\Db::getInstance(Array)
#3 /www/Cy/Cy/Mvc/Event/EventStore.php(38): Cy\Mvc\Event\EventStore->make('Cy\Db\Db', Array)
#4 /www/Cy/Cy/Mvc/Event/EventRegister.php(50): Cy\Mvc\Event\EventStore->get('Cy\Db\Db', Array)
#5 /www/Cy/Cy/Mvc/Event/Event.php(18): Cy\Mvc\Event\EventRegister->getRegistered('Cy\Db\Db', Array)
#6 /www/Cy/Cy/Mvc/Model/Model.php(17): Cy\Mvc\Event\Event->getRegistered('Cy\Db\Db', Array)
#7 /www/Cy/Cy/Mvc/EventsManager.php(46): Cy\Mvc\Model\Model->__construct()
#8 /www/Cy/Cy/Mvc/EventsManager.php(60): Cy\Mvc\EventsManager->__construct()
#9 /www/Cy/index.php(24): Cy\Mvc\EventsManager::run()
#10 {main} 
[2014-02-11 11:22:28]  FATAL: could not find driver in /www/Cy/Cy/Db/AbstractDb.php on line 60 ErrorCode: 1003 in /www/Cy/Cy/Db/AbstractDb.php on 69 \n\r #0 /www/Cy/Cy/Db/AbstractDb.php(48): Cy\Db\AbstractDb->initDb(Array)
#1 /www/Cy/Cy/Db/Db.php(20): Cy\Db\AbstractDb->__construct(Array)
#2 /www/Cy/Cy/Mvc/Event/EventStore.php(55): Cy\Db\Db::getInstance(Array)
#3 /www/Cy/Cy/Mvc/Event/EventStore.php(38): Cy\Mvc\Event\EventStore->make('Cy\Db\Db', Array)
#4 /www/Cy/Cy/Mvc/Event/EventRegister.php(50): Cy\Mvc\Event\EventStore->get('Cy\Db\Db', Array)
#5 /www/Cy/Cy/Mvc/Event/Event.php(18): Cy\Mvc\Event\EventRegister->getRegistered('Cy\Db\Db', Array)
#6 /www/Cy/Cy/Mvc/Model/Model.php(17): Cy\Mvc\Event\Event->getRegistered('Cy\Db\Db', Array)
#7 /www/Cy/Cy/Mvc/EventsManager.php(46): Cy\Mvc\Model\Model->__construct()
#8 /www/Cy/Cy/Mvc/EventsManager.php(60): Cy\Mvc\EventsManager->__construct()
#9 /www/Cy/index.php(24): Cy\Mvc\EventsManager::run()
#10 {main} 
[2014-02-11 11:22:44]  FATAL: could not find driver in /www/Cy/Cy/Db/AbstractDb.php on line 61 ErrorCode: 1003 in /www/Cy/Cy/Db/AbstractDb.php on 68 \n\r #0 /www/Cy/Cy/Db/AbstractDb.php(48): Cy\Db\AbstractDb->initDb(Array)
#1 /www/Cy/Cy/Db/Db.php(20): Cy\Db\AbstractDb->__construct(Array)
#2 /www/Cy/Cy/Mvc/Event/EventStore.php(55): Cy\Db\Db::getInstance(Array)
#3 /www/Cy/Cy/Mvc/Event/EventStore.php(38): Cy\Mvc\Event\EventStore->make('Cy\Db\Db', Array)
#4 /www/Cy/Cy/Mvc/Event/EventRegister.php(50): Cy\Mvc\Event\EventStore->get('Cy\Db\Db', Array)
#5 /www/Cy/Cy/Mvc/Event/Event.php(18): Cy\Mvc\Event\EventRegister->getRegistered('Cy\Db\Db', Array)
#6 /www/Cy/Cy/Mvc/Model/Model.php(17): Cy\Mvc\Event\Event->getRegistered('Cy\Db\Db', Array)
#7 /www/Cy/Cy/Mvc/EventsManager.php(46): Cy\Mvc\Model\Model->__construct()
#8 /www/Cy/Cy/Mvc/EventsManager.php(60): Cy\Mvc\EventsManager->__construct()
#9 /www/Cy/index.php(24): Cy\Mvc\EventsManager::run()
#10 {main} 
[2014-02-11 11:22:44]  FATAL: could not find driver in /www/Cy/Cy/Db/AbstractDb.php on line 61 ErrorCode: 1003 in /www/Cy/Cy/Db/AbstractDb.php on 68 \n\r #0 /www/Cy/Cy/Db/AbstractDb.php(48): Cy\Db\AbstractDb->initDb(Array)
#1 /www/Cy/Cy/Db/Db.php(20): Cy\Db\AbstractDb->__construct(Array)
#2 /www/Cy/Cy/Mvc/Event/EventStore.php(55): Cy\Db\Db::getInstance(Array)
#3 /www/Cy/Cy/Mvc/Event/EventStore.php(38): Cy\Mvc\Event\EventStore->make('Cy\Db\Db', Array)
#4 /www/Cy/Cy/Mvc/Event/EventRegister.php(50): Cy\Mvc\Event\EventStore->get('Cy\Db\Db', Array)
#5 /www/Cy/Cy/Mvc/Event/Event.php(18): Cy\Mvc\Event\EventRegister->getRegistered('Cy\Db\Db', Array)
#6 /www/Cy/Cy/Mvc/Model/Model.php(17): Cy\Mvc\Event\Event->getRegistered('Cy\Db\Db', Array)
#7 /www/Cy/Cy/Mvc/EventsManager.php(46): Cy\Mvc\Model\Model->__construct()
#8 /www/Cy/Cy/Mvc/EventsManager.php(60): Cy\Mvc\EventsManager->__construct()
#9 /www/Cy/index.php(24): Cy\Mvc\EventsManager::run()
#10 {main} 
[2014-02-11 11:22:44]  FATAL: could not find driver in /www/Cy/Cy/Db/AbstractDb.php on line 61 ErrorCode: 1003 in /www/Cy/Cy/Db/AbstractDb.php on 68 \n\r #0 /www/Cy/Cy/Db/AbstractDb.php(48): Cy\Db\AbstractDb->initDb(Array)
#1 /www/Cy/Cy/Db/Db.php(20): Cy\Db\AbstractDb->__construct(Array)
#2 /www/Cy/Cy/Mvc/Event/EventStore.php(55): Cy\Db\Db::getInstance(Array)
#3 /www/Cy/Cy/Mvc/Event/EventStore.php(38): Cy\Mvc\Event\EventStore->make('Cy\Db\Db', Array)
#4 /www/Cy/Cy/Mvc/Event/EventRegister.php(50): Cy\Mvc\Event\EventStore->get('Cy\Db\Db', Array)
#5 /www/Cy/Cy/Mvc/Event/Event.php(18): Cy\Mvc\Event\EventRegister->getRegistered('Cy\Db\Db', Array)
#6 /www/Cy/Cy/Mvc/Model/Model.php(17): Cy\Mvc\Event\Event->getRegistered('Cy\Db\Db', Array)
#7 /www/Cy/Cy/Mvc/EventsManager.php(46): Cy\Mvc\Model\Model->__construct()
#8 /www/Cy/Cy/Mvc/EventsManager.php(60): Cy\Mvc\EventsManager->__construct()
#9 /www/Cy/index.php(24): Cy\Mvc\EventsManager::run()
#10 {main} 
[2014-02-11 11:22:44]  FATAL: could not find driver in /www/Cy/Cy/Db/AbstractDb.php on line 61 ErrorCode: 1003 in /www/Cy/Cy/Db/AbstractDb.php on 68 \n\r #0 /www/Cy/Cy/Db/AbstractDb.php(48): Cy\Db\AbstractDb->initDb(Array)
#1 /www/Cy/Cy/Db/Db.php(20): Cy\Db\AbstractDb->__construct(Array)
#2 /www/Cy/Cy/Mvc/Event/EventStore.php(55): Cy\Db\Db::getInstance(Array)
#3 /www/Cy/Cy/Mvc/Event/EventStore.php(38): Cy\Mvc\Event\EventStore->make('Cy\Db\Db', Array)
#4 /www/Cy/Cy/Mvc/Event/EventRegister.php(50): Cy\Mvc\Event\EventStore->get('Cy\Db\Db', Array)
#5 /www/Cy/Cy/Mvc/Event/Event.php(18): Cy\Mvc\Event\EventRegister->getRegistered('Cy\Db\Db', Array)
#6 /www/Cy/Cy/Mvc/Model/Model.php(17): Cy\Mvc\Event\Event->getRegistered('Cy\Db\Db', Array)
#7 /www/Cy/Cy/Mvc/EventsManager.php(46): Cy\Mvc\Model\Model->__construct()
#8 /www/Cy/Cy/Mvc/EventsManager.php(60): Cy\Mvc\EventsManager->__construct()
#9 /www/Cy/index.php(24): Cy\Mvc\EventsManager::run()
#10 {main} 
[2014-02-11 11:23:37]  FATAL: could not find driver in /www/Cy/Cy/Db/AbstractDb.php on line 62 ErrorCode: 1003 in /www/Cy/Cy/Db/AbstractDb.php on 69 \n\r #0 /www/Cy/Cy/Db/AbstractDb.php(48): Cy\Db\AbstractDb->initDb(Array)
#1 /www/Cy/Cy/Db/Db.php(20): Cy\Db\AbstractDb->__construct(Array)
#2 /www/Cy/Cy/Mvc/Event/EventStore.php(55): Cy\Db\Db::getInstance(Array)
#3 /www/Cy/Cy/Mvc/Event/EventStore.php(38): Cy\Mvc\Event\EventStore->make('Cy\Db\Db', Array)
#4 /www/Cy/Cy/Mvc/Event/EventRegister.php(50): Cy\Mvc\Event\EventStore->get('Cy\Db\Db', Array)
#5 /www/Cy/Cy/Mvc/Event/Event.php(18): Cy\Mvc\Event\EventRegister->getRegistered('Cy\Db\Db', Array)
#6 /www/Cy/Cy/Mvc/Model/Model.php(17): Cy\Mvc\Event\Event->getRegistered('Cy\Db\Db', Array)
#7 /www/Cy/Cy/Mvc/EventsManager.php(46): Cy\Mvc\Model\Model->__construct()
#8 /www/Cy/Cy/Mvc/EventsManager.php(60): Cy\Mvc\EventsManager->__construct()
#9 /www/Cy/index.php(24): Cy\Mvc\EventsManager::run()
#10 {main} 
[2014-02-11 11:23:37]  FATAL: could not find driver in /www/Cy/Cy/Db/AbstractDb.php on line 62 ErrorCode: 1003 in /www/Cy/Cy/Db/AbstractDb.php on 69 \n\r #0 /www/Cy/Cy/Db/AbstractDb.php(48): Cy\Db\AbstractDb->initDb(Array)
#1 /www/Cy/Cy/Db/Db.php(20): Cy\Db\AbstractDb->__construct(Array)
#2 /www/Cy/Cy/Mvc/Event/EventStore.php(55): Cy\Db\Db::getInstance(Array)
#3 /www/Cy/Cy/Mvc/Event/EventStore.php(38): Cy\Mvc\Event\EventStore->make('Cy\Db\Db', Array)
#4 /www/Cy/Cy/Mvc/Event/EventRegister.php(50): Cy\Mvc\Event\EventStore->get('Cy\Db\Db', Array)
#5 /www/Cy/Cy/Mvc/Event/Event.php(18): Cy\Mvc\Event\EventRegister->getRegistered('Cy\Db\Db', Array)
#6 /www/Cy/Cy/Mvc/Model/Model.php(17): Cy\Mvc\Event\Event->getRegistered('Cy\Db\Db', Array)
#7 /www/Cy/Cy/Mvc/EventsManager.php(46): Cy\Mvc\Model\Model->__construct()
#8 /www/Cy/Cy/Mvc/EventsManager.php(60): Cy\Mvc\EventsManager->__construct()
#9 /www/Cy/index.php(24): Cy\Mvc\EventsManager::run()
#10 {main} 
[2014-02-11 11:23:37]  FATAL: could not find driver in /www/Cy/Cy/Db/AbstractDb.php on line 62 ErrorCode: 1003 in /www/Cy/Cy/Db/AbstractDb.php on 69 \n\r #0 /www/Cy/Cy/Db/AbstractDb.php(48): Cy\Db\AbstractDb->initDb(Array)
#1 /www/Cy/Cy/Db/Db.php(20): Cy\Db\AbstractDb->__construct(Array)
#2 /www/Cy/Cy/Mvc/Event/EventStore.php(55): Cy\Db\Db::getInstance(Array)
#3 /www/Cy/Cy/Mvc/Event/EventStore.php(38): Cy\Mvc\Event\EventStore->make('Cy\Db\Db', Array)
#4 /www/Cy/Cy/Mvc/Event/EventRegister.php(50): Cy\Mvc\Event\EventStore->get('Cy\Db\Db', Array)
#5 /www/Cy/Cy/Mvc/Event/Event.php(18): Cy\Mvc\Event\EventRegister->getRegistered('Cy\Db\Db', Array)
#6 /www/Cy/Cy/Mvc/Model/Model.php(17): Cy\Mvc\Event\Event->getRegistered('Cy\Db\Db', Array)
#7 /www/Cy/Cy/Mvc/EventsManager.php(46): Cy\Mvc\Model\Model->__construct()
#8 /www/Cy/Cy/Mvc/EventsManager.php(60): Cy\Mvc\EventsManager->__construct()
#9 /www/Cy/index.php(24): Cy\Mvc\EventsManager::run()
#10 {main} 
[2014-02-11 11:23:37]  FATAL: could not find driver in /www/Cy/Cy/Db/AbstractDb.php on line 62 ErrorCode: 1003 in /www/Cy/Cy/Db/AbstractDb.php on 69 \n\r #0 /www/Cy/Cy/Db/AbstractDb.php(48): Cy\Db\AbstractDb->initDb(Array)
#1 /www/Cy/Cy/Db/Db.php(20): Cy\Db\AbstractDb->__construct(Array)
#2 /www/Cy/Cy/Mvc/Event/EventStore.php(55): Cy\Db\Db::getInstance(Array)
#3 /www/Cy/Cy/Mvc/Event/EventStore.php(38): Cy\Mvc\Event\EventStore->make('Cy\Db\Db', Array)
#4 /www/Cy/Cy/Mvc/Event/EventRegister.php(50): Cy\Mvc\Event\EventStore->get('Cy\Db\Db', Array)
#5 /www/Cy/Cy/Mvc/Event/Event.php(18): Cy\Mvc\Event\EventRegister->getRegistered('Cy\Db\Db', Array)
#6 /www/Cy/Cy/Mvc/Model/Model.php(17): Cy\Mvc\Event\Event->getRegistered('Cy\Db\Db', Array)
#7 /www/Cy/Cy/Mvc/EventsManager.php(46): Cy\Mvc\Model\Model->__construct()
#8 /www/Cy/Cy/Mvc/EventsManager.php(60): Cy\Mvc\EventsManager->__construct()
#9 /www/Cy/index.php(24): Cy\Mvc\EventsManager::run()
#10 {main} 
[2014-02-11 11:24:15]  FATAL: could not find driver in /www/Cy/Cy/Db/AbstractDb.php on line 62 ErrorCode: 1003 in /www/Cy/Cy/Db/AbstractDb.php on 69 \n\r #0 /www/Cy/Cy/Db/AbstractDb.php(48): Cy\Db\AbstractDb->initDb(Array)
#1 /www/Cy/Cy/Db/Db.php(20): Cy\Db\AbstractDb->__construct(Array)
#2 /www/Cy/Cy/Mvc/Event/EventStore.php(55): Cy\Db\Db::getInstance(Array)
#3 /www/Cy/Cy/Mvc/Event/EventStore.php(38): Cy\Mvc\Event\EventStore->make('Cy\Db\Db', Array)
#4 /www/Cy/Cy/Mvc/Event/EventRegister.php(50): Cy\Mvc\Event\EventStore->get('Cy\Db\Db', Array)
#5 /www/Cy/Cy/Mvc/Event/Event.php(18): Cy\Mvc\Event\EventRegister->getRegistered('Cy\Db\Db', Array)
#6 /www/Cy/Cy/Mvc/Model/Model.php(17): Cy\Mvc\Event\Event->getRegistered('Cy\Db\Db', Array)
#7 /www/Cy/Cy/Mvc/EventsManager.php(46): Cy\Mvc\Model\Model->__construct()
#8 /www/Cy/Cy/Mvc/EventsManager.php(60): Cy\Mvc\EventsManager->__construct()
#9 /www/Cy/index.php(24): Cy\Mvc\EventsManager::run()
#10 {main} 
[2014-02-11 11:24:15]  FATAL: could not find driver in /www/Cy/Cy/Db/AbstractDb.php on line 62 ErrorCode: 1003 in /www/Cy/Cy/Db/AbstractDb.php on 69 \n\r #0 /www/Cy/Cy/Db/AbstractDb.php(48): Cy\Db\AbstractDb->initDb(Array)
#1 /www/Cy/Cy/Db/Db.php(20): Cy\Db\AbstractDb->__construct(Array)
#2 /www/Cy/Cy/Mvc/Event/EventStore.php(55): Cy\Db\Db::getInstance(Array)
#3 /www/Cy/Cy/Mvc/Event/EventStore.php(38): Cy\Mvc\Event\EventStore->make('Cy\Db\Db', Array)
#4 /www/Cy/Cy/Mvc/Event/EventRegister.php(50): Cy\Mvc\Event\EventStore->get('Cy\Db\Db', Array)
#5 /www/Cy/Cy/Mvc/Event/Event.php(18): Cy\Mvc\Event\EventRegister->getRegistered('Cy\Db\Db', Array)
#6 /www/Cy/Cy/Mvc/Model/Model.php(17): Cy\Mvc\Event\Event->getRegistered('Cy\Db\Db', Array)
#7 /www/Cy/Cy/Mvc/EventsManager.php(46): Cy\Mvc\Model\Model->__construct()
#8 /www/Cy/Cy/Mvc/EventsManager.php(60): Cy\Mvc\EventsManager->__construct()
#9 /www/Cy/index.php(24): Cy\Mvc\EventsManager::run()
#10 {main} 
[2014-02-11 11:24:15]  FATAL: could not find driver in /www/Cy/Cy/Db/AbstractDb.php on line 62 ErrorCode: 1003 in /www/Cy/Cy/Db/AbstractDb.php on 69 \n\r #0 /www/Cy/Cy/Db/AbstractDb.php(48): Cy\Db\AbstractDb->initDb(Array)
#1 /www/Cy/Cy/Db/Db.php(20): Cy\Db\AbstractDb->__construct(Array)
#2 /www/Cy/Cy/Mvc/Event/EventStore.php(55): Cy\Db\Db::getInstance(Array)
#3 /www/Cy/Cy/Mvc/Event/EventStore.php(38): Cy\Mvc\Event\EventStore->make('Cy\Db\Db', Array)
#4 /www/Cy/Cy/Mvc/Event/EventRegister.php(50): Cy\Mvc\Event\EventStore->get('Cy\Db\Db', Array)
#5 /www/Cy/Cy/Mvc/Event/Event.php(18): Cy\Mvc\Event\EventRegister->getRegistered('Cy\Db\Db', Array)
#6 /www/Cy/Cy/Mvc/Model/Model.php(17): Cy\Mvc\Event\Event->getRegistered('Cy\Db\Db', Array)
#7 /www/Cy/Cy/Mvc/EventsManager.php(46): Cy\Mvc\Model\Model->__construct()
#8 /www/Cy/Cy/Mvc/EventsManager.php(60): Cy\Mvc\EventsManager->__construct()
#9 /www/Cy/index.php(24): Cy\Mvc\EventsManager::run()
#10 {main} 
[2014-02-11 11:24:15]  FATAL: could not find driver in /www/Cy/Cy/Db/AbstractDb.php on line 62 ErrorCode: 1003 in /www/Cy/Cy/Db/AbstractDb.php on 69 \n\r #0 /www/Cy/Cy/Db/AbstractDb.php(48): Cy\Db\AbstractDb->initDb(Array)
#1 /www/Cy/Cy/Db/Db.php(20): Cy\Db\AbstractDb->__construct(Array)
#2 /www/Cy/Cy/Mvc/Event/EventStore.php(55): Cy\Db\Db::getInstance(Array)
#3 /www/Cy/Cy/Mvc/Event/EventStore.php(38): Cy\Mvc\Event\EventStore->make('Cy\Db\Db', Array)
#4 /www/Cy/Cy/Mvc/Event/EventRegister.php(50): Cy\Mvc\Event\EventStore->get('Cy\Db\Db', Array)
#5 /www/Cy/Cy/Mvc/Event/Event.php(18): Cy\Mvc\Event\EventRegister->getRegistered('Cy\Db\Db', Array)
#6 /www/Cy/Cy/Mvc/Model/Model.php(17): Cy\Mvc\Event\Event->getRegistered('Cy\Db\Db', Array)
#7 /www/Cy/Cy/Mvc/EventsManager.php(46): Cy\Mvc\Model\Model->__construct()
#8 /www/Cy/Cy/Mvc/EventsManager.php(60): Cy\Mvc\EventsManager->__construct()
#9 /www/Cy/index.php(24): Cy\Mvc\EventsManager::run()
#10 {main} 
[2014-02-11 11:26:08]  FATAL: could not find driver in /www/Cy/Cy/Db/AbstractDb.php on line 62 ErrorCode: 1003 in /www/Cy/Cy/Db/AbstractDb.php on 69 \n\r #0 /www/Cy/Cy/Db/AbstractDb.php(48): Cy\Db\AbstractDb->initDb(Array)
#1 /www/Cy/Cy/Db/Db.php(20): Cy\Db\AbstractDb->__construct(Array)
#2 /www/Cy/Cy/Mvc/Event/EventStore.php(55): Cy\Db\Db::getInstance(Array)
#3 /www/Cy/Cy/Mvc/Event/EventStore.php(38): Cy\Mvc\Event\EventStore->make('Cy\Db\Db', Array)
#4 /www/Cy/Cy/Mvc/Event/EventRegister.php(50): Cy\Mvc\Event\EventStore->get('Cy\Db\Db', Array)
#5 /www/Cy/Cy/Mvc/Event/Event.php(18): Cy\Mvc\Event\EventRegister->getRegistered('Cy\Db\Db', Array)
#6 /www/Cy/Cy/Mvc/Model/Model.php(17): Cy\Mvc\Event\Event->getRegistered('Cy\Db\Db', Array)
#7 /www/Cy/Cy/Mvc/EventsManager.php(46): Cy\Mvc\Model\Model->__construct()
#8 /www/Cy/Cy/Mvc/EventsManager.php(60): Cy\Mvc\EventsManager->__construct()
#9 /www/Cy/index.php(24): Cy\Mvc\EventsManager::run()
#10 {main} 
[2014-02-11 11:26:08]  FATAL: could not find driver in /www/Cy/Cy/Db/AbstractDb.php on line 62 ErrorCode: 1003 in /www/Cy/Cy/Db/AbstractDb.php on 69 \n\r #0 /www/Cy/Cy/Db/AbstractDb.php(48): Cy\Db\AbstractDb->initDb(Array)
#1 /www/Cy/Cy/Db/Db.php(20): Cy\Db\AbstractDb->__construct(Array)
#2 /www/Cy/Cy/Mvc/Event/EventStore.php(55): Cy\Db\Db::getInstance(Array)
#3 /www/Cy/Cy/Mvc/Event/EventStore.php(38): Cy\Mvc\Event\EventStore->make('Cy\Db\Db', Array)
#4 /www/Cy/Cy/Mvc/Event/EventRegister.php(50): Cy\Mvc\Event\EventStore->get('Cy\Db\Db', Array)
#5 /www/Cy/Cy/Mvc/Event/Event.php(18): Cy\Mvc\Event\EventRegister->getRegistered('Cy\Db\Db', Array)
#6 /www/Cy/Cy/Mvc/Model/Model.php(17): Cy\Mvc\Event\Event->getRegistered('Cy\Db\Db', Array)
#7 /www/Cy/Cy/Mvc/EventsManager.php(46): Cy\Mvc\Model\Model->__construct()
#8 /www/Cy/Cy/Mvc/EventsManager.php(60): Cy\Mvc\EventsManager->__construct()
#9 /www/Cy/index.php(24): Cy\Mvc\EventsManager::run()
#10 {main} 
[2014-02-11 11:26:08]  FATAL: could not find driver in /www/Cy/Cy/Db/AbstractDb.php on line 62 ErrorCode: 1003 in /www/Cy/Cy/Db/AbstractDb.php on 69 \n\r #0 /www/Cy/Cy/Db/AbstractDb.php(48): Cy\Db\AbstractDb->initDb(Array)
#1 /www/Cy/Cy/Db/Db.php(20): Cy\Db\AbstractDb->__construct(Array)
#2 /www/Cy/Cy/Mvc/Event/EventStore.php(55): Cy\Db\Db::getInstance(Array)
#3 /www/Cy/Cy/Mvc/Event/EventStore.php(38): Cy\Mvc\Event\EventStore->make('Cy\Db\Db', Array)
#4 /www/Cy/Cy/Mvc/Event/EventRegister.php(50): Cy\Mvc\Event\EventStore->get('Cy\Db\Db', Array)
#5 /www/Cy/Cy/Mvc/Event/Event.php(18): Cy\Mvc\Event\EventRegister->getRegistered('Cy\Db\Db', Array)
#6 /www/Cy/Cy/Mvc/Model/Model.php(17): Cy\Mvc\Event\Event->getRegistered('Cy\Db\Db', Array)
#7 /www/Cy/Cy/Mvc/EventsManager.php(46): Cy\Mvc\Model\Model->__construct()
#8 /www/Cy/Cy/Mvc/EventsManager.php(60): Cy\Mvc\EventsManager->__construct()
#9 /www/Cy/index.php(24): Cy\Mvc\EventsManager::run()
#10 {main} 
[2014-02-11 11:26:08]  FATAL: could not find driver in /www/Cy/Cy/Db/AbstractDb.php on line 62 ErrorCode: 1003 in /www/Cy/Cy/Db/AbstractDb.php on 69 \n\r #0 /www/Cy/Cy/Db/AbstractDb.php(48): Cy\Db\AbstractDb->initDb(Array)
#1 /www/Cy/Cy/Db/Db.php(20): Cy\Db\AbstractDb->__construct(Array)
#2 /www/Cy/Cy/Mvc/Event/EventStore.php(55): Cy\Db\Db::getInstance(Array)
#3 /www/Cy/Cy/Mvc/Event/EventStore.php(38): Cy\Mvc\Event\EventStore->make('Cy\Db\Db', Array)
#4 /www/Cy/Cy/Mvc/Event/EventRegister.php(50): Cy\Mvc\Event\EventStore->get('Cy\Db\Db', Array)
#5 /www/Cy/Cy/Mvc/Event/Event.php(18): Cy\Mvc\Event\EventRegister->getRegistered('Cy\Db\Db', Array)
#6 /www/Cy/Cy/Mvc/Model/Model.php(17): Cy\Mvc\Event\Event->getRegistered('Cy\Db\Db', Array)
#7 /www/Cy/Cy/Mvc/EventsManager.php(46): Cy\Mvc\Model\Model->__construct()
#8 /www/Cy/Cy/Mvc/EventsManager.php(60): Cy\Mvc\EventsManager->__construct()
#9 /www/Cy/index.php(24): Cy\Mvc\EventsManager::run()
#10 {main} 
[2014-02-11 11:27:50]  FATAL: could not find driver in /www/Cy/Cy/Db/AbstractDb.php on line 62 ErrorCode: 1003 in /www/Cy/Cy/Db/AbstractDb.php on 69 \n\r #0 /www/Cy/Cy/Db/AbstractDb.php(48): Cy\Db\AbstractDb->initDb(Array)
#1 /www/Cy/Cy/Db/Db.php(20): Cy\Db\AbstractDb->__construct(Array)
#2 /www/Cy/Cy/Mvc/Event/EventStore.php(55): Cy\Db\Db::getInstance(Array)
#3 /www/Cy/Cy/Mvc/Event/EventStore.php(38): Cy\Mvc\Event\EventStore->make('Cy\Db\Db', Array)
#4 /www/Cy/Cy/Mvc/Event/EventRegister.php(50): Cy\Mvc\Event\EventStore->get('Cy\Db\Db', Array)
#5 /www/Cy/Cy/Mvc/Event/Event.php(18): Cy\Mvc\Event\EventRegister->getRegistered('Cy\Db\Db', Array)
#6 /www/Cy/Cy/Mvc/Model/Model.php(17): Cy\Mvc\Event\Event->getRegistered('Cy\Db\Db', Array)
#7 /www/Cy/Cy/Mvc/EventsManager.php(46): Cy\Mvc\Model\Model->__construct()
#8 /www/Cy/Cy/Mvc/EventsManager.php(60): Cy\Mvc\EventsManager->__construct()
#9 /www/Cy/index.php(24): Cy\Mvc\EventsManager::run()
#10 {main} 
[2014-02-11 11:27:50]  FATAL: could not find driver in /www/Cy/Cy/Db/AbstractDb.php on line 62 ErrorCode: 1003 in /www/Cy/Cy/Db/AbstractDb.php on 69 \n\r #0 /www/Cy/Cy/Db/AbstractDb.php(48): Cy\Db\AbstractDb->initDb(Array)
#1 /www/Cy/Cy/Db/Db.php(20): Cy\Db\AbstractDb->__construct(Array)
#2 /www/Cy/Cy/Mvc/Event/EventStore.php(55): Cy\Db\Db::getInstance(Array)
#3 /www/Cy/Cy/Mvc/Event/EventStore.php(38): Cy\Mvc\Event\EventStore->make('Cy\Db\Db', Array)
#4 /www/Cy/Cy/Mvc/Event/EventRegister.php(50): Cy\Mvc\Event\EventStore->get('Cy\Db\Db', Array)
#5 /www/Cy/Cy/Mvc/Event/Event.php(18): Cy\Mvc\Event\EventRegister->getRegistered('Cy\Db\Db', Array)
#6 /www/Cy/Cy/Mvc/Model/Model.php(17): Cy\Mvc\Event\Event->getRegistered('Cy\Db\Db', Array)
#7 /www/Cy/Cy/Mvc/EventsManager.php(46): Cy\Mvc\Model\Model->__construct()
#8 /www/Cy/Cy/Mvc/EventsManager.php(60): Cy\Mvc\EventsManager->__construct()
#9 /www/Cy/index.php(24): Cy\Mvc\EventsManager::run()
#10 {main} 
[2014-02-11 11:27:50]  FATAL: could not find driver in /www/Cy/Cy/Db/AbstractDb.php on line 62 ErrorCode: 1003 in /www/Cy/Cy/Db/AbstractDb.php on 69 \n\r #0 /www/Cy/Cy/Db/AbstractDb.php(48): Cy\Db\AbstractDb->initDb(Array)
#1 /www/Cy/Cy/Db/Db.php(20): Cy\Db\AbstractDb->__construct(Array)
#2 /www/Cy/Cy/Mvc/Event/EventStore.php(55): Cy\Db\Db::getInstance(Array)
#3 /www/Cy/Cy/Mvc/Event/EventStore.php(38): Cy\Mvc\Event\EventStore->make('Cy\Db\Db', Array)
#4 /www/Cy/Cy/Mvc/Event/EventRegister.php(50): Cy\Mvc\Event\EventStore->get('Cy\Db\Db', Array)
#5 /www/Cy/Cy/Mvc/Event/Event.php(18): Cy\Mvc\Event\EventRegister->getRegistered('Cy\Db\Db', Array)
#6 /www/Cy/Cy/Mvc/Model/Model.php(17): Cy\Mvc\Event\Event->getRegistered('Cy\Db\Db', Array)
#7 /www/Cy/Cy/Mvc/EventsManager.php(46): Cy\Mvc\Model\Model->__construct()
#8 /www/Cy/Cy/Mvc/EventsManager.php(60): Cy\Mvc\EventsManager->__construct()
#9 /www/Cy/index.php(24): Cy\Mvc\EventsManager::run()
#10 {main} 
[2014-02-11 11:27:50]  FATAL: could not find driver in /www/Cy/Cy/Db/AbstractDb.php on line 62 ErrorCode: 1003 in /www/Cy/Cy/Db/AbstractDb.php on 69 \n\r #0 /www/Cy/Cy/Db/AbstractDb.php(48): Cy\Db\AbstractDb->initDb(Array)
#1 /www/Cy/Cy/Db/Db.php(20): Cy\Db\AbstractDb->__construct(Array)
#2 /www/Cy/Cy/Mvc/Event/EventStore.php(55): Cy\Db\Db::getInstance(Array)
#3 /www/Cy/Cy/Mvc/Event/EventStore.php(38): Cy\Mvc\Event\EventStore->make('Cy\Db\Db', Array)
#4 /www/Cy/Cy/Mvc/Event/EventRegister.php(50): Cy\Mvc\Event\EventStore->get('Cy\Db\Db', Array)
#5 /www/Cy/Cy/Mvc/Event/Event.php(18): Cy\Mvc\Event\EventRegister->getRegistered('Cy\Db\Db', Array)
#6 /www/Cy/Cy/Mvc/Model/Model.php(17): Cy\Mvc\Event\Event->getRegistered('Cy\Db\Db', Array)
#7 /www/Cy/Cy/Mvc/EventsManager.php(46): Cy\Mvc\Model\Model->__construct()
#8 /www/Cy/Cy/Mvc/EventsManager.php(60): Cy\Mvc\EventsManager->__construct()
#9 /www/Cy/index.php(24): Cy\Mvc\EventsManager::run()
#10 {main} 
[2014-02-11 11:28:08]  FATAL: could not find driver in /www/Cy/Cy/Db/AbstractDb.php on line 60 ErrorCode: 1003 in /www/Cy/Cy/Db/AbstractDb.php on 68 \n\r #0 /www/Cy/Cy/Db/AbstractDb.php(48): Cy\Db\AbstractDb->initDb(Array)
#1 /www/Cy/Cy/Db/Db.php(20): Cy\Db\AbstractDb->__construct(Array)
#2 /www/Cy/Cy/Mvc/Event/EventStore.php(55): Cy\Db\Db::getInstance(Array)
#3 /www/Cy/Cy/Mvc/Event/EventStore.php(38): Cy\Mvc\Event\EventStore->make('Cy\Db\Db', Array)
#4 /www/Cy/Cy/Mvc/Event/EventRegister.php(50): Cy\Mvc\Event\EventStore->get('Cy\Db\Db', Array)
#5 /www/Cy/Cy/Mvc/Event/Event.php(18): Cy\Mvc\Event\EventRegister->getRegistered('Cy\Db\Db', Array)
#6 /www/Cy/Cy/Mvc/Model/Model.php(17): Cy\Mvc\Event\Event->getRegistered('Cy\Db\Db', Array)
#7 /www/Cy/Cy/Mvc/EventsManager.php(46): Cy\Mvc\Model\Model->__construct()
#8 /www/Cy/Cy/Mvc/EventsManager.php(60): Cy\Mvc\EventsManager->__construct()
#9 /www/Cy/index.php(24): Cy\Mvc\EventsManager::run()
#10 {main} 
[2014-02-11 11:28:08]  FATAL: could not find driver in /www/Cy/Cy/Db/AbstractDb.php on line 60 ErrorCode: 1003 in /www/Cy/Cy/Db/AbstractDb.php on 68 \n\r #0 /www/Cy/Cy/Db/AbstractDb.php(48): Cy\Db\AbstractDb->initDb(Array)
#1 /www/Cy/Cy/Db/Db.php(20): Cy\Db\AbstractDb->__construct(Array)
#2 /www/Cy/Cy/Mvc/Event/EventStore.php(55): Cy\Db\Db::getInstance(Array)
#3 /www/Cy/Cy/Mvc/Event/EventStore.php(38): Cy\Mvc\Event\EventStore->make('Cy\Db\Db', Array)
#4 /www/Cy/Cy/Mvc/Event/EventRegister.php(50): Cy\Mvc\Event\EventStore->get('Cy\Db\Db', Array)
#5 /www/Cy/Cy/Mvc/Event/Event.php(18): Cy\Mvc\Event\EventRegister->getRegistered('Cy\Db\Db', Array)
#6 /www/Cy/Cy/Mvc/Model/Model.php(17): Cy\Mvc\Event\Event->getRegistered('Cy\Db\Db', Array)
#7 /www/Cy/Cy/Mvc/EventsManager.php(46): Cy\Mvc\Model\Model->__construct()
#8 /www/Cy/Cy/Mvc/EventsManager.php(60): Cy\Mvc\EventsManager->__construct()
#9 /www/Cy/index.php(24): Cy\Mvc\EventsManager::run()
#10 {main} 
[2014-02-11 11:28:08]  FATAL: could not find driver in /www/Cy/Cy/Db/AbstractDb.php on line 60 ErrorCode: 1003 in /www/Cy/Cy/Db/AbstractDb.php on 68 \n\r #0 /www/Cy/Cy/Db/AbstractDb.php(48): Cy\Db\AbstractDb->initDb(Array)
#1 /www/Cy/Cy/Db/Db.php(20): Cy\Db\AbstractDb->__construct(Array)
#2 /www/Cy/Cy/Mvc/Event/EventStore.php(55): Cy\Db\Db::getInstance(Array)
#3 /www/Cy/Cy/Mvc/Event/EventStore.php(38): Cy\Mvc\Event\EventStore->make('Cy\Db\Db', Array)
#4 /www/Cy/Cy/Mvc/Event/EventRegister.php(50): Cy\Mvc\Event\EventStore->get('Cy\Db\Db', Array)
#5 /www/Cy/Cy/Mvc/Event/Event.php(18): Cy\Mvc\Event\EventRegister->getRegistered('Cy\Db\Db', Array)
#6 /www/Cy/Cy/Mvc/Model/Model.php(17): Cy\Mvc\Event\Event->getRegistered('Cy\Db\Db', Array)
#7 /www/Cy/Cy/Mvc/EventsManager.php(46): Cy\Mvc\Model\Model->__construct()
#8 /www/Cy/Cy/Mvc/EventsManager.php(60): Cy\Mvc\EventsManager->__construct()
#9 /www/Cy/index.php(24): Cy\Mvc\EventsManager::run()
#10 {main} 
[2014-02-11 11:28:08]  FATAL: could not find driver in /www/Cy/Cy/Db/AbstractDb.php on line 60 ErrorCode: 1003 in /www/Cy/Cy/Db/AbstractDb.php on 68 \n\r #0 /www/Cy/Cy/Db/AbstractDb.php(48): Cy\Db\AbstractDb->initDb(Array)
#1 /www/Cy/Cy/Db/Db.php(20): Cy\Db\AbstractDb->__construct(Array)
#2 /www/Cy/Cy/Mvc/Event/EventStore.php(55): Cy\Db\Db::getInstance(Array)
#3 /www/Cy/Cy/Mvc/Event/EventStore.php(38): Cy\Mvc\Event\EventStore->make('Cy\Db\Db', Array)
#4 /www/Cy/Cy/Mvc/Event/EventRegister.php(50): Cy\Mvc\Event\EventStore->get('Cy\Db\Db', Array)
#5 /www/Cy/Cy/Mvc/Event/Event.php(18): Cy\Mvc\Event\EventRegister->getRegistered('Cy\Db\Db', Array)
#6 /www/Cy/Cy/Mvc/Model/Model.php(17): Cy\Mvc\Event\Event->getRegistered('Cy\Db\Db', Array)
#7 /www/Cy/Cy/Mvc/EventsManager.php(46): Cy\Mvc\Model\Model->__construct()
#8 /www/Cy/Cy/Mvc/EventsManager.php(60): Cy\Mvc\EventsManager->__construct()
#9 /www/Cy/index.php(24): Cy\Mvc\EventsManager::run()
#10 {main} 
[2014-02-11 11:28:35]  FATAL: could not find driver in /www/Cy/Cy/Db/AbstractDb.php on line 62 ErrorCode: 1003 in /www/Cy/Cy/Db/AbstractDb.php on 69 \n\r #0 /www/Cy/Cy/Db/AbstractDb.php(48): Cy\Db\AbstractDb->initDb(Array)
#1 /www/Cy/Cy/Db/Db.php(20): Cy\Db\AbstractDb->__construct(Array)
#2 /www/Cy/Cy/Mvc/Event/EventStore.php(55): Cy\Db\Db::getInstance(Array)
#3 /www/Cy/Cy/Mvc/Event/EventStore.php(38): Cy\Mvc\Event\EventStore->make('Cy\Db\Db', Array)
#4 /www/Cy/Cy/Mvc/Event/EventRegister.php(50): Cy\Mvc\Event\EventStore->get('Cy\Db\Db', Array)
#5 /www/Cy/Cy/Mvc/Event/Event.php(18): Cy\Mvc\Event\EventRegister->getRegistered('Cy\Db\Db', Array)
#6 /www/Cy/Cy/Mvc/Model/Model.php(17): Cy\Mvc\Event\Event->getRegistered('Cy\Db\Db', Array)
#7 /www/Cy/Cy/Mvc/EventsManager.php(46): Cy\Mvc\Model\Model->__construct()
#8 /www/Cy/Cy/Mvc/EventsManager.php(60): Cy\Mvc\EventsManager->__construct()
#9 /www/Cy/index.php(24): Cy\Mvc\EventsManager::run()
#10 {main} 
[2014-02-11 11:28:35]  FATAL: could not find driver in /www/Cy/Cy/Db/AbstractDb.php on line 62 ErrorCode: 1003 in /www/Cy/Cy/Db/AbstractDb.php on 69 \n\r #0 /www/Cy/Cy/Db/AbstractDb.php(48): Cy\Db\AbstractDb->initDb(Array)
#1 /www/Cy/Cy/Db/Db.php(20): Cy\Db\AbstractDb->__construct(Array)
#2 /www/Cy/Cy/Mvc/Event/EventStore.php(55): Cy\Db\Db::getInstance(Array)
#3 /www/Cy/Cy/Mvc/Event/EventStore.php(38): Cy\Mvc\Event\EventStore->make('Cy\Db\Db', Array)
#4 /www/Cy/Cy/Mvc/Event/EventRegister.php(50): Cy\Mvc\Event\EventStore->get('Cy\Db\Db', Array)
#5 /www/Cy/Cy/Mvc/Event/Event.php(18): Cy\Mvc\Event\EventRegister->getRegistered('Cy\Db\Db', Array)
#6 /www/Cy/Cy/Mvc/Model/Model.php(17): Cy\Mvc\Event\Event->getRegistered('Cy\Db\Db', Array)
#7 /www/Cy/Cy/Mvc/EventsManager.php(46): Cy\Mvc\Model\Model->__construct()
#8 /www/Cy/Cy/Mvc/EventsManager.php(60): Cy\Mvc\EventsManager->__construct()
#9 /www/Cy/index.php(24): Cy\Mvc\EventsManager::run()
#10 {main} 
[2014-02-11 11:28:35]  FATAL: could not find driver in /www/Cy/Cy/Db/AbstractDb.php on line 62 ErrorCode: 1003 in /www/Cy/Cy/Db/AbstractDb.php on 69 \n\r #0 /www/Cy/Cy/Db/AbstractDb.php(48): Cy\Db\AbstractDb->initDb(Array)
#1 /www/Cy/Cy/Db/Db.php(20): Cy\Db\AbstractDb->__construct(Array)
#2 /www/Cy/Cy/Mvc/Event/EventStore.php(55): Cy\Db\Db::getInstance(Array)
#3 /www/Cy/Cy/Mvc/Event/EventStore.php(38): Cy\Mvc\Event\EventStore->make('Cy\Db\Db', Array)
#4 /www/Cy/Cy/Mvc/Event/EventRegister.php(50): Cy\Mvc\Event\EventStore->get('Cy\Db\Db', Array)
#5 /www/Cy/Cy/Mvc/Event/Event.php(18): Cy\Mvc\Event\EventRegister->getRegistered('Cy\Db\Db', Array)
#6 /www/Cy/Cy/Mvc/Model/Model.php(17): Cy\Mvc\Event\Event->getRegistered('Cy\Db\Db', Array)
#7 /www/Cy/Cy/Mvc/EventsManager.php(46): Cy\Mvc\Model\Model->__construct()
#8 /www/Cy/Cy/Mvc/EventsManager.php(60): Cy\Mvc\EventsManager->__construct()
#9 /www/Cy/index.php(24): Cy\Mvc\EventsManager::run()
#10 {main} 
[2014-02-11 11:28:35]  FATAL: could not find driver in /www/Cy/Cy/Db/AbstractDb.php on line 62 ErrorCode: 1003 in /www/Cy/Cy/Db/AbstractDb.php on 69 \n\r #0 /www/Cy/Cy/Db/AbstractDb.php(48): Cy\Db\AbstractDb->initDb(Array)
#1 /www/Cy/Cy/Db/Db.php(20): Cy\Db\AbstractDb->__construct(Array)
#2 /www/Cy/Cy/Mvc/Event/EventStore.php(55): Cy\Db\Db::getInstance(Array)
#3 /www/Cy/Cy/Mvc/Event/EventStore.php(38): Cy\Mvc\Event\EventStore->make('Cy\Db\Db', Array)
#4 /www/Cy/Cy/Mvc/Event/EventRegister.php(50): Cy\Mvc\Event\EventStore->get('Cy\Db\Db', Array)
#5 /www/Cy/Cy/Mvc/Event/Event.php(18): Cy\Mvc\Event\EventRegister->getRegistered('Cy\Db\Db', Array)
#6 /www/Cy/Cy/Mvc/Model/Model.php(17): Cy\Mvc\Event\Event->getRegistered('Cy\Db\Db', Array)
#7 /www/Cy/Cy/Mvc/EventsManager.php(46): Cy\Mvc\Model\Model->__construct()
#8 /www/Cy/Cy/Mvc/EventsManager.php(60): Cy\Mvc\EventsManager->__construct()
#9 /www/Cy/index.php(24): Cy\Mvc\EventsManager::run()
#10 {main} 
[2014-02-11 11:34:19]  FATAL: could not find driver in /www/Cy/Cy/Db/AbstractDb.php on line 61 ErrorCode: 1003 in /www/Cy/Cy/Db/AbstractDb.php on 69 \n\r #0 /www/Cy/Cy/Db/AbstractDb.php(48): Cy\Db\AbstractDb->initDb(Array)
#1 /www/Cy/Cy/Db/Db.php(20): Cy\Db\AbstractDb->__construct(Array)
#2 /www/Cy/Cy/Mvc/Event/EventStore.php(55): Cy\Db\Db::getInstance(Array)
#3 /www/Cy/Cy/Mvc/Event/EventStore.php(38): Cy\Mvc\Event\EventStore->make('Cy\Db\Db', Array)
#4 /www/Cy/Cy/Mvc/Event/EventRegister.php(50): Cy\Mvc\Event\EventStore->get('Cy\Db\Db', Array)
#5 /www/Cy/Cy/Mvc/Event/Event.php(18): Cy\Mvc\Event\EventRegister->getRegistered('Cy\Db\Db', Array)
#6 /www/Cy/Cy/Mvc/Model/Model.php(17): Cy\Mvc\Event\Event->getRegistered('Cy\Db\Db', Array)
#7 /www/Cy/Cy/Mvc/EventsManager.php(46): Cy\Mvc\Model\Model->__construct()
#8 /www/Cy/Cy/Mvc/EventsManager.php(60): Cy\Mvc\EventsManager->__construct()
#9 /www/Cy/index.php(24): Cy\Mvc\EventsManager::run()
#10 {main} 
[2014-02-11 11:34:19]  FATAL: could not find driver in /www/Cy/Cy/Db/AbstractDb.php on line 61 ErrorCode: 1003 in /www/Cy/Cy/Db/AbstractDb.php on 69 \n\r #0 /www/Cy/Cy/Db/AbstractDb.php(48): Cy\Db\AbstractDb->initDb(Array)
#1 /www/Cy/Cy/Db/Db.php(20): Cy\Db\AbstractDb->__construct(Array)
#2 /www/Cy/Cy/Mvc/Event/EventStore.php(55): Cy\Db\Db::getInstance(Array)
#3 /www/Cy/Cy/Mvc/Event/EventStore.php(38): Cy\Mvc\Event\EventStore->make('Cy\Db\Db', Array)
#4 /www/Cy/Cy/Mvc/Event/EventRegister.php(50): Cy\Mvc\Event\EventStore->get('Cy\Db\Db', Array)
#5 /www/Cy/Cy/Mvc/Event/Event.php(18): Cy\Mvc\Event\EventRegister->getRegistered('Cy\Db\Db', Array)
#6 /www/Cy/Cy/Mvc/Model/Model.php(17): Cy\Mvc\Event\Event->getRegistered('Cy\Db\Db', Array)
#7 /www/Cy/Cy/Mvc/EventsManager.php(46): Cy\Mvc\Model\Model->__construct()
#8 /www/Cy/Cy/Mvc/EventsManager.php(60): Cy\Mvc\EventsManager->__construct()
#9 /www/Cy/index.php(24): Cy\Mvc\EventsManager::run()
#10 {main} 
[2014-02-11 11:34:19]  FATAL: could not find driver in /www/Cy/Cy/Db/AbstractDb.php on line 61 ErrorCode: 1003 in /www/Cy/Cy/Db/AbstractDb.php on 69 \n\r #0 /www/Cy/Cy/Db/AbstractDb.php(48): Cy\Db\AbstractDb->initDb(Array)
#1 /www/Cy/Cy/Db/Db.php(20): Cy\Db\AbstractDb->__construct(Array)
#2 /www/Cy/Cy/Mvc/Event/EventStore.php(55): Cy\Db\Db::getInstance(Array)
#3 /www/Cy/Cy/Mvc/Event/EventStore.php(38): Cy\Mvc\Event\EventStore->make('Cy\Db\Db', Array)
#4 /www/Cy/Cy/Mvc/Event/EventRegister.php(50): Cy\Mvc\Event\EventStore->get('Cy\Db\Db', Array)
#5 /www/Cy/Cy/Mvc/Event/Event.php(18): Cy\Mvc\Event\EventRegister->getRegistered('Cy\Db\Db', Array)
#6 /www/Cy/Cy/Mvc/Model/Model.php(17): Cy\Mvc\Event\Event->getRegistered('Cy\Db\Db', Array)
#7 /www/Cy/Cy/Mvc/EventsManager.php(46): Cy\Mvc\Model\Model->__construct()
#8 /www/Cy/Cy/Mvc/EventsManager.php(60): Cy\Mvc\EventsManager->__construct()
#9 /www/Cy/index.php(24): Cy\Mvc\EventsManager::run()
#10 {main} 
[2014-02-11 11:34:19]  FATAL: could not find driver in /www/Cy/Cy/Db/AbstractDb.php on line 61 ErrorCode: 1003 in /www/Cy/Cy/Db/AbstractDb.php on 69 \n\r #0 /www/Cy/Cy/Db/AbstractDb.php(48): Cy\Db\AbstractDb->initDb(Array)
#1 /www/Cy/Cy/Db/Db.php(20): Cy\Db\AbstractDb->__construct(Array)
#2 /www/Cy/Cy/Mvc/Event/EventStore.php(55): Cy\Db\Db::getInstance(Array)
#3 /www/Cy/Cy/Mvc/Event/EventStore.php(38): Cy\Mvc\Event\EventStore->make('Cy\Db\Db', Array)
#4 /www/Cy/Cy/Mvc/Event/EventRegister.php(50): Cy\Mvc\Event\EventStore->get('Cy\Db\Db', Array)
#5 /www/Cy/Cy/Mvc/Event/Event.php(18): Cy\Mvc\Event\EventRegister->getRegistered('Cy\Db\Db', Array)
#6 /www/Cy/Cy/Mvc/Model/Model.php(17): Cy\Mvc\Event\Event->getRegistered('Cy\Db\Db', Array)
#7 /www/Cy/Cy/Mvc/EventsManager.php(46): Cy\Mvc\Model\Model->__construct()
#8 /www/Cy/Cy/Mvc/EventsManager.php(60): Cy\Mvc\EventsManager->__construct()
#9 /www/Cy/index.php(24): Cy\Mvc\EventsManager::run()
#10 {main} 
[2014-02-11 12:02:57]  FATAL: could not find driver in /www/Cy/Cy/Db/AbstractDb.php on line 60 ErrorCode: 1003 in /www/Cy/Cy/Db/AbstractDb.php on 67 \n\r #0 /www/Cy/Cy/Db/AbstractDb.php(48): Cy\Db\AbstractDb->initDb(Array)
#1 /www/Cy/Cy/Db/Db.php(20): Cy\Db\AbstractDb->__construct(Array)
#2 /www/Cy/Cy/Mvc/Event/EventStore.php(55): Cy\Db\Db::getInstance(Array)
#3 /www/Cy/Cy/Mvc/Event/EventStore.php(38): Cy\Mvc\Event\EventStore->make('Cy\Db\Db', Array)
#4 /www/Cy/Cy/Mvc/Event/EventRegister.php(50): Cy\Mvc\Event\EventStore->get('Cy\Db\Db', Array)
#5 /www/Cy/Cy/Mvc/Event/Event.php(18): Cy\Mvc\Event\EventRegister->getRegistered('Cy\Db\Db', Array)
#6 /www/Cy/Cy/Mvc/Model/Model.php(17): Cy\Mvc\Event\Event->getRegistered('Cy\Db\Db', Array)
#7 /www/Cy/Cy/Mvc/EventsManager.php(46): Cy\Mvc\Model\Model->__construct()
#8 /www/Cy/Cy/Mvc/EventsManager.php(60): Cy\Mvc\EventsManager->__construct()
#9 /www/Cy/index.php(24): Cy\Mvc\EventsManager::run()
#10 {main} 
[2014-02-11 12:02:57]  FATAL: could not find driver in /www/Cy/Cy/Db/AbstractDb.php on line 60 ErrorCode: 1003 in /www/Cy/Cy/Db/AbstractDb.php on 67 \n\r #0 /www/Cy/Cy/Db/AbstractDb.php(48): Cy\Db\AbstractDb->initDb(Array)
#1 /www/Cy/Cy/Db/Db.php(20): Cy\Db\AbstractDb->__construct(Array)
#2 /www/Cy/Cy/Mvc/Event/EventStore.php(55): Cy\Db\Db::getInstance(Array)
#3 /www/Cy/Cy/Mvc/Event/EventStore.php(38): Cy\Mvc\Event\EventStore->make('Cy\Db\Db', Array)
#4 /www/Cy/Cy/Mvc/Event/EventRegister.php(50): Cy\Mvc\Event\EventStore->get('Cy\Db\Db', Array)
#5 /www/Cy/Cy/Mvc/Event/Event.php(18): Cy\Mvc\Event\EventRegister->getRegistered('Cy\Db\Db', Array)
#6 /www/Cy/Cy/Mvc/Model/Model.php(17): Cy\Mvc\Event\Event->getRegistered('Cy\Db\Db', Array)
#7 /www/Cy/Cy/Mvc/EventsManager.php(46): Cy\Mvc\Model\Model->__construct()
#8 /www/Cy/Cy/Mvc/EventsManager.php(60): Cy\Mvc\EventsManager->__construct()
#9 /www/Cy/index.php(24): Cy\Mvc\EventsManager::run()
#10 {main} 
[2014-02-11 12:02:57]  FATAL: could not find driver in /www/Cy/Cy/Db/AbstractDb.php on line 60 ErrorCode: 1003 in /www/Cy/Cy/Db/AbstractDb.php on 67 \n\r #0 /www/Cy/Cy/Db/AbstractDb.php(48): Cy\Db\AbstractDb->initDb(Array)
#1 /www/Cy/Cy/Db/Db.php(20): Cy\Db\AbstractDb->__construct(Array)
#2 /www/Cy/Cy/Mvc/Event/EventStore.php(55): Cy\Db\Db::getInstance(Array)
#3 /www/Cy/Cy/Mvc/Event/EventStore.php(38): Cy\Mvc\Event\EventStore->make('Cy\Db\Db', Array)
#4 /www/Cy/Cy/Mvc/Event/EventRegister.php(50): Cy\Mvc\Event\EventStore->get('Cy\Db\Db', Array)
#5 /www/Cy/Cy/Mvc/Event/Event.php(18): Cy\Mvc\Event\EventRegister->getRegistered('Cy\Db\Db', Array)
#6 /www/Cy/Cy/Mvc/Model/Model.php(17): Cy\Mvc\Event\Event->getRegistered('Cy\Db\Db', Array)
#7 /www/Cy/Cy/Mvc/EventsManager.php(46): Cy\Mvc\Model\Model->__construct()
#8 /www/Cy/Cy/Mvc/EventsManager.php(60): Cy\Mvc\EventsManager->__construct()
#9 /www/Cy/index.php(24): Cy\Mvc\EventsManager::run()
#10 {main} 
[2014-02-11 12:02:57]  FATAL: could not find driver in /www/Cy/Cy/Db/AbstractDb.php on line 60 ErrorCode: 1003 in /www/Cy/Cy/Db/AbstractDb.php on 67 \n\r #0 /www/Cy/Cy/Db/AbstractDb.php(48): Cy\Db\AbstractDb->initDb(Array)
#1 /www/Cy/Cy/Db/Db.php(20): Cy\Db\AbstractDb->__construct(Array)
#2 /www/Cy/Cy/Mvc/Event/EventStore.php(55): Cy\Db\Db::getInstance(Array)
#3 /www/Cy/Cy/Mvc/Event/EventStore.php(38): Cy\Mvc\Event\EventStore->make('Cy\Db\Db', Array)
#4 /www/Cy/Cy/Mvc/Event/EventRegister.php(50): Cy\Mvc\Event\EventStore->get('Cy\Db\Db', Array)
#5 /www/Cy/Cy/Mvc/Event/Event.php(18): Cy\Mvc\Event\EventRegister->getRegistered('Cy\Db\Db', Array)
#6 /www/Cy/Cy/Mvc/Model/Model.php(17): Cy\Mvc\Event\Event->getRegistered('Cy\Db\Db', Array)
#7 /www/Cy/Cy/Mvc/EventsManager.php(46): Cy\Mvc\Model\Model->__construct()
#8 /www/Cy/Cy/Mvc/EventsManager.php(60): Cy\Mvc\EventsManager->__construct()
#9 /www/Cy/index.php(24): Cy\Mvc\EventsManager::run()
#10 {main} 
