[2014-01-23 13:58:55]  FATAL: could not find driver in /www/Cy/Cy/Db/AbstractDb.php on line 60 ErrorCode: 1003 in /www/Cy/Cy/Db/AbstractDb.php on 67 \n\r #0 /www/Cy/Cy/Db/AbstractDb.php(48): Cy\Db\AbstractDb->initDb(Array)
#1 /www/Cy/Cy/Db/Db.php(20): Cy\Db\AbstractDb->__construct(Array)
#2 /www/Cy/Cy/Mvc/Event/EventStore.php(55): Cy\Db\Db::getInstance(Array)
#3 /www/Cy/Cy/Mvc/Event/EventStore.php(38): Cy\Mvc\Event\EventStore->make('Cy\Db\Db', Array)
#4 /www/Cy/Cy/Mvc/Event/EventRegister.php(50): Cy\Mvc\Event\EventStore->get('Cy\Db\Db', Array)
#5 /www/Cy/Cy/Mvc/Event/Event.php(18): Cy\Mvc\Event\EventRegister->getRegistered('Cy\Db\Db', Array)
#6 /www/Cy/Cy/Mvc/Model/Model.php(17): Cy\Mvc\Event\Event->getRegistered('Cy\Db\Db', Array)
#7 /www/Cy/Cy/Mvc/EventsManager.php(46): Cy\Mvc\Model\Model->__construct()
#8 /www/Cy/Cy/Mvc/EventsManager.php(60): Cy\Mvc\EventsManager->__construct()
#9 /www/Cy/index.php(24): Cy\Mvc\EventsManager::run()
#10 {main} 
[2014-01-23 13:58:55]  FATAL: could not find driver in /www/Cy/Cy/Db/AbstractDb.php on line 60 ErrorCode: 1003 in /www/Cy/Cy/Db/AbstractDb.php on 67 \n\r #0 /www/Cy/Cy/Db/AbstractDb.php(48): Cy\Db\AbstractDb->initDb(Array)
#1 /www/Cy/Cy/Db/Db.php(20): Cy\Db\AbstractDb->__construct(Array)
#2 /www/Cy/Cy/Mvc/Event/EventStore.php(55): Cy\Db\Db::getInstance(Array)
#3 /www/Cy/Cy/Mvc/Event/EventStore.php(38): Cy\Mvc\Event\EventStore->make('Cy\Db\Db', Array)
#4 /www/Cy/Cy/Mvc/Event/EventRegister.php(50): Cy\Mvc\Event\EventStore->get('Cy\Db\Db', Array)
#5 /www/Cy/Cy/Mvc/Event/Event.php(18): Cy\Mvc\Event\EventRegister->getRegistered('Cy\Db\Db', Array)
#6 /www/Cy/Cy/Mvc/Model/Model.php(17): Cy\Mvc\Event\Event->getRegistered('Cy\Db\Db', Array)
#7 /www/Cy/Cy/Mvc/EventsManager.php(46): Cy\Mvc\Model\Model->__construct()
#8 /www/Cy/Cy/Mvc/EventsManager.php(60): Cy\Mvc\EventsManager->__construct()
#9 /www/Cy/index.php(24): Cy\Mvc\EventsManager::run()
#10 {main} 
[2014-01-23 13:58:55]  FATAL: could not find driver in /www/Cy/Cy/Db/AbstractDb.php on line 60 ErrorCode: 1003 in /www/Cy/Cy/Db/AbstractDb.php on 67 \n\r #0 /www/Cy/Cy/Db/AbstractDb.php(48): Cy\Db\AbstractDb->initDb(Array)
#1 /www/Cy/Cy/Db/Db.php(20): Cy\Db\AbstractDb->__construct(Array)
#2 /www/Cy/Cy/Mvc/Event/EventStore.php(55): Cy\Db\Db::getInstance(Array)
#3 /www/Cy/Cy/Mvc/Event/EventStore.php(38): Cy\Mvc\Event\EventStore->make('Cy\Db\Db', Array)
#4 /www/Cy/Cy/Mvc/Event/EventRegister.php(50): Cy\Mvc\Event\EventStore->get('Cy\Db\Db', Array)
#5 /www/Cy/Cy/Mvc/Event/Event.php(18): Cy\Mvc\Event\EventRegister->getRegistered('Cy\Db\Db', Array)
#6 /www/Cy/Cy/Mvc/Model/Model.php(17): Cy\Mvc\Event\Event->getRegistered('Cy\Db\Db', Array)
#7 /www/Cy/Cy/Mvc/EventsManager.php(46): Cy\Mvc\Model\Model->__construct()
#8 /www/Cy/Cy/Mvc/EventsManager.php(60): Cy\Mvc\EventsManager->__construct()
#9 /www/Cy/index.php(24): Cy\Mvc\EventsManager::run()
#10 {main} 
[2014-01-23 13:58:55]  FATAL: could not find driver in /www/Cy/Cy/Db/AbstractDb.php on line 60 ErrorCode: 1003 in /www/Cy/Cy/Db/AbstractDb.php on 67 \n\r #0 /www/Cy/Cy/Db/AbstractDb.php(48): Cy\Db\AbstractDb->initDb(Array)
#1 /www/Cy/Cy/Db/Db.php(20): Cy\Db\AbstractDb->__construct(Array)
#2 /www/Cy/Cy/Mvc/Event/EventStore.php(55): Cy\Db\Db::getInstance(Array)
#3 /www/Cy/Cy/Mvc/Event/EventStore.php(38): Cy\Mvc\Event\EventStore->make('Cy\Db\Db', Array)
#4 /www/Cy/Cy/Mvc/Event/EventRegister.php(50): Cy\Mvc\Event\EventStore->get('Cy\Db\Db', Array)
#5 /www/Cy/Cy/Mvc/Event/Event.php(18): Cy\Mvc\Event\EventRegister->getRegistered('Cy\Db\Db', Array)
#6 /www/Cy/Cy/Mvc/Model/Model.php(17): Cy\Mvc\Event\Event->getRegistered('Cy\Db\Db', Array)
#7 /www/Cy/Cy/Mvc/EventsManager.php(46): Cy\Mvc\Model\Model->__construct()
#8 /www/Cy/Cy/Mvc/EventsManager.php(60): Cy\Mvc\EventsManager->__construct()
#9 /www/Cy/index.php(24): Cy\Mvc\EventsManager::run()
#10 {main} 
[2014-01-23 13:58:56]  FATAL: could not find driver in /www/Cy/Cy/Db/AbstractDb.php on line 60 ErrorCode: 1003 in /www/Cy/Cy/Db/AbstractDb.php on 67 \n\r #0 /www/Cy/Cy/Db/AbstractDb.php(48): Cy\Db\AbstractDb->initDb(Array)
#1 /www/Cy/Cy/Db/Db.php(20): Cy\Db\AbstractDb->__construct(Array)
#2 /www/Cy/Cy/Mvc/Event/EventStore.php(55): Cy\Db\Db::getInstance(Array)
#3 /www/Cy/Cy/Mvc/Event/EventStore.php(38): Cy\Mvc\Event\EventStore->make('Cy\Db\Db', Array)
#4 /www/Cy/Cy/Mvc/Event/EventRegister.php(50): Cy\Mvc\Event\EventStore->get('Cy\Db\Db', Array)
#5 /www/Cy/Cy/Mvc/Event/Event.php(18): Cy\Mvc\Event\EventRegister->getRegistered('Cy\Db\Db', Array)
#6 /www/Cy/Cy/Mvc/Model/Model.php(17): Cy\Mvc\Event\Event->getRegistered('Cy\Db\Db', Array)
#7 /www/Cy/Cy/Mvc/EventsManager.php(46): Cy\Mvc\Model\Model->__construct()
#8 /www/Cy/Cy/Mvc/EventsManager.php(60): Cy\Mvc\EventsManager->__construct()
#9 /www/Cy/index.php(24): Cy\Mvc\EventsManager::run()
#10 {main} 
[2014-01-23 13:58:56]  FATAL: could not find driver in /www/Cy/Cy/Db/AbstractDb.php on line 60 ErrorCode: 1003 in /www/Cy/Cy/Db/AbstractDb.php on 67 \n\r #0 /www/Cy/Cy/Db/AbstractDb.php(48): Cy\Db\AbstractDb->initDb(Array)
#1 /www/Cy/Cy/Db/Db.php(20): Cy\Db\AbstractDb->__construct(Array)
#2 /www/Cy/Cy/Mvc/Event/EventStore.php(55): Cy\Db\Db::getInstance(Array)
#3 /www/Cy/Cy/Mvc/Event/EventStore.php(38): Cy\Mvc\Event\EventStore->make('Cy\Db\Db', Array)
#4 /www/Cy/Cy/Mvc/Event/EventRegister.php(50): Cy\Mvc\Event\EventStore->get('Cy\Db\Db', Array)
#5 /www/Cy/Cy/Mvc/Event/Event.php(18): Cy\Mvc\Event\EventRegister->getRegistered('Cy\Db\Db', Array)
#6 /www/Cy/Cy/Mvc/Model/Model.php(17): Cy\Mvc\Event\Event->getRegistered('Cy\Db\Db', Array)
#7 /www/Cy/Cy/Mvc/EventsManager.php(46): Cy\Mvc\Model\Model->__construct()
#8 /www/Cy/Cy/Mvc/EventsManager.php(60): Cy\Mvc\EventsManager->__construct()
#9 /www/Cy/index.php(24): Cy\Mvc\EventsManager::run()
#10 {main} 
[2014-01-23 13:58:56]  FATAL: could not find driver in /www/Cy/Cy/Db/AbstractDb.php on line 60 ErrorCode: 1003 in /www/Cy/Cy/Db/AbstractDb.php on 67 \n\r #0 /www/Cy/Cy/Db/AbstractDb.php(48): Cy\Db\AbstractDb->initDb(Array)
#1 /www/Cy/Cy/Db/Db.php(20): Cy\Db\AbstractDb->__construct(Array)
#2 /www/Cy/Cy/Mvc/Event/EventStore.php(55): Cy\Db\Db::getInstance(Array)
#3 /www/Cy/Cy/Mvc/Event/EventStore.php(38): Cy\Mvc\Event\EventStore->make('Cy\Db\Db', Array)
#4 /www/Cy/Cy/Mvc/Event/EventRegister.php(50): Cy\Mvc\Event\EventStore->get('Cy\Db\Db', Array)
#5 /www/Cy/Cy/Mvc/Event/Event.php(18): Cy\Mvc\Event\EventRegister->getRegistered('Cy\Db\Db', Array)
#6 /www/Cy/Cy/Mvc/Model/Model.php(17): Cy\Mvc\Event\Event->getRegistered('Cy\Db\Db', Array)
#7 /www/Cy/Cy/Mvc/EventsManager.php(46): Cy\Mvc\Model\Model->__construct()
#8 /www/Cy/Cy/Mvc/EventsManager.php(60): Cy\Mvc\EventsManager->__construct()
#9 /www/Cy/index.php(24): Cy\Mvc\EventsManager::run()
#10 {main} 
[2014-01-23 13:58:56]  FATAL: could not find driver in /www/Cy/Cy/Db/AbstractDb.php on line 60 ErrorCode: 1003 in /www/Cy/Cy/Db/AbstractDb.php on 67 \n\r #0 /www/Cy/Cy/Db/AbstractDb.php(48): Cy\Db\AbstractDb->initDb(Array)
#1 /www/Cy/Cy/Db/Db.php(20): Cy\Db\AbstractDb->__construct(Array)
#2 /www/Cy/Cy/Mvc/Event/EventStore.php(55): Cy\Db\Db::getInstance(Array)
#3 /www/Cy/Cy/Mvc/Event/EventStore.php(38): Cy\Mvc\Event\EventStore->make('Cy\Db\Db', Array)
#4 /www/Cy/Cy/Mvc/Event/EventRegister.php(50): Cy\Mvc\Event\EventStore->get('Cy\Db\Db', Array)
#5 /www/Cy/Cy/Mvc/Event/Event.php(18): Cy\Mvc\Event\EventRegister->getRegistered('Cy\Db\Db', Array)
#6 /www/Cy/Cy/Mvc/Model/Model.php(17): Cy\Mvc\Event\Event->getRegistered('Cy\Db\Db', Array)
#7 /www/Cy/Cy/Mvc/EventsManager.php(46): Cy\Mvc\Model\Model->__construct()
#8 /www/Cy/Cy/Mvc/EventsManager.php(60): Cy\Mvc\EventsManager->__construct()
#9 /www/Cy/index.php(24): Cy\Mvc\EventsManager::run()
#10 {main} 
[2014-01-23 13:59:12]  FATAL: could not find driver in /www/Cy/Cy/Db/AbstractDb.php on line 60 ErrorCode: 1003 in /www/Cy/Cy/Db/AbstractDb.php on 67 \n\r #0 /www/Cy/Cy/Db/AbstractDb.php(48): Cy\Db\AbstractDb->initDb(Array)
#1 /www/Cy/Cy/Db/Db.php(20): Cy\Db\AbstractDb->__construct(Array)
#2 /www/Cy/Cy/Mvc/Event/EventStore.php(55): Cy\Db\Db::getInstance(Array)
#3 /www/Cy/Cy/Mvc/Event/EventStore.php(38): Cy\Mvc\Event\EventStore->make('Cy\Db\Db', Array)
#4 /www/Cy/Cy/Mvc/Event/EventRegister.php(50): Cy\Mvc\Event\EventStore->get('Cy\Db\Db', Array)
#5 /www/Cy/Cy/Mvc/Event/Event.php(18): Cy\Mvc\Event\EventRegister->getRegistered('Cy\Db\Db', Array)
#6 /www/Cy/Cy/Mvc/Model/Model.php(17): Cy\Mvc\Event\Event->getRegistered('Cy\Db\Db', Array)
#7 /www/Cy/Cy/Mvc/EventsManager.php(46): Cy\Mvc\Model\Model->__construct()
#8 /www/Cy/Cy/Mvc/EventsManager.php(60): Cy\Mvc\EventsManager->__construct()
#9 /www/Cy/index.php(24): Cy\Mvc\EventsManager::run()
#10 {main} 
[2014-01-23 13:59:12]  FATAL: could not find driver in /www/Cy/Cy/Db/AbstractDb.php on line 60 ErrorCode: 1003 in /www/Cy/Cy/Db/AbstractDb.php on 67 \n\r #0 /www/Cy/Cy/Db/AbstractDb.php(48): Cy\Db\AbstractDb->initDb(Array)
#1 /www/Cy/Cy/Db/Db.php(20): Cy\Db\AbstractDb->__construct(Array)
#2 /www/Cy/Cy/Mvc/Event/EventStore.php(55): Cy\Db\Db::getInstance(Array)
#3 /www/Cy/Cy/Mvc/Event/EventStore.php(38): Cy\Mvc\Event\EventStore->make('Cy\Db\Db', Array)
#4 /www/Cy/Cy/Mvc/Event/EventRegister.php(50): Cy\Mvc\Event\EventStore->get('Cy\Db\Db', Array)
#5 /www/Cy/Cy/Mvc/Event/Event.php(18): Cy\Mvc\Event\EventRegister->getRegistered('Cy\Db\Db', Array)
#6 /www/Cy/Cy/Mvc/Model/Model.php(17): Cy\Mvc\Event\Event->getRegistered('Cy\Db\Db', Array)
#7 /www/Cy/Cy/Mvc/EventsManager.php(46): Cy\Mvc\Model\Model->__construct()
#8 /www/Cy/Cy/Mvc/EventsManager.php(60): Cy\Mvc\EventsManager->__construct()
#9 /www/Cy/index.php(24): Cy\Mvc\EventsManager::run()
#10 {main} 
[2014-01-23 13:59:12]  FATAL: could not find driver in /www/Cy/Cy/Db/AbstractDb.php on line 60 ErrorCode: 1003 in /www/Cy/Cy/Db/AbstractDb.php on 67 \n\r #0 /www/Cy/Cy/Db/AbstractDb.php(48): Cy\Db\AbstractDb->initDb(Array)
#1 /www/Cy/Cy/Db/Db.php(20): Cy\Db\AbstractDb->__construct(Array)
#2 /www/Cy/Cy/Mvc/Event/EventStore.php(55): Cy\Db\Db::getInstance(Array)
#3 /www/Cy/Cy/Mvc/Event/EventStore.php(38): Cy\Mvc\Event\EventStore->make('Cy\Db\Db', Array)
#4 /www/Cy/Cy/Mvc/Event/EventRegister.php(50): Cy\Mvc\Event\EventStore->get('Cy\Db\Db', Array)
#5 /www/Cy/Cy/Mvc/Event/Event.php(18): Cy\Mvc\Event\EventRegister->getRegistered('Cy\Db\Db', Array)
#6 /www/Cy/Cy/Mvc/Model/Model.php(17): Cy\Mvc\Event\Event->getRegistered('Cy\Db\Db', Array)
#7 /www/Cy/Cy/Mvc/EventsManager.php(46): Cy\Mvc\Model\Model->__construct()
#8 /www/Cy/Cy/Mvc/EventsManager.php(60): Cy\Mvc\EventsManager->__construct()
#9 /www/Cy/index.php(24): Cy\Mvc\EventsManager::run()
#10 {main} 
[2014-01-23 13:59:12]  FATAL: could not find driver in /www/Cy/Cy/Db/AbstractDb.php on line 60 ErrorCode: 1003 in /www/Cy/Cy/Db/AbstractDb.php on 67 \n\r #0 /www/Cy/Cy/Db/AbstractDb.php(48): Cy\Db\AbstractDb->initDb(Array)
#1 /www/Cy/Cy/Db/Db.php(20): Cy\Db\AbstractDb->__construct(Array)
#2 /www/Cy/Cy/Mvc/Event/EventStore.php(55): Cy\Db\Db::getInstance(Array)
#3 /www/Cy/Cy/Mvc/Event/EventStore.php(38): Cy\Mvc\Event\EventStore->make('Cy\Db\Db', Array)
#4 /www/Cy/Cy/Mvc/Event/EventRegister.php(50): Cy\Mvc\Event\EventStore->get('Cy\Db\Db', Array)
#5 /www/Cy/Cy/Mvc/Event/Event.php(18): Cy\Mvc\Event\EventRegister->getRegistered('Cy\Db\Db', Array)
#6 /www/Cy/Cy/Mvc/Model/Model.php(17): Cy\Mvc\Event\Event->getRegistered('Cy\Db\Db', Array)
#7 /www/Cy/Cy/Mvc/EventsManager.php(46): Cy\Mvc\Model\Model->__construct()
#8 /www/Cy/Cy/Mvc/EventsManager.php(60): Cy\Mvc\EventsManager->__construct()
#9 /www/Cy/index.php(24): Cy\Mvc\EventsManager::run()
#10 {main} 
[2014-01-23 16:39:28]  FATAL: could not find driver in /www/Cy/Cy/Db/AbstractDb.php on line 60 ErrorCode: 1003 in /www/Cy/Cy/Db/AbstractDb.php on 67 \n\r #0 /www/Cy/Cy/Db/AbstractDb.php(48): Cy\Db\AbstractDb->initDb(Array)
#1 /www/Cy/Cy/Db/Db.php(20): Cy\Db\AbstractDb->__construct(Array)
#2 /www/Cy/Cy/Mvc/Event/EventStore.php(55): Cy\Db\Db::getInstance(Array)
#3 /www/Cy/Cy/Mvc/Event/EventStore.php(38): Cy\Mvc\Event\EventStore->make('Cy\Db\Db', Array)
#4 /www/Cy/Cy/Mvc/Event/EventRegister.php(50): Cy\Mvc\Event\EventStore->get('Cy\Db\Db', Array)
#5 /www/Cy/Cy/Mvc/Event/Event.php(18): Cy\Mvc\Event\EventRegister->getRegistered('Cy\Db\Db', Array)
#6 /www/Cy/Cy/Mvc/Model/Model.php(17): Cy\Mvc\Event\Event->getRegistered('Cy\Db\Db', Array)
#7 /www/Cy/Cy/Mvc/EventsManager.php(46): Cy\Mvc\Model\Model->__construct()
#8 /www/Cy/Cy/Mvc/EventsManager.php(60): Cy\Mvc\EventsManager->__construct()
#9 /www/Cy/index.php(24): Cy\Mvc\EventsManager::run()
#10 {main} 
[2014-01-23 16:39:28]  FATAL: could not find driver in /www/Cy/Cy/Db/AbstractDb.php on line 60 ErrorCode: 1003 in /www/Cy/Cy/Db/AbstractDb.php on 67 \n\r #0 /www/Cy/Cy/Db/AbstractDb.php(48): Cy\Db\AbstractDb->initDb(Array)
#1 /www/Cy/Cy/Db/Db.php(20): Cy\Db\AbstractDb->__construct(Array)
#2 /www/Cy/Cy/Mvc/Event/EventStore.php(55): Cy\Db\Db::getInstance(Array)
#3 /www/Cy/Cy/Mvc/Event/EventStore.php(38): Cy\Mvc\Event\EventStore->make('Cy\Db\Db', Array)
#4 /www/Cy/Cy/Mvc/Event/EventRegister.php(50): Cy\Mvc\Event\EventStore->get('Cy\Db\Db', Array)
#5 /www/Cy/Cy/Mvc/Event/Event.php(18): Cy\Mvc\Event\EventRegister->getRegistered('Cy\Db\Db', Array)
#6 /www/Cy/Cy/Mvc/Model/Model.php(17): Cy\Mvc\Event\Event->getRegistered('Cy\Db\Db', Array)
#7 /www/Cy/Cy/Mvc/EventsManager.php(46): Cy\Mvc\Model\Model->__construct()
#8 /www/Cy/Cy/Mvc/EventsManager.php(60): Cy\Mvc\EventsManager->__construct()
#9 /www/Cy/index.php(24): Cy\Mvc\EventsManager::run()
#10 {main} 
[2014-01-23 16:39:28]  FATAL: could not find driver in /www/Cy/Cy/Db/AbstractDb.php on line 60 ErrorCode: 1003 in /www/Cy/Cy/Db/AbstractDb.php on 67 \n\r #0 /www/Cy/Cy/Db/AbstractDb.php(48): Cy\Db\AbstractDb->initDb(Array)
#1 /www/Cy/Cy/Db/Db.php(20): Cy\Db\AbstractDb->__construct(Array)
#2 /www/Cy/Cy/Mvc/Event/EventStore.php(55): Cy\Db\Db::getInstance(Array)
#3 /www/Cy/Cy/Mvc/Event/EventStore.php(38): Cy\Mvc\Event\EventStore->make('Cy\Db\Db', Array)
#4 /www/Cy/Cy/Mvc/Event/EventRegister.php(50): Cy\Mvc\Event\EventStore->get('Cy\Db\Db', Array)
#5 /www/Cy/Cy/Mvc/Event/Event.php(18): Cy\Mvc\Event\EventRegister->getRegistered('Cy\Db\Db', Array)
#6 /www/Cy/Cy/Mvc/Model/Model.php(17): Cy\Mvc\Event\Event->getRegistered('Cy\Db\Db', Array)
#7 /www/Cy/Cy/Mvc/EventsManager.php(46): Cy\Mvc\Model\Model->__construct()
#8 /www/Cy/Cy/Mvc/EventsManager.php(60): Cy\Mvc\EventsManager->__construct()
#9 /www/Cy/index.php(24): Cy\Mvc\EventsManager::run()
#10 {main} 
[2014-01-23 16:39:28]  FATAL: could not find driver in /www/Cy/Cy/Db/AbstractDb.php on line 60 ErrorCode: 1003 in /www/Cy/Cy/Db/AbstractDb.php on 67 \n\r #0 /www/Cy/Cy/Db/AbstractDb.php(48): Cy\Db\AbstractDb->initDb(Array)
#1 /www/Cy/Cy/Db/Db.php(20): Cy\Db\AbstractDb->__construct(Array)
#2 /www/Cy/Cy/Mvc/Event/EventStore.php(55): Cy\Db\Db::getInstance(Array)
#3 /www/Cy/Cy/Mvc/Event/EventStore.php(38): Cy\Mvc\Event\EventStore->make('Cy\Db\Db', Array)
#4 /www/Cy/Cy/Mvc/Event/EventRegister.php(50): Cy\Mvc\Event\EventStore->get('Cy\Db\Db', Array)
#5 /www/Cy/Cy/Mvc/Event/Event.php(18): Cy\Mvc\Event\EventRegister->getRegistered('Cy\Db\Db', Array)
#6 /www/Cy/Cy/Mvc/Model/Model.php(17): Cy\Mvc\Event\Event->getRegistered('Cy\Db\Db', Array)
#7 /www/Cy/Cy/Mvc/EventsManager.php(46): Cy\Mvc\Model\Model->__construct()
#8 /www/Cy/Cy/Mvc/EventsManager.php(60): Cy\Mvc\EventsManager->__construct()
#9 /www/Cy/index.php(24): Cy\Mvc\EventsManager::run()
#10 {main} 
[2014-01-23 16:39:28]  FATAL: could not find driver in /www/Cy/Cy/Db/AbstractDb.php on line 60 ErrorCode: 1003 in /www/Cy/Cy/Db/AbstractDb.php on 67 \n\r #0 /www/Cy/Cy/Db/AbstractDb.php(48): Cy\Db\AbstractDb->initDb(Array)
#1 /www/Cy/Cy/Db/Db.php(20): Cy\Db\AbstractDb->__construct(Array)
#2 /www/Cy/Cy/Mvc/Event/EventStore.php(55): Cy\Db\Db::getInstance(Array)
#3 /www/Cy/Cy/Mvc/Event/EventStore.php(38): Cy\Mvc\Event\EventStore->make('Cy\Db\Db', Array)
#4 /www/Cy/Cy/Mvc/Event/EventRegister.php(50): Cy\Mvc\Event\EventStore->get('Cy\Db\Db', Array)
#5 /www/Cy/Cy/Mvc/Event/Event.php(18): Cy\Mvc\Event\EventRegister->getRegistered('Cy\Db\Db', Array)
#6 /www/Cy/Cy/Mvc/Model/Model.php(17): Cy\Mvc\Event\Event->getRegistered('Cy\Db\Db', Array)
#7 /www/Cy/Cy/Mvc/EventsManager.php(46): Cy\Mvc\Model\Model->__construct()
#8 /www/Cy/Cy/Mvc/EventsManager.php(60): Cy\Mvc\EventsManager->__construct()
#9 /www/Cy/index.php(24): Cy\Mvc\EventsManager::run()
#10 {main} 
[2014-01-23 16:39:28]  FATAL: could not find driver in /www/Cy/Cy/Db/AbstractDb.php on line 60 ErrorCode: 1003 in /www/Cy/Cy/Db/AbstractDb.php on 67 \n\r #0 /www/Cy/Cy/Db/AbstractDb.php(48): Cy\Db\AbstractDb->initDb(Array)
#1 /www/Cy/Cy/Db/Db.php(20): Cy\Db\AbstractDb->__construct(Array)
#2 /www/Cy/Cy/Mvc/Event/EventStore.php(55): Cy\Db\Db::getInstance(Array)
#3 /www/Cy/Cy/Mvc/Event/EventStore.php(38): Cy\Mvc\Event\EventStore->make('Cy\Db\Db', Array)
#4 /www/Cy/Cy/Mvc/Event/EventRegister.php(50): Cy\Mvc\Event\EventStore->get('Cy\Db\Db', Array)
#5 /www/Cy/Cy/Mvc/Event/Event.php(18): Cy\Mvc\Event\EventRegister->getRegistered('Cy\Db\Db', Array)
#6 /www/Cy/Cy/Mvc/Model/Model.php(17): Cy\Mvc\Event\Event->getRegistered('Cy\Db\Db', Array)
#7 /www/Cy/Cy/Mvc/EventsManager.php(46): Cy\Mvc\Model\Model->__construct()
#8 /www/Cy/Cy/Mvc/EventsManager.php(60): Cy\Mvc\EventsManager->__construct()
#9 /www/Cy/index.php(24): Cy\Mvc\EventsManager::run()
#10 {main} 
[2014-01-23 16:39:28]  FATAL: could not find driver in /www/Cy/Cy/Db/AbstractDb.php on line 60 ErrorCode: 1003 in /www/Cy/Cy/Db/AbstractDb.php on 67 \n\r #0 /www/Cy/Cy/Db/AbstractDb.php(48): Cy\Db\AbstractDb->initDb(Array)
#1 /www/Cy/Cy/Db/Db.php(20): Cy\Db\AbstractDb->__construct(Array)
#2 /www/Cy/Cy/Mvc/Event/EventStore.php(55): Cy\Db\Db::getInstance(Array)
#3 /www/Cy/Cy/Mvc/Event/EventStore.php(38): Cy\Mvc\Event\EventStore->make('Cy\Db\Db', Array)
#4 /www/Cy/Cy/Mvc/Event/EventRegister.php(50): Cy\Mvc\Event\EventStore->get('Cy\Db\Db', Array)
#5 /www/Cy/Cy/Mvc/Event/Event.php(18): Cy\Mvc\Event\EventRegister->getRegistered('Cy\Db\Db', Array)
#6 /www/Cy/Cy/Mvc/Model/Model.php(17): Cy\Mvc\Event\Event->getRegistered('Cy\Db\Db', Array)
#7 /www/Cy/Cy/Mvc/EventsManager.php(46): Cy\Mvc\Model\Model->__construct()
#8 /www/Cy/Cy/Mvc/EventsManager.php(60): Cy\Mvc\EventsManager->__construct()
#9 /www/Cy/index.php(24): Cy\Mvc\EventsManager::run()
#10 {main} 
[2014-01-23 16:39:28]  FATAL: could not find driver in /www/Cy/Cy/Db/AbstractDb.php on line 60 ErrorCode: 1003 in /www/Cy/Cy/Db/AbstractDb.php on 67 \n\r #0 /www/Cy/Cy/Db/AbstractDb.php(48): Cy\Db\AbstractDb->initDb(Array)
#1 /www/Cy/Cy/Db/Db.php(20): Cy\Db\AbstractDb->__construct(Array)
#2 /www/Cy/Cy/Mvc/Event/EventStore.php(55): Cy\Db\Db::getInstance(Array)
#3 /www/Cy/Cy/Mvc/Event/EventStore.php(38): Cy\Mvc\Event\EventStore->make('Cy\Db\Db', Array)
#4 /www/Cy/Cy/Mvc/Event/EventRegister.php(50): Cy\Mvc\Event\EventStore->get('Cy\Db\Db', Array)
#5 /www/Cy/Cy/Mvc/Event/Event.php(18): Cy\Mvc\Event\EventRegister->getRegistered('Cy\Db\Db', Array)
#6 /www/Cy/Cy/Mvc/Model/Model.php(17): Cy\Mvc\Event\Event->getRegistered('Cy\Db\Db', Array)
#7 /www/Cy/Cy/Mvc/EventsManager.php(46): Cy\Mvc\Model\Model->__construct()
#8 /www/Cy/Cy/Mvc/EventsManager.php(60): Cy\Mvc\EventsManager->__construct()
#9 /www/Cy/index.php(24): Cy\Mvc\EventsManager::run()
#10 {main} 
[2014-01-23 16:42:53]  FATAL: could not find driver in /www/Cy/Cy/Db/AbstractDb.php on line 60 ErrorCode: 1003 in /www/Cy/Cy/Db/AbstractDb.php on 67 \n\r #0 /www/Cy/Cy/Db/AbstractDb.php(48): Cy\Db\AbstractDb->initDb(Array)
#1 /www/Cy/Cy/Db/Db.php(20): Cy\Db\AbstractDb->__construct(Array)
#2 /www/Cy/Cy/Mvc/Event/EventStore.php(55): Cy\Db\Db::getInstance(Array)
#3 /www/Cy/Cy/Mvc/Event/EventStore.php(38): Cy\Mvc\Event\EventStore->make('Cy\Db\Db', Array)
#4 /www/Cy/Cy/Mvc/Event/EventRegister.php(50): Cy\Mvc\Event\EventStore->get('Cy\Db\Db', Array)
#5 /www/Cy/Cy/Mvc/Event/Event.php(18): Cy\Mvc\Event\EventRegister->getRegistered('Cy\Db\Db', Array)
#6 /www/Cy/Cy/Mvc/Model/Model.php(17): Cy\Mvc\Event\Event->getRegistered('Cy\Db\Db', Array)
#7 /www/Cy/Cy/Mvc/EventsManager.php(46): Cy\Mvc\Model\Model->__construct()
#8 /www/Cy/Cy/Mvc/EventsManager.php(60): Cy\Mvc\EventsManager->__construct()
#9 /www/Cy/index.php(24): Cy\Mvc\EventsManager::run()
#10 {main} 
[2014-01-23 16:42:53]  FATAL: could not find driver in /www/Cy/Cy/Db/AbstractDb.php on line 60 ErrorCode: 1003 in /www/Cy/Cy/Db/AbstractDb.php on 67 \n\r #0 /www/Cy/Cy/Db/AbstractDb.php(48): Cy\Db\AbstractDb->initDb(Array)
#1 /www/Cy/Cy/Db/Db.php(20): Cy\Db\AbstractDb->__construct(Array)
#2 /www/Cy/Cy/Mvc/Event/EventStore.php(55): Cy\Db\Db::getInstance(Array)
#3 /www/Cy/Cy/Mvc/Event/EventStore.php(38): Cy\Mvc\Event\EventStore->make('Cy\Db\Db', Array)
#4 /www/Cy/Cy/Mvc/Event/EventRegister.php(50): Cy\Mvc\Event\EventStore->get('Cy\Db\Db', Array)
#5 /www/Cy/Cy/Mvc/Event/Event.php(18): Cy\Mvc\Event\EventRegister->getRegistered('Cy\Db\Db', Array)
#6 /www/Cy/Cy/Mvc/Model/Model.php(17): Cy\Mvc\Event\Event->getRegistered('Cy\Db\Db', Array)
#7 /www/Cy/Cy/Mvc/EventsManager.php(46): Cy\Mvc\Model\Model->__construct()
#8 /www/Cy/Cy/Mvc/EventsManager.php(60): Cy\Mvc\EventsManager->__construct()
#9 /www/Cy/index.php(24): Cy\Mvc\EventsManager::run()
#10 {main} 
[2014-01-23 16:42:53]  FATAL: could not find driver in /www/Cy/Cy/Db/AbstractDb.php on line 60 ErrorCode: 1003 in /www/Cy/Cy/Db/AbstractDb.php on 67 \n\r #0 /www/Cy/Cy/Db/AbstractDb.php(48): Cy\Db\AbstractDb->initDb(Array)
#1 /www/Cy/Cy/Db/Db.php(20): Cy\Db\AbstractDb->__construct(Array)
#2 /www/Cy/Cy/Mvc/Event/EventStore.php(55): Cy\Db\Db::getInstance(Array)
#3 /www/Cy/Cy/Mvc/Event/EventStore.php(38): Cy\Mvc\Event\EventStore->make('Cy\Db\Db', Array)
#4 /www/Cy/Cy/Mvc/Event/EventRegister.php(50): Cy\Mvc\Event\EventStore->get('Cy\Db\Db', Array)
#5 /www/Cy/Cy/Mvc/Event/Event.php(18): Cy\Mvc\Event\EventRegister->getRegistered('Cy\Db\Db', Array)
#6 /www/Cy/Cy/Mvc/Model/Model.php(17): Cy\Mvc\Event\Event->getRegistered('Cy\Db\Db', Array)
#7 /www/Cy/Cy/Mvc/EventsManager.php(46): Cy\Mvc\Model\Model->__construct()
#8 /www/Cy/Cy/Mvc/EventsManager.php(60): Cy\Mvc\EventsManager->__construct()
#9 /www/Cy/index.php(24): Cy\Mvc\EventsManager::run()
#10 {main} 
[2014-01-23 16:42:53]  FATAL: could not find driver in /www/Cy/Cy/Db/AbstractDb.php on line 60 ErrorCode: 1003 in /www/Cy/Cy/Db/AbstractDb.php on 67 \n\r #0 /www/Cy/Cy/Db/AbstractDb.php(48): Cy\Db\AbstractDb->initDb(Array)
#1 /www/Cy/Cy/Db/Db.php(20): Cy\Db\AbstractDb->__construct(Array)
#2 /www/Cy/Cy/Mvc/Event/EventStore.php(55): Cy\Db\Db::getInstance(Array)
#3 /www/Cy/Cy/Mvc/Event/EventStore.php(38): Cy\Mvc\Event\EventStore->make('Cy\Db\Db', Array)
#4 /www/Cy/Cy/Mvc/Event/EventRegister.php(50): Cy\Mvc\Event\EventStore->get('Cy\Db\Db', Array)
#5 /www/Cy/Cy/Mvc/Event/Event.php(18): Cy\Mvc\Event\EventRegister->getRegistered('Cy\Db\Db', Array)
#6 /www/Cy/Cy/Mvc/Model/Model.php(17): Cy\Mvc\Event\Event->getRegistered('Cy\Db\Db', Array)
#7 /www/Cy/Cy/Mvc/EventsManager.php(46): Cy\Mvc\Model\Model->__construct()
#8 /www/Cy/Cy/Mvc/EventsManager.php(60): Cy\Mvc\EventsManager->__construct()
#9 /www/Cy/index.php(24): Cy\Mvc\EventsManager::run()
#10 {main} 
[2014-01-23 16:42:53]  FATAL: could not find driver in /www/Cy/Cy/Db/AbstractDb.php on line 60 ErrorCode: 1003 in /www/Cy/Cy/Db/AbstractDb.php on 67 \n\r #0 /www/Cy/Cy/Db/AbstractDb.php(48): Cy\Db\AbstractDb->initDb(Array)
#1 /www/Cy/Cy/Db/Db.php(20): Cy\Db\AbstractDb->__construct(Array)
#2 /www/Cy/Cy/Mvc/Event/EventStore.php(55): Cy\Db\Db::getInstance(Array)
#3 /www/Cy/Cy/Mvc/Event/EventStore.php(38): Cy\Mvc\Event\EventStore->make('Cy\Db\Db', Array)
#4 /www/Cy/Cy/Mvc/Event/EventRegister.php(50): Cy\Mvc\Event\EventStore->get('Cy\Db\Db', Array)
#5 /www/Cy/Cy/Mvc/Event/Event.php(18): Cy\Mvc\Event\EventRegister->getRegistered('Cy\Db\Db', Array)
#6 /www/Cy/Cy/Mvc/Model/Model.php(17): Cy\Mvc\Event\Event->getRegistered('Cy\Db\Db', Array)
#7 /www/Cy/Cy/Mvc/EventsManager.php(46): Cy\Mvc\Model\Model->__construct()
#8 /www/Cy/Cy/Mvc/EventsManager.php(60): Cy\Mvc\EventsManager->__construct()
#9 /www/Cy/index.php(24): Cy\Mvc\EventsManager::run()
#10 {main} 
[2014-01-23 16:42:53]  FATAL: could not find driver in /www/Cy/Cy/Db/AbstractDb.php on line 60 ErrorCode: 1003 in /www/Cy/Cy/Db/AbstractDb.php on 67 \n\r #0 /www/Cy/Cy/Db/AbstractDb.php(48): Cy\Db\AbstractDb->initDb(Array)
#1 /www/Cy/Cy/Db/Db.php(20): Cy\Db\AbstractDb->__construct(Array)
#2 /www/Cy/Cy/Mvc/Event/EventStore.php(55): Cy\Db\Db::getInstance(Array)
#3 /www/Cy/Cy/Mvc/Event/EventStore.php(38): Cy\Mvc\Event\EventStore->make('Cy\Db\Db', Array)
#4 /www/Cy/Cy/Mvc/Event/EventRegister.php(50): Cy\Mvc\Event\EventStore->get('Cy\Db\Db', Array)
#5 /www/Cy/Cy/Mvc/Event/Event.php(18): Cy\Mvc\Event\EventRegister->getRegistered('Cy\Db\Db', Array)
#6 /www/Cy/Cy/Mvc/Model/Model.php(17): Cy\Mvc\Event\Event->getRegistered('Cy\Db\Db', Array)
#7 /www/Cy/Cy/Mvc/EventsManager.php(46): Cy\Mvc\Model\Model->__construct()
#8 /www/Cy/Cy/Mvc/EventsManager.php(60): Cy\Mvc\EventsManager->__construct()
#9 /www/Cy/index.php(24): Cy\Mvc\EventsManager::run()
#10 {main} 
[2014-01-23 16:42:53]  FATAL: could not find driver in /www/Cy/Cy/Db/AbstractDb.php on line 60 ErrorCode: 1003 in /www/Cy/Cy/Db/AbstractDb.php on 67 \n\r #0 /www/Cy/Cy/Db/AbstractDb.php(48): Cy\Db\AbstractDb->initDb(Array)
#1 /www/Cy/Cy/Db/Db.php(20): Cy\Db\AbstractDb->__construct(Array)
#2 /www/Cy/Cy/Mvc/Event/EventStore.php(55): Cy\Db\Db::getInstance(Array)
#3 /www/Cy/Cy/Mvc/Event/EventStore.php(38): Cy\Mvc\Event\EventStore->make('Cy\Db\Db', Array)
#4 /www/Cy/Cy/Mvc/Event/EventRegister.php(50): Cy\Mvc\Event\EventStore->get('Cy\Db\Db', Array)
#5 /www/Cy/Cy/Mvc/Event/Event.php(18): Cy\Mvc\Event\EventRegister->getRegistered('Cy\Db\Db', Array)
#6 /www/Cy/Cy/Mvc/Model/Model.php(17): Cy\Mvc\Event\Event->getRegistered('Cy\Db\Db', Array)
#7 /www/Cy/Cy/Mvc/EventsManager.php(46): Cy\Mvc\Model\Model->__construct()
#8 /www/Cy/Cy/Mvc/EventsManager.php(60): Cy\Mvc\EventsManager->__construct()
#9 /www/Cy/index.php(24): Cy\Mvc\EventsManager::run()
#10 {main} 
[2014-01-23 16:42:53]  FATAL: could not find driver in /www/Cy/Cy/Db/AbstractDb.php on line 60 ErrorCode: 1003 in /www/Cy/Cy/Db/AbstractDb.php on 67 \n\r #0 /www/Cy/Cy/Db/AbstractDb.php(48): Cy\Db\AbstractDb->initDb(Array)
#1 /www/Cy/Cy/Db/Db.php(20): Cy\Db\AbstractDb->__construct(Array)
#2 /www/Cy/Cy/Mvc/Event/EventStore.php(55): Cy\Db\Db::getInstance(Array)
#3 /www/Cy/Cy/Mvc/Event/EventStore.php(38): Cy\Mvc\Event\EventStore->make('Cy\Db\Db', Array)
#4 /www/Cy/Cy/Mvc/Event/EventRegister.php(50): Cy\Mvc\Event\EventStore->get('Cy\Db\Db', Array)
#5 /www/Cy/Cy/Mvc/Event/Event.php(18): Cy\Mvc\Event\EventRegister->getRegistered('Cy\Db\Db', Array)
#6 /www/Cy/Cy/Mvc/Model/Model.php(17): Cy\Mvc\Event\Event->getRegistered('Cy\Db\Db', Array)
#7 /www/Cy/Cy/Mvc/EventsManager.php(46): Cy\Mvc\Model\Model->__construct()
#8 /www/Cy/Cy/Mvc/EventsManager.php(60): Cy\Mvc\EventsManager->__construct()
#9 /www/Cy/index.php(24): Cy\Mvc\EventsManager::run()
#10 {main} 
