[2013-10-31 15:53:40]  FATAL: could not find driver in /www/Cy/Cy/Db/AbstractDb.php on line 60 ErrorCode: 1003 in /www/Cy/Cy/Db/AbstractDb.php on 67 \n\r #0 /www/Cy/Cy/Db/AbstractDb.php(48): Cy\Db\AbstractDb->initDb(Array)
#1 /www/Cy/Cy/Db/Db.php(20): Cy\Db\AbstractDb->__construct(Array)
#2 /www/Cy/Cy/Mvc/Event/EventStore.php(55): Cy\Db\Db::getInstance(Array)
#3 /www/Cy/Cy/Mvc/Event/EventStore.php(38): Cy\Mvc\Event\EventStore->make('Cy\Db\Db', Array)
#4 /www/Cy/Cy/Mvc/Event/EventRegister.php(50): Cy\Mvc\Event\EventStore->get('Cy\Db\Db', Array)
#5 /www/Cy/Cy/Mvc/Event/Event.php(18): Cy\Mvc\Event\EventRegister->getRegistered('Cy\Db\Db', Array)
#6 /www/Cy/Cy/Mvc/Model/Model.php(16): Cy\Mvc\Event\Event->getRegistered('Cy\Db\Db')
#7 /www/Cy/Cy/Mvc/EventsManager.php(46): Cy\Mvc\Model\Model->__construct()
#8 /www/Cy/Cy/Mvc/EventsManager.php(60): Cy\Mvc\EventsManager->__construct()
#9 /www/Cy/index.php(24): Cy\Mvc\EventsManager::run()
#10 {main} 
[2013-10-31 15:54:36]  FATAL: could not find driver in /www/Cy/Cy/Db/AbstractDb.php on line 60 ErrorCode: 1003 in /www/Cy/Cy/Db/AbstractDb.php on 67 \n\r #0 /www/Cy/Cy/Db/AbstractDb.php(48): Cy\Db\AbstractDb->initDb(Array)
#1 /www/Cy/Cy/Db/Db.php(20): Cy\Db\AbstractDb->__construct(Array)
#2 /www/Cy/Cy/Mvc/Event/EventStore.php(55): Cy\Db\Db::getInstance(Array)
#3 /www/Cy/Cy/Mvc/Event/EventStore.php(38): Cy\Mvc\Event\EventStore->make('Cy\Db\Db', Array)
#4 /www/Cy/Cy/Mvc/Event/EventRegister.php(50): Cy\Mvc\Event\EventStore->get('Cy\Db\Db', Array)
#5 /www/Cy/Cy/Mvc/Event/Event.php(18): Cy\Mvc\Event\EventRegister->getRegistered('Cy\Db\Db', Array)
#6 /www/Cy/Cy/Mvc/Model/Model.php(16): Cy\Mvc\Event\Event->getRegistered('Cy\Db\Db')
#7 /www/Cy/Cy/Mvc/EventsManager.php(46): Cy\Mvc\Model\Model->__construct()
#8 /www/Cy/Cy/Mvc/EventsManager.php(60): Cy\Mvc\EventsManager->__construct()
#9 /www/Cy/index.php(24): Cy\Mvc\EventsManager::run()
#10 {main} 
[2013-10-31 15:54:36]  FATAL: could not find driver in /www/Cy/Cy/Db/AbstractDb.php on line 60 ErrorCode: 1003 in /www/Cy/Cy/Db/AbstractDb.php on 67 \n\r #0 /www/Cy/Cy/Db/AbstractDb.php(48): Cy\Db\AbstractDb->initDb(Array)
#1 /www/Cy/Cy/Db/Db.php(20): Cy\Db\AbstractDb->__construct(Array)
#2 /www/Cy/Cy/Mvc/Event/EventStore.php(55): Cy\Db\Db::getInstance(Array)
#3 /www/Cy/Cy/Mvc/Event/EventStore.php(38): Cy\Mvc\Event\EventStore->make('Cy\Db\Db', Array)
#4 /www/Cy/Cy/Mvc/Event/EventRegister.php(50): Cy\Mvc\Event\EventStore->get('Cy\Db\Db', Array)
#5 /www/Cy/Cy/Mvc/Event/Event.php(18): Cy\Mvc\Event\EventRegister->getRegistered('Cy\Db\Db', Array)
#6 /www/Cy/Cy/Mvc/Model/Model.php(16): Cy\Mvc\Event\Event->getRegistered('Cy\Db\Db')
#7 /www/Cy/Cy/Mvc/EventsManager.php(46): Cy\Mvc\Model\Model->__construct()
#8 /www/Cy/Cy/Mvc/EventsManager.php(60): Cy\Mvc\EventsManager->__construct()
#9 /www/Cy/index.php(24): Cy\Mvc\EventsManager::run()
#10 {main} 
[2013-10-31 15:54:50]  FATAL: could not find driver in /www/Cy/Cy/Db/AbstractDb.php on line 60 ErrorCode: 1003 in /www/Cy/Cy/Db/AbstractDb.php on 67 \n\r #0 /www/Cy/Cy/Db/AbstractDb.php(48): Cy\Db\AbstractDb->initDb(Array)
#1 /www/Cy/Cy/Db/Db.php(20): Cy\Db\AbstractDb->__construct(Array)
#2 /www/Cy/Cy/Mvc/Event/EventStore.php(55): Cy\Db\Db::getInstance(Array)
#3 /www/Cy/Cy/Mvc/Event/EventStore.php(38): Cy\Mvc\Event\EventStore->make('Cy\Db\Db', Array)
#4 /www/Cy/Cy/Mvc/Event/EventRegister.php(50): Cy\Mvc\Event\EventStore->get('Cy\Db\Db', Array)
#5 /www/Cy/Cy/Mvc/Event/Event.php(18): Cy\Mvc\Event\EventRegister->getRegistered('Cy\Db\Db', Array)
#6 /www/Cy/Cy/Mvc/Model/Model.php(16): Cy\Mvc\Event\Event->getRegistered('Cy\Db\Db')
#7 /www/Cy/Cy/Mvc/EventsManager.php(46): Cy\Mvc\Model\Model->__construct()
#8 /www/Cy/Cy/Mvc/EventsManager.php(60): Cy\Mvc\EventsManager->__construct()
#9 /www/Cy/index.php(24): Cy\Mvc\EventsManager::run()
#10 {main} 
[2013-10-31 15:54:50]  FATAL: could not find driver in /www/Cy/Cy/Db/AbstractDb.php on line 60 ErrorCode: 1003 in /www/Cy/Cy/Db/AbstractDb.php on 67 \n\r #0 /www/Cy/Cy/Db/AbstractDb.php(48): Cy\Db\AbstractDb->initDb(Array)
#1 /www/Cy/Cy/Db/Db.php(20): Cy\Db\AbstractDb->__construct(Array)
#2 /www/Cy/Cy/Mvc/Event/EventStore.php(55): Cy\Db\Db::getInstance(Array)
#3 /www/Cy/Cy/Mvc/Event/EventStore.php(38): Cy\Mvc\Event\EventStore->make('Cy\Db\Db', Array)
#4 /www/Cy/Cy/Mvc/Event/EventRegister.php(50): Cy\Mvc\Event\EventStore->get('Cy\Db\Db', Array)
#5 /www/Cy/Cy/Mvc/Event/Event.php(18): Cy\Mvc\Event\EventRegister->getRegistered('Cy\Db\Db', Array)
#6 /www/Cy/Cy/Mvc/Model/Model.php(16): Cy\Mvc\Event\Event->getRegistered('Cy\Db\Db')
#7 /www/Cy/Cy/Mvc/EventsManager.php(46): Cy\Mvc\Model\Model->__construct()
#8 /www/Cy/Cy/Mvc/EventsManager.php(60): Cy\Mvc\EventsManager->__construct()
#9 /www/Cy/index.php(24): Cy\Mvc\EventsManager::run()
#10 {main} 
[2013-10-31 15:54:50]  FATAL: could not find driver in /www/Cy/Cy/Db/AbstractDb.php on line 60 ErrorCode: 1003 in /www/Cy/Cy/Db/AbstractDb.php on 67 \n\r #0 /www/Cy/Cy/Db/AbstractDb.php(48): Cy\Db\AbstractDb->initDb(Array)
#1 /www/Cy/Cy/Db/Db.php(20): Cy\Db\AbstractDb->__construct(Array)
#2 /www/Cy/Cy/Mvc/Event/EventStore.php(55): Cy\Db\Db::getInstance(Array)
#3 /www/Cy/Cy/Mvc/Event/EventStore.php(38): Cy\Mvc\Event\EventStore->make('Cy\Db\Db', Array)
#4 /www/Cy/Cy/Mvc/Event/EventRegister.php(50): Cy\Mvc\Event\EventStore->get('Cy\Db\Db', Array)
#5 /www/Cy/Cy/Mvc/Event/Event.php(18): Cy\Mvc\Event\EventRegister->getRegistered('Cy\Db\Db', Array)
#6 /www/Cy/Cy/Mvc/Model/Model.php(16): Cy\Mvc\Event\Event->getRegistered('Cy\Db\Db')
#7 /www/Cy/Cy/Mvc/EventsManager.php(46): Cy\Mvc\Model\Model->__construct()
#8 /www/Cy/Cy/Mvc/EventsManager.php(60): Cy\Mvc\EventsManager->__construct()
#9 /www/Cy/index.php(24): Cy\Mvc\EventsManager::run()
#10 {main} 
[2013-10-31 15:54:50]  FATAL: could not find driver in /www/Cy/Cy/Db/AbstractDb.php on line 60 ErrorCode: 1003 in /www/Cy/Cy/Db/AbstractDb.php on 67 \n\r #0 /www/Cy/Cy/Db/AbstractDb.php(48): Cy\Db\AbstractDb->initDb(Array)
#1 /www/Cy/Cy/Db/Db.php(20): Cy\Db\AbstractDb->__construct(Array)
#2 /www/Cy/Cy/Mvc/Event/EventStore.php(55): Cy\Db\Db::getInstance(Array)
#3 /www/Cy/Cy/Mvc/Event/EventStore.php(38): Cy\Mvc\Event\EventStore->make('Cy\Db\Db', Array)
#4 /www/Cy/Cy/Mvc/Event/EventRegister.php(50): Cy\Mvc\Event\EventStore->get('Cy\Db\Db', Array)
#5 /www/Cy/Cy/Mvc/Event/Event.php(18): Cy\Mvc\Event\EventRegister->getRegistered('Cy\Db\Db', Array)
#6 /www/Cy/Cy/Mvc/Model/Model.php(16): Cy\Mvc\Event\Event->getRegistered('Cy\Db\Db')
#7 /www/Cy/Cy/Mvc/EventsManager.php(46): Cy\Mvc\Model\Model->__construct()
#8 /www/Cy/Cy/Mvc/EventsManager.php(60): Cy\Mvc\EventsManager->__construct()
#9 /www/Cy/index.php(24): Cy\Mvc\EventsManager::run()
#10 {main} 
[2013-10-31 15:55:38]  FATAL: could not find driver in /www/Cy/Cy/Db/AbstractDb.php on line 60 ErrorCode: 1003 in /www/Cy/Cy/Db/AbstractDb.php on 67 \n\r #0 /www/Cy/Cy/Db/AbstractDb.php(48): Cy\Db\AbstractDb->initDb(Array)
#1 /www/Cy/Cy/Db/Db.php(20): Cy\Db\AbstractDb->__construct(Array)
#2 /www/Cy/Cy/Mvc/Event/EventStore.php(55): Cy\Db\Db::getInstance(Array)
#3 /www/Cy/Cy/Mvc/Event/EventStore.php(38): Cy\Mvc\Event\EventStore->make('Cy\Db\Db', Array)
#4 /www/Cy/Cy/Mvc/Event/EventRegister.php(50): Cy\Mvc\Event\EventStore->get('Cy\Db\Db', Array)
#5 /www/Cy/Cy/Mvc/Event/Event.php(18): Cy\Mvc\Event\EventRegister->getRegistered('Cy\Db\Db', Array)
#6 /www/Cy/Cy/Mvc/Model/Model.php(16): Cy\Mvc\Event\Event->getRegistered('Cy\Db\Db')
#7 /www/Cy/Cy/Mvc/EventsManager.php(46): Cy\Mvc\Model\Model->__construct()
#8 /www/Cy/Cy/Mvc/EventsManager.php(60): Cy\Mvc\EventsManager->__construct()
#9 /www/Cy/index.php(24): Cy\Mvc\EventsManager::run()
#10 {main} 
[2013-10-31 15:55:38]  FATAL: could not find driver in /www/Cy/Cy/Db/AbstractDb.php on line 60 ErrorCode: 1003 in /www/Cy/Cy/Db/AbstractDb.php on 67 \n\r #0 /www/Cy/Cy/Db/AbstractDb.php(48): Cy\Db\AbstractDb->initDb(Array)
#1 /www/Cy/Cy/Db/Db.php(20): Cy\Db\AbstractDb->__construct(Array)
#2 /www/Cy/Cy/Mvc/Event/EventStore.php(55): Cy\Db\Db::getInstance(Array)
#3 /www/Cy/Cy/Mvc/Event/EventStore.php(38): Cy\Mvc\Event\EventStore->make('Cy\Db\Db', Array)
#4 /www/Cy/Cy/Mvc/Event/EventRegister.php(50): Cy\Mvc\Event\EventStore->get('Cy\Db\Db', Array)
#5 /www/Cy/Cy/Mvc/Event/Event.php(18): Cy\Mvc\Event\EventRegister->getRegistered('Cy\Db\Db', Array)
#6 /www/Cy/Cy/Mvc/Model/Model.php(16): Cy\Mvc\Event\Event->getRegistered('Cy\Db\Db')
#7 /www/Cy/Cy/Mvc/EventsManager.php(46): Cy\Mvc\Model\Model->__construct()
#8 /www/Cy/Cy/Mvc/EventsManager.php(60): Cy\Mvc\EventsManager->__construct()
#9 /www/Cy/index.php(24): Cy\Mvc\EventsManager::run()
#10 {main} 
[2013-10-31 15:55:38]  FATAL: could not find driver in /www/Cy/Cy/Db/AbstractDb.php on line 60 ErrorCode: 1003 in /www/Cy/Cy/Db/AbstractDb.php on 67 \n\r #0 /www/Cy/Cy/Db/AbstractDb.php(48): Cy\Db\AbstractDb->initDb(Array)
#1 /www/Cy/Cy/Db/Db.php(20): Cy\Db\AbstractDb->__construct(Array)
#2 /www/Cy/Cy/Mvc/Event/EventStore.php(55): Cy\Db\Db::getInstance(Array)
#3 /www/Cy/Cy/Mvc/Event/EventStore.php(38): Cy\Mvc\Event\EventStore->make('Cy\Db\Db', Array)
#4 /www/Cy/Cy/Mvc/Event/EventRegister.php(50): Cy\Mvc\Event\EventStore->get('Cy\Db\Db', Array)
#5 /www/Cy/Cy/Mvc/Event/Event.php(18): Cy\Mvc\Event\EventRegister->getRegistered('Cy\Db\Db', Array)
#6 /www/Cy/Cy/Mvc/Model/Model.php(16): Cy\Mvc\Event\Event->getRegistered('Cy\Db\Db')
#7 /www/Cy/Cy/Mvc/EventsManager.php(46): Cy\Mvc\Model\Model->__construct()
#8 /www/Cy/Cy/Mvc/EventsManager.php(60): Cy\Mvc\EventsManager->__construct()
#9 /www/Cy/index.php(24): Cy\Mvc\EventsManager::run()
#10 {main} 
[2013-10-31 15:55:38]  FATAL: could not find driver in /www/Cy/Cy/Db/AbstractDb.php on line 60 ErrorCode: 1003 in /www/Cy/Cy/Db/AbstractDb.php on 67 \n\r #0 /www/Cy/Cy/Db/AbstractDb.php(48): Cy\Db\AbstractDb->initDb(Array)
#1 /www/Cy/Cy/Db/Db.php(20): Cy\Db\AbstractDb->__construct(Array)
#2 /www/Cy/Cy/Mvc/Event/EventStore.php(55): Cy\Db\Db::getInstance(Array)
#3 /www/Cy/Cy/Mvc/Event/EventStore.php(38): Cy\Mvc\Event\EventStore->make('Cy\Db\Db', Array)
#4 /www/Cy/Cy/Mvc/Event/EventRegister.php(50): Cy\Mvc\Event\EventStore->get('Cy\Db\Db', Array)
#5 /www/Cy/Cy/Mvc/Event/Event.php(18): Cy\Mvc\Event\EventRegister->getRegistered('Cy\Db\Db', Array)
#6 /www/Cy/Cy/Mvc/Model/Model.php(16): Cy\Mvc\Event\Event->getRegistered('Cy\Db\Db')
#7 /www/Cy/Cy/Mvc/EventsManager.php(46): Cy\Mvc\Model\Model->__construct()
#8 /www/Cy/Cy/Mvc/EventsManager.php(60): Cy\Mvc\EventsManager->__construct()
#9 /www/Cy/index.php(24): Cy\Mvc\EventsManager::run()
#10 {main} 
[2013-10-31 16:01:28]  FATAL: could not find driver in /www/Cy/Cy/Db/AbstractDb.php on line 60 ErrorCode: 1003 in /www/Cy/Cy/Db/AbstractDb.php on 67 \n\r #0 /www/Cy/Cy/Db/AbstractDb.php(48): Cy\Db\AbstractDb->initDb(Array)
#1 /www/Cy/Cy/Db/Db.php(20): Cy\Db\AbstractDb->__construct(Array)
#2 /www/Cy/Cy/Mvc/Event/EventStore.php(55): Cy\Db\Db::getInstance(Array)
#3 /www/Cy/Cy/Mvc/Event/EventStore.php(38): Cy\Mvc\Event\EventStore->make('Cy\Db\Db', Array)
#4 /www/Cy/Cy/Mvc/Event/EventRegister.php(50): Cy\Mvc\Event\EventStore->get('Cy\Db\Db', Array)
#5 /www/Cy/Cy/Mvc/Event/Event.php(18): Cy\Mvc\Event\EventRegister->getRegistered('Cy\Db\Db', Array)
#6 /www/Cy/Cy/Mvc/Model/Model.php(16): Cy\Mvc\Event\Event->getRegistered('Cy\Db\Db')
#7 /www/Cy/Cy/Mvc/EventsManager.php(46): Cy\Mvc\Model\Model->__construct()
#8 /www/Cy/Cy/Mvc/EventsManager.php(60): Cy\Mvc\EventsManager->__construct()
#9 /www/Cy/index.php(24): Cy\Mvc\EventsManager::run()
#10 {main} 
[2013-10-31 16:01:28]  FATAL: could not find driver in /www/Cy/Cy/Db/AbstractDb.php on line 60 ErrorCode: 1003 in /www/Cy/Cy/Db/AbstractDb.php on 67 \n\r #0 /www/Cy/Cy/Db/AbstractDb.php(48): Cy\Db\AbstractDb->initDb(Array)
#1 /www/Cy/Cy/Db/Db.php(20): Cy\Db\AbstractDb->__construct(Array)
#2 /www/Cy/Cy/Mvc/Event/EventStore.php(55): Cy\Db\Db::getInstance(Array)
#3 /www/Cy/Cy/Mvc/Event/EventStore.php(38): Cy\Mvc\Event\EventStore->make('Cy\Db\Db', Array)
#4 /www/Cy/Cy/Mvc/Event/EventRegister.php(50): Cy\Mvc\Event\EventStore->get('Cy\Db\Db', Array)
#5 /www/Cy/Cy/Mvc/Event/Event.php(18): Cy\Mvc\Event\EventRegister->getRegistered('Cy\Db\Db', Array)
#6 /www/Cy/Cy/Mvc/Model/Model.php(16): Cy\Mvc\Event\Event->getRegistered('Cy\Db\Db')
#7 /www/Cy/Cy/Mvc/EventsManager.php(46): Cy\Mvc\Model\Model->__construct()
#8 /www/Cy/Cy/Mvc/EventsManager.php(60): Cy\Mvc\EventsManager->__construct()
#9 /www/Cy/index.php(24): Cy\Mvc\EventsManager::run()
#10 {main} 
[2013-10-31 16:01:28]  FATAL: could not find driver in /www/Cy/Cy/Db/AbstractDb.php on line 60 ErrorCode: 1003 in /www/Cy/Cy/Db/AbstractDb.php on 67 \n\r #0 /www/Cy/Cy/Db/AbstractDb.php(48): Cy\Db\AbstractDb->initDb(Array)
#1 /www/Cy/Cy/Db/Db.php(20): Cy\Db\AbstractDb->__construct(Array)
#2 /www/Cy/Cy/Mvc/Event/EventStore.php(55): Cy\Db\Db::getInstance(Array)
#3 /www/Cy/Cy/Mvc/Event/EventStore.php(38): Cy\Mvc\Event\EventStore->make('Cy\Db\Db', Array)
#4 /www/Cy/Cy/Mvc/Event/EventRegister.php(50): Cy\Mvc\Event\EventStore->get('Cy\Db\Db', Array)
#5 /www/Cy/Cy/Mvc/Event/Event.php(18): Cy\Mvc\Event\EventRegister->getRegistered('Cy\Db\Db', Array)
#6 /www/Cy/Cy/Mvc/Model/Model.php(16): Cy\Mvc\Event\Event->getRegistered('Cy\Db\Db')
#7 /www/Cy/Cy/Mvc/EventsManager.php(46): Cy\Mvc\Model\Model->__construct()
#8 /www/Cy/Cy/Mvc/EventsManager.php(60): Cy\Mvc\EventsManager->__construct()
#9 /www/Cy/index.php(24): Cy\Mvc\EventsManager::run()
#10 {main} 
[2013-10-31 16:01:28]  FATAL: could not find driver in /www/Cy/Cy/Db/AbstractDb.php on line 60 ErrorCode: 1003 in /www/Cy/Cy/Db/AbstractDb.php on 67 \n\r #0 /www/Cy/Cy/Db/AbstractDb.php(48): Cy\Db\AbstractDb->initDb(Array)
#1 /www/Cy/Cy/Db/Db.php(20): Cy\Db\AbstractDb->__construct(Array)
#2 /www/Cy/Cy/Mvc/Event/EventStore.php(55): Cy\Db\Db::getInstance(Array)
#3 /www/Cy/Cy/Mvc/Event/EventStore.php(38): Cy\Mvc\Event\EventStore->make('Cy\Db\Db', Array)
#4 /www/Cy/Cy/Mvc/Event/EventRegister.php(50): Cy\Mvc\Event\EventStore->get('Cy\Db\Db', Array)
#5 /www/Cy/Cy/Mvc/Event/Event.php(18): Cy\Mvc\Event\EventRegister->getRegistered('Cy\Db\Db', Array)
#6 /www/Cy/Cy/Mvc/Model/Model.php(16): Cy\Mvc\Event\Event->getRegistered('Cy\Db\Db')
#7 /www/Cy/Cy/Mvc/EventsManager.php(46): Cy\Mvc\Model\Model->__construct()
#8 /www/Cy/Cy/Mvc/EventsManager.php(60): Cy\Mvc\EventsManager->__construct()
#9 /www/Cy/index.php(24): Cy\Mvc\EventsManager::run()
#10 {main} 
[2013-10-31 16:02:25]  FATAL: could not find driver in /www/Cy/Cy/Db/AbstractDb.php on line 60 ErrorCode: 1003 in /www/Cy/Cy/Db/AbstractDb.php on 67 \n\r #0 /www/Cy/Cy/Db/AbstractDb.php(48): Cy\Db\AbstractDb->initDb(Array)
#1 /www/Cy/Cy/Db/Db.php(20): Cy\Db\AbstractDb->__construct(Array)
#2 /www/Cy/Cy/Mvc/Event/EventStore.php(55): Cy\Db\Db::getInstance(Array)
#3 /www/Cy/Cy/Mvc/Event/EventStore.php(38): Cy\Mvc\Event\EventStore->make('Cy\Db\Db', Array)
#4 /www/Cy/Cy/Mvc/Event/EventRegister.php(50): Cy\Mvc\Event\EventStore->get('Cy\Db\Db', Array)
#5 /www/Cy/Cy/Mvc/Event/Event.php(18): Cy\Mvc\Event\EventRegister->getRegistered('Cy\Db\Db', Array)
#6 /www/Cy/Cy/Mvc/Model/Model.php(16): Cy\Mvc\Event\Event->getRegistered('Cy\Db\Db')
#7 /www/Cy/Cy/Mvc/EventsManager.php(46): Cy\Mvc\Model\Model->__construct()
#8 /www/Cy/Cy/Mvc/EventsManager.php(60): Cy\Mvc\EventsManager->__construct()
#9 /www/Cy/index.php(24): Cy\Mvc\EventsManager::run()
#10 {main} 
[2013-10-31 16:02:25]  FATAL: could not find driver in /www/Cy/Cy/Db/AbstractDb.php on line 60 ErrorCode: 1003 in /www/Cy/Cy/Db/AbstractDb.php on 67 \n\r #0 /www/Cy/Cy/Db/AbstractDb.php(48): Cy\Db\AbstractDb->initDb(Array)
#1 /www/Cy/Cy/Db/Db.php(20): Cy\Db\AbstractDb->__construct(Array)
#2 /www/Cy/Cy/Mvc/Event/EventStore.php(55): Cy\Db\Db::getInstance(Array)
#3 /www/Cy/Cy/Mvc/Event/EventStore.php(38): Cy\Mvc\Event\EventStore->make('Cy\Db\Db', Array)
#4 /www/Cy/Cy/Mvc/Event/EventRegister.php(50): Cy\Mvc\Event\EventStore->get('Cy\Db\Db', Array)
#5 /www/Cy/Cy/Mvc/Event/Event.php(18): Cy\Mvc\Event\EventRegister->getRegistered('Cy\Db\Db', Array)
#6 /www/Cy/Cy/Mvc/Model/Model.php(16): Cy\Mvc\Event\Event->getRegistered('Cy\Db\Db')
#7 /www/Cy/Cy/Mvc/EventsManager.php(46): Cy\Mvc\Model\Model->__construct()
#8 /www/Cy/Cy/Mvc/EventsManager.php(60): Cy\Mvc\EventsManager->__construct()
#9 /www/Cy/index.php(24): Cy\Mvc\EventsManager::run()
#10 {main} 
[2013-10-31 16:02:25]  FATAL: could not find driver in /www/Cy/Cy/Db/AbstractDb.php on line 60 ErrorCode: 1003 in /www/Cy/Cy/Db/AbstractDb.php on 67 \n\r #0 /www/Cy/Cy/Db/AbstractDb.php(48): Cy\Db\AbstractDb->initDb(Array)
#1 /www/Cy/Cy/Db/Db.php(20): Cy\Db\AbstractDb->__construct(Array)
#2 /www/Cy/Cy/Mvc/Event/EventStore.php(55): Cy\Db\Db::getInstance(Array)
#3 /www/Cy/Cy/Mvc/Event/EventStore.php(38): Cy\Mvc\Event\EventStore->make('Cy\Db\Db', Array)
#4 /www/Cy/Cy/Mvc/Event/EventRegister.php(50): Cy\Mvc\Event\EventStore->get('Cy\Db\Db', Array)
#5 /www/Cy/Cy/Mvc/Event/Event.php(18): Cy\Mvc\Event\EventRegister->getRegistered('Cy\Db\Db', Array)
#6 /www/Cy/Cy/Mvc/Model/Model.php(16): Cy\Mvc\Event\Event->getRegistered('Cy\Db\Db')
#7 /www/Cy/Cy/Mvc/EventsManager.php(46): Cy\Mvc\Model\Model->__construct()
#8 /www/Cy/Cy/Mvc/EventsManager.php(60): Cy\Mvc\EventsManager->__construct()
#9 /www/Cy/index.php(24): Cy\Mvc\EventsManager::run()
#10 {main} 
[2013-10-31 16:02:25]  FATAL: could not find driver in /www/Cy/Cy/Db/AbstractDb.php on line 60 ErrorCode: 1003 in /www/Cy/Cy/Db/AbstractDb.php on 67 \n\r #0 /www/Cy/Cy/Db/AbstractDb.php(48): Cy\Db\AbstractDb->initDb(Array)
#1 /www/Cy/Cy/Db/Db.php(20): Cy\Db\AbstractDb->__construct(Array)
#2 /www/Cy/Cy/Mvc/Event/EventStore.php(55): Cy\Db\Db::getInstance(Array)
#3 /www/Cy/Cy/Mvc/Event/EventStore.php(38): Cy\Mvc\Event\EventStore->make('Cy\Db\Db', Array)
#4 /www/Cy/Cy/Mvc/Event/EventRegister.php(50): Cy\Mvc\Event\EventStore->get('Cy\Db\Db', Array)
#5 /www/Cy/Cy/Mvc/Event/Event.php(18): Cy\Mvc\Event\EventRegister->getRegistered('Cy\Db\Db', Array)
#6 /www/Cy/Cy/Mvc/Model/Model.php(16): Cy\Mvc\Event\Event->getRegistered('Cy\Db\Db')
#7 /www/Cy/Cy/Mvc/EventsManager.php(46): Cy\Mvc\Model\Model->__construct()
#8 /www/Cy/Cy/Mvc/EventsManager.php(60): Cy\Mvc\EventsManager->__construct()
#9 /www/Cy/index.php(24): Cy\Mvc\EventsManager::run()
#10 {main} 
[2013-10-31 16:02:26]  FATAL: could not find driver in /www/Cy/Cy/Db/AbstractDb.php on line 60 ErrorCode: 1003 in /www/Cy/Cy/Db/AbstractDb.php on 67 \n\r #0 /www/Cy/Cy/Db/AbstractDb.php(48): Cy\Db\AbstractDb->initDb(Array)
#1 /www/Cy/Cy/Db/Db.php(20): Cy\Db\AbstractDb->__construct(Array)
#2 /www/Cy/Cy/Mvc/Event/EventStore.php(55): Cy\Db\Db::getInstance(Array)
#3 /www/Cy/Cy/Mvc/Event/EventStore.php(38): Cy\Mvc\Event\EventStore->make('Cy\Db\Db', Array)
#4 /www/Cy/Cy/Mvc/Event/EventRegister.php(50): Cy\Mvc\Event\EventStore->get('Cy\Db\Db', Array)
#5 /www/Cy/Cy/Mvc/Event/Event.php(18): Cy\Mvc\Event\EventRegister->getRegistered('Cy\Db\Db', Array)
#6 /www/Cy/Cy/Mvc/Model/Model.php(16): Cy\Mvc\Event\Event->getRegistered('Cy\Db\Db')
#7 /www/Cy/Cy/Mvc/EventsManager.php(46): Cy\Mvc\Model\Model->__construct()
#8 /www/Cy/Cy/Mvc/EventsManager.php(60): Cy\Mvc\EventsManager->__construct()
#9 /www/Cy/index.php(24): Cy\Mvc\EventsManager::run()
#10 {main} 
[2013-10-31 16:02:26]  FATAL: could not find driver in /www/Cy/Cy/Db/AbstractDb.php on line 60 ErrorCode: 1003 in /www/Cy/Cy/Db/AbstractDb.php on 67 \n\r #0 /www/Cy/Cy/Db/AbstractDb.php(48): Cy\Db\AbstractDb->initDb(Array)
#1 /www/Cy/Cy/Db/Db.php(20): Cy\Db\AbstractDb->__construct(Array)
#2 /www/Cy/Cy/Mvc/Event/EventStore.php(55): Cy\Db\Db::getInstance(Array)
#3 /www/Cy/Cy/Mvc/Event/EventStore.php(38): Cy\Mvc\Event\EventStore->make('Cy\Db\Db', Array)
#4 /www/Cy/Cy/Mvc/Event/EventRegister.php(50): Cy\Mvc\Event\EventStore->get('Cy\Db\Db', Array)
#5 /www/Cy/Cy/Mvc/Event/Event.php(18): Cy\Mvc\Event\EventRegister->getRegistered('Cy\Db\Db', Array)
#6 /www/Cy/Cy/Mvc/Model/Model.php(16): Cy\Mvc\Event\Event->getRegistered('Cy\Db\Db')
#7 /www/Cy/Cy/Mvc/EventsManager.php(46): Cy\Mvc\Model\Model->__construct()
#8 /www/Cy/Cy/Mvc/EventsManager.php(60): Cy\Mvc\EventsManager->__construct()
#9 /www/Cy/index.php(24): Cy\Mvc\EventsManager::run()
#10 {main} 
[2013-10-31 16:02:26]  FATAL: could not find driver in /www/Cy/Cy/Db/AbstractDb.php on line 60 ErrorCode: 1003 in /www/Cy/Cy/Db/AbstractDb.php on 67 \n\r #0 /www/Cy/Cy/Db/AbstractDb.php(48): Cy\Db\AbstractDb->initDb(Array)
#1 /www/Cy/Cy/Db/Db.php(20): Cy\Db\AbstractDb->__construct(Array)
#2 /www/Cy/Cy/Mvc/Event/EventStore.php(55): Cy\Db\Db::getInstance(Array)
#3 /www/Cy/Cy/Mvc/Event/EventStore.php(38): Cy\Mvc\Event\EventStore->make('Cy\Db\Db', Array)
#4 /www/Cy/Cy/Mvc/Event/EventRegister.php(50): Cy\Mvc\Event\EventStore->get('Cy\Db\Db', Array)
#5 /www/Cy/Cy/Mvc/Event/Event.php(18): Cy\Mvc\Event\EventRegister->getRegistered('Cy\Db\Db', Array)
#6 /www/Cy/Cy/Mvc/Model/Model.php(16): Cy\Mvc\Event\Event->getRegistered('Cy\Db\Db')
#7 /www/Cy/Cy/Mvc/EventsManager.php(46): Cy\Mvc\Model\Model->__construct()
#8 /www/Cy/Cy/Mvc/EventsManager.php(60): Cy\Mvc\EventsManager->__construct()
#9 /www/Cy/index.php(24): Cy\Mvc\EventsManager::run()
#10 {main} 
[2013-10-31 16:02:26]  FATAL: could not find driver in /www/Cy/Cy/Db/AbstractDb.php on line 60 ErrorCode: 1003 in /www/Cy/Cy/Db/AbstractDb.php on 67 \n\r #0 /www/Cy/Cy/Db/AbstractDb.php(48): Cy\Db\AbstractDb->initDb(Array)
#1 /www/Cy/Cy/Db/Db.php(20): Cy\Db\AbstractDb->__construct(Array)
#2 /www/Cy/Cy/Mvc/Event/EventStore.php(55): Cy\Db\Db::getInstance(Array)
#3 /www/Cy/Cy/Mvc/Event/EventStore.php(38): Cy\Mvc\Event\EventStore->make('Cy\Db\Db', Array)
#4 /www/Cy/Cy/Mvc/Event/EventRegister.php(50): Cy\Mvc\Event\EventStore->get('Cy\Db\Db', Array)
#5 /www/Cy/Cy/Mvc/Event/Event.php(18): Cy\Mvc\Event\EventRegister->getRegistered('Cy\Db\Db', Array)
#6 /www/Cy/Cy/Mvc/Model/Model.php(16): Cy\Mvc\Event\Event->getRegistered('Cy\Db\Db')
#7 /www/Cy/Cy/Mvc/EventsManager.php(46): Cy\Mvc\Model\Model->__construct()
#8 /www/Cy/Cy/Mvc/EventsManager.php(60): Cy\Mvc\EventsManager->__construct()
#9 /www/Cy/index.php(24): Cy\Mvc\EventsManager::run()
#10 {main} 
[2013-10-31 16:07:35]  FATAL: could not find driver in /www/Cy/Cy/Db/AbstractDb.php on line 60 ErrorCode: 1003 in /www/Cy/Cy/Db/AbstractDb.php on 67 \n\r #0 /www/Cy/Cy/Db/AbstractDb.php(48): Cy\Db\AbstractDb->initDb(NULL)
#1 /www/Cy/Cy/Db/Db.php(20): Cy\Db\AbstractDb->__construct(NULL)
#2 /www/Cy/Cy/Mvc/Event/EventStore.php(55): Cy\Db\Db::getInstance(NULL)
#3 /www/Cy/Cy/Mvc/Event/EventStore.php(38): Cy\Mvc\Event\EventStore->make('Cy\Db\Db', NULL)
#4 /www/Cy/Cy/Mvc/Event/EventRegister.php(50): Cy\Mvc\Event\EventStore->get('Cy\Db\Db', NULL)
#5 /www/Cy/Cy/Mvc/Event/Event.php(18): Cy\Mvc\Event\EventRegister->getRegistered('Cy\Db\Db', NULL)
#6 /www/Cy/Cy/Mvc/Model/Model.php(17): Cy\Mvc\Event\Event->getRegistered('Cy\Db\Db', NULL)
#7 /www/Cy/Cy/Mvc/EventsManager.php(46): Cy\Mvc\Model\Model->__construct()
#8 /www/Cy/Cy/Mvc/EventsManager.php(60): Cy\Mvc\EventsManager->__construct()
#9 /www/Cy/index.php(24): Cy\Mvc\EventsManager::run()
#10 {main} 
[2013-10-31 16:07:35]  FATAL: could not find driver in /www/Cy/Cy/Db/AbstractDb.php on line 60 ErrorCode: 1003 in /www/Cy/Cy/Db/AbstractDb.php on 67 \n\r #0 /www/Cy/Cy/Db/AbstractDb.php(48): Cy\Db\AbstractDb->initDb(NULL)
#1 /www/Cy/Cy/Db/Db.php(20): Cy\Db\AbstractDb->__construct(NULL)
#2 /www/Cy/Cy/Mvc/Event/EventStore.php(55): Cy\Db\Db::getInstance(NULL)
#3 /www/Cy/Cy/Mvc/Event/EventStore.php(38): Cy\Mvc\Event\EventStore->make('Cy\Db\Db', NULL)
#4 /www/Cy/Cy/Mvc/Event/EventRegister.php(50): Cy\Mvc\Event\EventStore->get('Cy\Db\Db', NULL)
#5 /www/Cy/Cy/Mvc/Event/Event.php(18): Cy\Mvc\Event\EventRegister->getRegistered('Cy\Db\Db', NULL)
#6 /www/Cy/Cy/Mvc/Model/Model.php(17): Cy\Mvc\Event\Event->getRegistered('Cy\Db\Db', NULL)
#7 /www/Cy/Cy/Mvc/EventsManager.php(46): Cy\Mvc\Model\Model->__construct()
#8 /www/Cy/Cy/Mvc/EventsManager.php(60): Cy\Mvc\EventsManager->__construct()
#9 /www/Cy/index.php(24): Cy\Mvc\EventsManager::run()
#10 {main} 
[2013-10-31 16:07:35]  FATAL: could not find driver in /www/Cy/Cy/Db/AbstractDb.php on line 60 ErrorCode: 1003 in /www/Cy/Cy/Db/AbstractDb.php on 67 \n\r #0 /www/Cy/Cy/Db/AbstractDb.php(48): Cy\Db\AbstractDb->initDb(NULL)
#1 /www/Cy/Cy/Db/Db.php(20): Cy\Db\AbstractDb->__construct(NULL)
#2 /www/Cy/Cy/Mvc/Event/EventStore.php(55): Cy\Db\Db::getInstance(NULL)
#3 /www/Cy/Cy/Mvc/Event/EventStore.php(38): Cy\Mvc\Event\EventStore->make('Cy\Db\Db', NULL)
#4 /www/Cy/Cy/Mvc/Event/EventRegister.php(50): Cy\Mvc\Event\EventStore->get('Cy\Db\Db', NULL)
#5 /www/Cy/Cy/Mvc/Event/Event.php(18): Cy\Mvc\Event\EventRegister->getRegistered('Cy\Db\Db', NULL)
#6 /www/Cy/Cy/Mvc/Model/Model.php(17): Cy\Mvc\Event\Event->getRegistered('Cy\Db\Db', NULL)
#7 /www/Cy/Cy/Mvc/EventsManager.php(46): Cy\Mvc\Model\Model->__construct()
#8 /www/Cy/Cy/Mvc/EventsManager.php(60): Cy\Mvc\EventsManager->__construct()
#9 /www/Cy/index.php(24): Cy\Mvc\EventsManager::run()
#10 {main} 
[2013-10-31 16:07:35]  FATAL: could not find driver in /www/Cy/Cy/Db/AbstractDb.php on line 60 ErrorCode: 1003 in /www/Cy/Cy/Db/AbstractDb.php on 67 \n\r #0 /www/Cy/Cy/Db/AbstractDb.php(48): Cy\Db\AbstractDb->initDb(NULL)
#1 /www/Cy/Cy/Db/Db.php(20): Cy\Db\AbstractDb->__construct(NULL)
#2 /www/Cy/Cy/Mvc/Event/EventStore.php(55): Cy\Db\Db::getInstance(NULL)
#3 /www/Cy/Cy/Mvc/Event/EventStore.php(38): Cy\Mvc\Event\EventStore->make('Cy\Db\Db', NULL)
#4 /www/Cy/Cy/Mvc/Event/EventRegister.php(50): Cy\Mvc\Event\EventStore->get('Cy\Db\Db', NULL)
#5 /www/Cy/Cy/Mvc/Event/Event.php(18): Cy\Mvc\Event\EventRegister->getRegistered('Cy\Db\Db', NULL)
#6 /www/Cy/Cy/Mvc/Model/Model.php(17): Cy\Mvc\Event\Event->getRegistered('Cy\Db\Db', NULL)
#7 /www/Cy/Cy/Mvc/EventsManager.php(46): Cy\Mvc\Model\Model->__construct()
#8 /www/Cy/Cy/Mvc/EventsManager.php(60): Cy\Mvc\EventsManager->__construct()
#9 /www/Cy/index.php(24): Cy\Mvc\EventsManager::run()
#10 {main} 
[2013-10-31 16:08:30]  FATAL: could not find driver in /www/Cy/Cy/Db/AbstractDb.php on line 60 ErrorCode: 1003 in /www/Cy/Cy/Db/AbstractDb.php on 67 \n\r #0 /www/Cy/Cy/Db/AbstractDb.php(48): Cy\Db\AbstractDb->initDb(NULL)
#1 /www/Cy/Cy/Db/Db.php(20): Cy\Db\AbstractDb->__construct(NULL)
#2 /www/Cy/Cy/Mvc/Event/EventStore.php(55): Cy\Db\Db::getInstance(NULL)
#3 /www/Cy/Cy/Mvc/Event/EventStore.php(38): Cy\Mvc\Event\EventStore->make('Cy\Db\Db', NULL)
#4 /www/Cy/Cy/Mvc/Event/EventRegister.php(50): Cy\Mvc\Event\EventStore->get('Cy\Db\Db', NULL)
#5 /www/Cy/Cy/Mvc/Event/Event.php(18): Cy\Mvc\Event\EventRegister->getRegistered('Cy\Db\Db', NULL)
#6 /www/Cy/Cy/Mvc/Model/Model.php(17): Cy\Mvc\Event\Event->getRegistered('Cy\Db\Db', NULL)
#7 /www/Cy/Cy/Mvc/EventsManager.php(46): Cy\Mvc\Model\Model->__construct()
#8 /www/Cy/Cy/Mvc/EventsManager.php(60): Cy\Mvc\EventsManager->__construct()
#9 /www/Cy/index.php(24): Cy\Mvc\EventsManager::run()
#10 {main} 
[2013-10-31 16:08:30]  FATAL: could not find driver in /www/Cy/Cy/Db/AbstractDb.php on line 60 ErrorCode: 1003 in /www/Cy/Cy/Db/AbstractDb.php on 67 \n\r #0 /www/Cy/Cy/Db/AbstractDb.php(48): Cy\Db\AbstractDb->initDb(NULL)
#1 /www/Cy/Cy/Db/Db.php(20): Cy\Db\AbstractDb->__construct(NULL)
#2 /www/Cy/Cy/Mvc/Event/EventStore.php(55): Cy\Db\Db::getInstance(NULL)
#3 /www/Cy/Cy/Mvc/Event/EventStore.php(38): Cy\Mvc\Event\EventStore->make('Cy\Db\Db', NULL)
#4 /www/Cy/Cy/Mvc/Event/EventRegister.php(50): Cy\Mvc\Event\EventStore->get('Cy\Db\Db', NULL)
#5 /www/Cy/Cy/Mvc/Event/Event.php(18): Cy\Mvc\Event\EventRegister->getRegistered('Cy\Db\Db', NULL)
#6 /www/Cy/Cy/Mvc/Model/Model.php(17): Cy\Mvc\Event\Event->getRegistered('Cy\Db\Db', NULL)
#7 /www/Cy/Cy/Mvc/EventsManager.php(46): Cy\Mvc\Model\Model->__construct()
#8 /www/Cy/Cy/Mvc/EventsManager.php(60): Cy\Mvc\EventsManager->__construct()
#9 /www/Cy/index.php(24): Cy\Mvc\EventsManager::run()
#10 {main} 
[2013-10-31 16:08:30]  FATAL: could not find driver in /www/Cy/Cy/Db/AbstractDb.php on line 60 ErrorCode: 1003 in /www/Cy/Cy/Db/AbstractDb.php on 67 \n\r #0 /www/Cy/Cy/Db/AbstractDb.php(48): Cy\Db\AbstractDb->initDb(NULL)
#1 /www/Cy/Cy/Db/Db.php(20): Cy\Db\AbstractDb->__construct(NULL)
#2 /www/Cy/Cy/Mvc/Event/EventStore.php(55): Cy\Db\Db::getInstance(NULL)
#3 /www/Cy/Cy/Mvc/Event/EventStore.php(38): Cy\Mvc\Event\EventStore->make('Cy\Db\Db', NULL)
#4 /www/Cy/Cy/Mvc/Event/EventRegister.php(50): Cy\Mvc\Event\EventStore->get('Cy\Db\Db', NULL)
#5 /www/Cy/Cy/Mvc/Event/Event.php(18): Cy\Mvc\Event\EventRegister->getRegistered('Cy\Db\Db', NULL)
#6 /www/Cy/Cy/Mvc/Model/Model.php(17): Cy\Mvc\Event\Event->getRegistered('Cy\Db\Db', NULL)
#7 /www/Cy/Cy/Mvc/EventsManager.php(46): Cy\Mvc\Model\Model->__construct()
#8 /www/Cy/Cy/Mvc/EventsManager.php(60): Cy\Mvc\EventsManager->__construct()
#9 /www/Cy/index.php(24): Cy\Mvc\EventsManager::run()
#10 {main} 
[2013-10-31 16:08:30]  FATAL: could not find driver in /www/Cy/Cy/Db/AbstractDb.php on line 60 ErrorCode: 1003 in /www/Cy/Cy/Db/AbstractDb.php on 67 \n\r #0 /www/Cy/Cy/Db/AbstractDb.php(48): Cy\Db\AbstractDb->initDb(NULL)
#1 /www/Cy/Cy/Db/Db.php(20): Cy\Db\AbstractDb->__construct(NULL)
#2 /www/Cy/Cy/Mvc/Event/EventStore.php(55): Cy\Db\Db::getInstance(NULL)
#3 /www/Cy/Cy/Mvc/Event/EventStore.php(38): Cy\Mvc\Event\EventStore->make('Cy\Db\Db', NULL)
#4 /www/Cy/Cy/Mvc/Event/EventRegister.php(50): Cy\Mvc\Event\EventStore->get('Cy\Db\Db', NULL)
#5 /www/Cy/Cy/Mvc/Event/Event.php(18): Cy\Mvc\Event\EventRegister->getRegistered('Cy\Db\Db', NULL)
#6 /www/Cy/Cy/Mvc/Model/Model.php(17): Cy\Mvc\Event\Event->getRegistered('Cy\Db\Db', NULL)
#7 /www/Cy/Cy/Mvc/EventsManager.php(46): Cy\Mvc\Model\Model->__construct()
#8 /www/Cy/Cy/Mvc/EventsManager.php(60): Cy\Mvc\EventsManager->__construct()
#9 /www/Cy/index.php(24): Cy\Mvc\EventsManager::run()
#10 {main} 
[2013-10-31 16:09:07]  FATAL: could not find driver in /www/Cy/Cy/Db/AbstractDb.php on line 60 ErrorCode: 1003 in /www/Cy/Cy/Db/AbstractDb.php on 67 \n\r #0 /www/Cy/Cy/Db/AbstractDb.php(48): Cy\Db\AbstractDb->initDb(NULL)
#1 /www/Cy/Cy/Db/Db.php(20): Cy\Db\AbstractDb->__construct(NULL)
#2 /www/Cy/Cy/Mvc/Event/EventStore.php(55): Cy\Db\Db::getInstance(NULL)
#3 /www/Cy/Cy/Mvc/Event/EventStore.php(38): Cy\Mvc\Event\EventStore->make('Cy\Db\Db', NULL)
#4 /www/Cy/Cy/Mvc/Event/EventRegister.php(50): Cy\Mvc\Event\EventStore->get('Cy\Db\Db', NULL)
#5 /www/Cy/Cy/Mvc/Event/Event.php(18): Cy\Mvc\Event\EventRegister->getRegistered('Cy\Db\Db', NULL)
#6 /www/Cy/Cy/Mvc/Model/Model.php(17): Cy\Mvc\Event\Event->getRegistered('Cy\Db\Db', NULL)
#7 /www/Cy/Cy/Mvc/EventsManager.php(46): Cy\Mvc\Model\Model->__construct()
#8 /www/Cy/Cy/Mvc/EventsManager.php(60): Cy\Mvc\EventsManager->__construct()
#9 /www/Cy/index.php(24): Cy\Mvc\EventsManager::run()
#10 {main} 
[2013-10-31 16:09:07]  FATAL: could not find driver in /www/Cy/Cy/Db/AbstractDb.php on line 60 ErrorCode: 1003 in /www/Cy/Cy/Db/AbstractDb.php on 67 \n\r #0 /www/Cy/Cy/Db/AbstractDb.php(48): Cy\Db\AbstractDb->initDb(NULL)
#1 /www/Cy/Cy/Db/Db.php(20): Cy\Db\AbstractDb->__construct(NULL)
#2 /www/Cy/Cy/Mvc/Event/EventStore.php(55): Cy\Db\Db::getInstance(NULL)
#3 /www/Cy/Cy/Mvc/Event/EventStore.php(38): Cy\Mvc\Event\EventStore->make('Cy\Db\Db', NULL)
#4 /www/Cy/Cy/Mvc/Event/EventRegister.php(50): Cy\Mvc\Event\EventStore->get('Cy\Db\Db', NULL)
#5 /www/Cy/Cy/Mvc/Event/Event.php(18): Cy\Mvc\Event\EventRegister->getRegistered('Cy\Db\Db', NULL)
#6 /www/Cy/Cy/Mvc/Model/Model.php(17): Cy\Mvc\Event\Event->getRegistered('Cy\Db\Db', NULL)
#7 /www/Cy/Cy/Mvc/EventsManager.php(46): Cy\Mvc\Model\Model->__construct()
#8 /www/Cy/Cy/Mvc/EventsManager.php(60): Cy\Mvc\EventsManager->__construct()
#9 /www/Cy/index.php(24): Cy\Mvc\EventsManager::run()
#10 {main} 
[2013-10-31 16:09:07]  FATAL: could not find driver in /www/Cy/Cy/Db/AbstractDb.php on line 60 ErrorCode: 1003 in /www/Cy/Cy/Db/AbstractDb.php on 67 \n\r #0 /www/Cy/Cy/Db/AbstractDb.php(48): Cy\Db\AbstractDb->initDb(NULL)
#1 /www/Cy/Cy/Db/Db.php(20): Cy\Db\AbstractDb->__construct(NULL)
#2 /www/Cy/Cy/Mvc/Event/EventStore.php(55): Cy\Db\Db::getInstance(NULL)
#3 /www/Cy/Cy/Mvc/Event/EventStore.php(38): Cy\Mvc\Event\EventStore->make('Cy\Db\Db', NULL)
#4 /www/Cy/Cy/Mvc/Event/EventRegister.php(50): Cy\Mvc\Event\EventStore->get('Cy\Db\Db', NULL)
#5 /www/Cy/Cy/Mvc/Event/Event.php(18): Cy\Mvc\Event\EventRegister->getRegistered('Cy\Db\Db', NULL)
#6 /www/Cy/Cy/Mvc/Model/Model.php(17): Cy\Mvc\Event\Event->getRegistered('Cy\Db\Db', NULL)
#7 /www/Cy/Cy/Mvc/EventsManager.php(46): Cy\Mvc\Model\Model->__construct()
#8 /www/Cy/Cy/Mvc/EventsManager.php(60): Cy\Mvc\EventsManager->__construct()
#9 /www/Cy/index.php(24): Cy\Mvc\EventsManager::run()
#10 {main} 
[2013-10-31 16:09:07]  FATAL: could not find driver in /www/Cy/Cy/Db/AbstractDb.php on line 60 ErrorCode: 1003 in /www/Cy/Cy/Db/AbstractDb.php on 67 \n\r #0 /www/Cy/Cy/Db/AbstractDb.php(48): Cy\Db\AbstractDb->initDb(NULL)
#1 /www/Cy/Cy/Db/Db.php(20): Cy\Db\AbstractDb->__construct(NULL)
#2 /www/Cy/Cy/Mvc/Event/EventStore.php(55): Cy\Db\Db::getInstance(NULL)
#3 /www/Cy/Cy/Mvc/Event/EventStore.php(38): Cy\Mvc\Event\EventStore->make('Cy\Db\Db', NULL)
#4 /www/Cy/Cy/Mvc/Event/EventRegister.php(50): Cy\Mvc\Event\EventStore->get('Cy\Db\Db', NULL)
#5 /www/Cy/Cy/Mvc/Event/Event.php(18): Cy\Mvc\Event\EventRegister->getRegistered('Cy\Db\Db', NULL)
#6 /www/Cy/Cy/Mvc/Model/Model.php(17): Cy\Mvc\Event\Event->getRegistered('Cy\Db\Db', NULL)
#7 /www/Cy/Cy/Mvc/EventsManager.php(46): Cy\Mvc\Model\Model->__construct()
#8 /www/Cy/Cy/Mvc/EventsManager.php(60): Cy\Mvc\EventsManager->__construct()
#9 /www/Cy/index.php(24): Cy\Mvc\EventsManager::run()
#10 {main} 
[2013-10-31 16:09:14]  FATAL: could not find driver in /www/Cy/Cy/Db/AbstractDb.php on line 60 ErrorCode: 1003 in /www/Cy/Cy/Db/AbstractDb.php on 67 \n\r #0 /www/Cy/Cy/Db/AbstractDb.php(48): Cy\Db\AbstractDb->initDb(NULL)
#1 /www/Cy/Cy/Db/Db.php(20): Cy\Db\AbstractDb->__construct(NULL)
#2 /www/Cy/Cy/Mvc/Event/EventStore.php(55): Cy\Db\Db::getInstance(NULL)
#3 /www/Cy/Cy/Mvc/Event/EventStore.php(38): Cy\Mvc\Event\EventStore->make('Cy\Db\Db', NULL)
#4 /www/Cy/Cy/Mvc/Event/EventRegister.php(50): Cy\Mvc\Event\EventStore->get('Cy\Db\Db', NULL)
#5 /www/Cy/Cy/Mvc/Event/Event.php(18): Cy\Mvc\Event\EventRegister->getRegistered('Cy\Db\Db', NULL)
#6 /www/Cy/Cy/Mvc/Model/Model.php(17): Cy\Mvc\Event\Event->getRegistered('Cy\Db\Db', NULL)
#7 /www/Cy/Cy/Mvc/EventsManager.php(46): Cy\Mvc\Model\Model->__construct()
#8 /www/Cy/Cy/Mvc/EventsManager.php(60): Cy\Mvc\EventsManager->__construct()
#9 /www/Cy/index.php(24): Cy\Mvc\EventsManager::run()
#10 {main} 
[2013-10-31 16:09:14]  FATAL: could not find driver in /www/Cy/Cy/Db/AbstractDb.php on line 60 ErrorCode: 1003 in /www/Cy/Cy/Db/AbstractDb.php on 67 \n\r #0 /www/Cy/Cy/Db/AbstractDb.php(48): Cy\Db\AbstractDb->initDb(NULL)
#1 /www/Cy/Cy/Db/Db.php(20): Cy\Db\AbstractDb->__construct(NULL)
#2 /www/Cy/Cy/Mvc/Event/EventStore.php(55): Cy\Db\Db::getInstance(NULL)
#3 /www/Cy/Cy/Mvc/Event/EventStore.php(38): Cy\Mvc\Event\EventStore->make('Cy\Db\Db', NULL)
#4 /www/Cy/Cy/Mvc/Event/EventRegister.php(50): Cy\Mvc\Event\EventStore->get('Cy\Db\Db', NULL)
#5 /www/Cy/Cy/Mvc/Event/Event.php(18): Cy\Mvc\Event\EventRegister->getRegistered('Cy\Db\Db', NULL)
#6 /www/Cy/Cy/Mvc/Model/Model.php(17): Cy\Mvc\Event\Event->getRegistered('Cy\Db\Db', NULL)
#7 /www/Cy/Cy/Mvc/EventsManager.php(46): Cy\Mvc\Model\Model->__construct()
#8 /www/Cy/Cy/Mvc/EventsManager.php(60): Cy\Mvc\EventsManager->__construct()
#9 /www/Cy/index.php(24): Cy\Mvc\EventsManager::run()
#10 {main} 
[2013-10-31 16:09:14]  FATAL: could not find driver in /www/Cy/Cy/Db/AbstractDb.php on line 60 ErrorCode: 1003 in /www/Cy/Cy/Db/AbstractDb.php on 67 \n\r #0 /www/Cy/Cy/Db/AbstractDb.php(48): Cy\Db\AbstractDb->initDb(NULL)
#1 /www/Cy/Cy/Db/Db.php(20): Cy\Db\AbstractDb->__construct(NULL)
#2 /www/Cy/Cy/Mvc/Event/EventStore.php(55): Cy\Db\Db::getInstance(NULL)
#3 /www/Cy/Cy/Mvc/Event/EventStore.php(38): Cy\Mvc\Event\EventStore->make('Cy\Db\Db', NULL)
#4 /www/Cy/Cy/Mvc/Event/EventRegister.php(50): Cy\Mvc\Event\EventStore->get('Cy\Db\Db', NULL)
#5 /www/Cy/Cy/Mvc/Event/Event.php(18): Cy\Mvc\Event\EventRegister->getRegistered('Cy\Db\Db', NULL)
#6 /www/Cy/Cy/Mvc/Model/Model.php(17): Cy\Mvc\Event\Event->getRegistered('Cy\Db\Db', NULL)
#7 /www/Cy/Cy/Mvc/EventsManager.php(46): Cy\Mvc\Model\Model->__construct()
#8 /www/Cy/Cy/Mvc/EventsManager.php(60): Cy\Mvc\EventsManager->__construct()
#9 /www/Cy/index.php(24): Cy\Mvc\EventsManager::run()
#10 {main} 
[2013-10-31 16:09:14]  FATAL: could not find driver in /www/Cy/Cy/Db/AbstractDb.php on line 60 ErrorCode: 1003 in /www/Cy/Cy/Db/AbstractDb.php on 67 \n\r #0 /www/Cy/Cy/Db/AbstractDb.php(48): Cy\Db\AbstractDb->initDb(NULL)
#1 /www/Cy/Cy/Db/Db.php(20): Cy\Db\AbstractDb->__construct(NULL)
#2 /www/Cy/Cy/Mvc/Event/EventStore.php(55): Cy\Db\Db::getInstance(NULL)
#3 /www/Cy/Cy/Mvc/Event/EventStore.php(38): Cy\Mvc\Event\EventStore->make('Cy\Db\Db', NULL)
#4 /www/Cy/Cy/Mvc/Event/EventRegister.php(50): Cy\Mvc\Event\EventStore->get('Cy\Db\Db', NULL)
#5 /www/Cy/Cy/Mvc/Event/Event.php(18): Cy\Mvc\Event\EventRegister->getRegistered('Cy\Db\Db', NULL)
#6 /www/Cy/Cy/Mvc/Model/Model.php(17): Cy\Mvc\Event\Event->getRegistered('Cy\Db\Db', NULL)
#7 /www/Cy/Cy/Mvc/EventsManager.php(46): Cy\Mvc\Model\Model->__construct()
#8 /www/Cy/Cy/Mvc/EventsManager.php(60): Cy\Mvc\EventsManager->__construct()
#9 /www/Cy/index.php(24): Cy\Mvc\EventsManager::run()
#10 {main} 
[2013-10-31 16:10:42]  FATAL: could not find driver in /www/Cy/Cy/Db/AbstractDb.php on line 60 ErrorCode: 1003 in /www/Cy/Cy/Db/AbstractDb.php on 67 \n\r #0 /www/Cy/Cy/Db/AbstractDb.php(48): Cy\Db\AbstractDb->initDb(NULL)
#1 /www/Cy/Cy/Db/Db.php(20): Cy\Db\AbstractDb->__construct(NULL)
#2 /www/Cy/Cy/Mvc/Event/EventStore.php(55): Cy\Db\Db::getInstance(NULL)
#3 /www/Cy/Cy/Mvc/Event/EventStore.php(38): Cy\Mvc\Event\EventStore->make('Cy\Db\Db', NULL)
#4 /www/Cy/Cy/Mvc/Event/EventRegister.php(50): Cy\Mvc\Event\EventStore->get('Cy\Db\Db', NULL)
#5 /www/Cy/Cy/Mvc/Event/Event.php(18): Cy\Mvc\Event\EventRegister->getRegistered('Cy\Db\Db', NULL)
#6 /www/Cy/Cy/Mvc/Model/Model.php(17): Cy\Mvc\Event\Event->getRegistered('Cy\Db\Db', NULL)
#7 /www/Cy/Cy/Mvc/EventsManager.php(46): Cy\Mvc\Model\Model->__construct()
#8 /www/Cy/Cy/Mvc/EventsManager.php(60): Cy\Mvc\EventsManager->__construct()
#9 /www/Cy/index.php(24): Cy\Mvc\EventsManager::run()
#10 {main} 
[2013-10-31 16:10:42]  FATAL: could not find driver in /www/Cy/Cy/Db/AbstractDb.php on line 60 ErrorCode: 1003 in /www/Cy/Cy/Db/AbstractDb.php on 67 \n\r #0 /www/Cy/Cy/Db/AbstractDb.php(48): Cy\Db\AbstractDb->initDb(NULL)
#1 /www/Cy/Cy/Db/Db.php(20): Cy\Db\AbstractDb->__construct(NULL)
#2 /www/Cy/Cy/Mvc/Event/EventStore.php(55): Cy\Db\Db::getInstance(NULL)
#3 /www/Cy/Cy/Mvc/Event/EventStore.php(38): Cy\Mvc\Event\EventStore->make('Cy\Db\Db', NULL)
#4 /www/Cy/Cy/Mvc/Event/EventRegister.php(50): Cy\Mvc\Event\EventStore->get('Cy\Db\Db', NULL)
#5 /www/Cy/Cy/Mvc/Event/Event.php(18): Cy\Mvc\Event\EventRegister->getRegistered('Cy\Db\Db', NULL)
#6 /www/Cy/Cy/Mvc/Model/Model.php(17): Cy\Mvc\Event\Event->getRegistered('Cy\Db\Db', NULL)
#7 /www/Cy/Cy/Mvc/EventsManager.php(46): Cy\Mvc\Model\Model->__construct()
#8 /www/Cy/Cy/Mvc/EventsManager.php(60): Cy\Mvc\EventsManager->__construct()
#9 /www/Cy/index.php(24): Cy\Mvc\EventsManager::run()
#10 {main} 
[2013-10-31 16:10:42]  FATAL: could not find driver in /www/Cy/Cy/Db/AbstractDb.php on line 60 ErrorCode: 1003 in /www/Cy/Cy/Db/AbstractDb.php on 67 \n\r #0 /www/Cy/Cy/Db/AbstractDb.php(48): Cy\Db\AbstractDb->initDb(NULL)
#1 /www/Cy/Cy/Db/Db.php(20): Cy\Db\AbstractDb->__construct(NULL)
#2 /www/Cy/Cy/Mvc/Event/EventStore.php(55): Cy\Db\Db::getInstance(NULL)
#3 /www/Cy/Cy/Mvc/Event/EventStore.php(38): Cy\Mvc\Event\EventStore->make('Cy\Db\Db', NULL)
#4 /www/Cy/Cy/Mvc/Event/EventRegister.php(50): Cy\Mvc\Event\EventStore->get('Cy\Db\Db', NULL)
#5 /www/Cy/Cy/Mvc/Event/Event.php(18): Cy\Mvc\Event\EventRegister->getRegistered('Cy\Db\Db', NULL)
#6 /www/Cy/Cy/Mvc/Model/Model.php(17): Cy\Mvc\Event\Event->getRegistered('Cy\Db\Db', NULL)
#7 /www/Cy/Cy/Mvc/EventsManager.php(46): Cy\Mvc\Model\Model->__construct()
#8 /www/Cy/Cy/Mvc/EventsManager.php(60): Cy\Mvc\EventsManager->__construct()
#9 /www/Cy/index.php(24): Cy\Mvc\EventsManager::run()
#10 {main} 
[2013-10-31 16:10:42]  FATAL: could not find driver in /www/Cy/Cy/Db/AbstractDb.php on line 60 ErrorCode: 1003 in /www/Cy/Cy/Db/AbstractDb.php on 67 \n\r #0 /www/Cy/Cy/Db/AbstractDb.php(48): Cy\Db\AbstractDb->initDb(NULL)
#1 /www/Cy/Cy/Db/Db.php(20): Cy\Db\AbstractDb->__construct(NULL)
#2 /www/Cy/Cy/Mvc/Event/EventStore.php(55): Cy\Db\Db::getInstance(NULL)
#3 /www/Cy/Cy/Mvc/Event/EventStore.php(38): Cy\Mvc\Event\EventStore->make('Cy\Db\Db', NULL)
#4 /www/Cy/Cy/Mvc/Event/EventRegister.php(50): Cy\Mvc\Event\EventStore->get('Cy\Db\Db', NULL)
#5 /www/Cy/Cy/Mvc/Event/Event.php(18): Cy\Mvc\Event\EventRegister->getRegistered('Cy\Db\Db', NULL)
#6 /www/Cy/Cy/Mvc/Model/Model.php(17): Cy\Mvc\Event\Event->getRegistered('Cy\Db\Db', NULL)
#7 /www/Cy/Cy/Mvc/EventsManager.php(46): Cy\Mvc\Model\Model->__construct()
#8 /www/Cy/Cy/Mvc/EventsManager.php(60): Cy\Mvc\EventsManager->__construct()
#9 /www/Cy/index.php(24): Cy\Mvc\EventsManager::run()
#10 {main} 
[2013-10-31 16:14:37]  FATAL: could not find driver in /www/Cy/Cy/Db/AbstractDb.php on line 60 ErrorCode: 1003 in /www/Cy/Cy/Db/AbstractDb.php on 67 \n\r #0 /www/Cy/Cy/Db/AbstractDb.php(48): Cy\Db\AbstractDb->initDb(NULL)
#1 /www/Cy/Cy/Db/Db.php(20): Cy\Db\AbstractDb->__construct(NULL)
#2 /www/Cy/Cy/Mvc/Event/EventStore.php(57): Cy\Db\Db::getInstance(NULL)
#3 /www/Cy/Cy/Mvc/Event/EventStore.php(40): Cy\Mvc\Event\EventStore->make('Cy\Db\Db', NULL)
#4 /www/Cy/Cy/Mvc/Event/EventRegister.php(50): Cy\Mvc\Event\EventStore->get('Cy\Db\Db', NULL)
#5 /www/Cy/Cy/Mvc/Event/Event.php(18): Cy\Mvc\Event\EventRegister->getRegistered('Cy\Db\Db', NULL)
#6 /www/Cy/Cy/Mvc/Model/Model.php(17): Cy\Mvc\Event\Event->getRegistered('Cy\Db\Db', NULL)
#7 /www/Cy/Cy/Mvc/EventsManager.php(46): Cy\Mvc\Model\Model->__construct()
#8 /www/Cy/Cy/Mvc/EventsManager.php(60): Cy\Mvc\EventsManager->__construct()
#9 /www/Cy/index.php(24): Cy\Mvc\EventsManager::run()
#10 {main} 
[2013-10-31 16:14:37]  FATAL: could not find driver in /www/Cy/Cy/Db/AbstractDb.php on line 60 ErrorCode: 1003 in /www/Cy/Cy/Db/AbstractDb.php on 67 \n\r #0 /www/Cy/Cy/Db/AbstractDb.php(48): Cy\Db\AbstractDb->initDb(NULL)
#1 /www/Cy/Cy/Db/Db.php(20): Cy\Db\AbstractDb->__construct(NULL)
#2 /www/Cy/Cy/Mvc/Event/EventStore.php(57): Cy\Db\Db::getInstance(NULL)
#3 /www/Cy/Cy/Mvc/Event/EventStore.php(40): Cy\Mvc\Event\EventStore->make('Cy\Db\Db', NULL)
#4 /www/Cy/Cy/Mvc/Event/EventRegister.php(50): Cy\Mvc\Event\EventStore->get('Cy\Db\Db', NULL)
#5 /www/Cy/Cy/Mvc/Event/Event.php(18): Cy\Mvc\Event\EventRegister->getRegistered('Cy\Db\Db', NULL)
#6 /www/Cy/Cy/Mvc/Model/Model.php(17): Cy\Mvc\Event\Event->getRegistered('Cy\Db\Db', NULL)
#7 /www/Cy/Cy/Mvc/EventsManager.php(46): Cy\Mvc\Model\Model->__construct()
#8 /www/Cy/Cy/Mvc/EventsManager.php(60): Cy\Mvc\EventsManager->__construct()
#9 /www/Cy/index.php(24): Cy\Mvc\EventsManager::run()
#10 {main} 
[2013-10-31 16:14:37]  FATAL: could not find driver in /www/Cy/Cy/Db/AbstractDb.php on line 60 ErrorCode: 1003 in /www/Cy/Cy/Db/AbstractDb.php on 67 \n\r #0 /www/Cy/Cy/Db/AbstractDb.php(48): Cy\Db\AbstractDb->initDb(NULL)
#1 /www/Cy/Cy/Db/Db.php(20): Cy\Db\AbstractDb->__construct(NULL)
#2 /www/Cy/Cy/Mvc/Event/EventStore.php(57): Cy\Db\Db::getInstance(NULL)
#3 /www/Cy/Cy/Mvc/Event/EventStore.php(40): Cy\Mvc\Event\EventStore->make('Cy\Db\Db', NULL)
#4 /www/Cy/Cy/Mvc/Event/EventRegister.php(50): Cy\Mvc\Event\EventStore->get('Cy\Db\Db', NULL)
#5 /www/Cy/Cy/Mvc/Event/Event.php(18): Cy\Mvc\Event\EventRegister->getRegistered('Cy\Db\Db', NULL)
#6 /www/Cy/Cy/Mvc/Model/Model.php(17): Cy\Mvc\Event\Event->getRegistered('Cy\Db\Db', NULL)
#7 /www/Cy/Cy/Mvc/EventsManager.php(46): Cy\Mvc\Model\Model->__construct()
#8 /www/Cy/Cy/Mvc/EventsManager.php(60): Cy\Mvc\EventsManager->__construct()
#9 /www/Cy/index.php(24): Cy\Mvc\EventsManager::run()
#10 {main} 
[2013-10-31 16:14:37]  FATAL: could not find driver in /www/Cy/Cy/Db/AbstractDb.php on line 60 ErrorCode: 1003 in /www/Cy/Cy/Db/AbstractDb.php on 67 \n\r #0 /www/Cy/Cy/Db/AbstractDb.php(48): Cy\Db\AbstractDb->initDb(NULL)
#1 /www/Cy/Cy/Db/Db.php(20): Cy\Db\AbstractDb->__construct(NULL)
#2 /www/Cy/Cy/Mvc/Event/EventStore.php(57): Cy\Db\Db::getInstance(NULL)
#3 /www/Cy/Cy/Mvc/Event/EventStore.php(40): Cy\Mvc\Event\EventStore->make('Cy\Db\Db', NULL)
#4 /www/Cy/Cy/Mvc/Event/EventRegister.php(50): Cy\Mvc\Event\EventStore->get('Cy\Db\Db', NULL)
#5 /www/Cy/Cy/Mvc/Event/Event.php(18): Cy\Mvc\Event\EventRegister->getRegistered('Cy\Db\Db', NULL)
#6 /www/Cy/Cy/Mvc/Model/Model.php(17): Cy\Mvc\Event\Event->getRegistered('Cy\Db\Db', NULL)
#7 /www/Cy/Cy/Mvc/EventsManager.php(46): Cy\Mvc\Model\Model->__construct()
#8 /www/Cy/Cy/Mvc/EventsManager.php(60): Cy\Mvc\EventsManager->__construct()
#9 /www/Cy/index.php(24): Cy\Mvc\EventsManager::run()
#10 {main} 
[2013-10-31 16:20:07]  FATAL: could not find driver in /www/Cy/Cy/Db/AbstractDb.php on line 60 ErrorCode: 1003 in /www/Cy/Cy/Db/AbstractDb.php on 67 \n\r #0 /www/Cy/Cy/Db/AbstractDb.php(48): Cy\Db\AbstractDb->initDb(NULL)
#1 /www/Cy/Cy/Db/Db.php(20): Cy\Db\AbstractDb->__construct(NULL)
#2 /www/Cy/Cy/Mvc/Event/EventStore.php(57): Cy\Db\Db::getInstance(NULL)
#3 /www/Cy/Cy/Mvc/Event/EventStore.php(40): Cy\Mvc\Event\EventStore->make('Cy\Db\Db', NULL)
#4 /www/Cy/Cy/Mvc/Event/EventRegister.php(50): Cy\Mvc\Event\EventStore->get('Cy\Db\Db', NULL)
#5 /www/Cy/Cy/Mvc/Event/Event.php(18): Cy\Mvc\Event\EventRegister->getRegistered('Cy\Db\Db', NULL)
#6 /www/Cy/Cy/Mvc/Model/Model.php(17): Cy\Mvc\Event\Event->getRegistered('Cy\Db\Db', NULL)
#7 /www/Cy/Cy/Mvc/EventsManager.php(46): Cy\Mvc\Model\Model->__construct()
#8 /www/Cy/Cy/Mvc/EventsManager.php(60): Cy\Mvc\EventsManager->__construct()
#9 /www/Cy/index.php(24): Cy\Mvc\EventsManager::run()
#10 {main} 
[2013-10-31 16:20:07]  FATAL: could not find driver in /www/Cy/Cy/Db/AbstractDb.php on line 60 ErrorCode: 1003 in /www/Cy/Cy/Db/AbstractDb.php on 67 \n\r #0 /www/Cy/Cy/Db/AbstractDb.php(48): Cy\Db\AbstractDb->initDb(NULL)
#1 /www/Cy/Cy/Db/Db.php(20): Cy\Db\AbstractDb->__construct(NULL)
#2 /www/Cy/Cy/Mvc/Event/EventStore.php(57): Cy\Db\Db::getInstance(NULL)
#3 /www/Cy/Cy/Mvc/Event/EventStore.php(40): Cy\Mvc\Event\EventStore->make('Cy\Db\Db', NULL)
#4 /www/Cy/Cy/Mvc/Event/EventRegister.php(50): Cy\Mvc\Event\EventStore->get('Cy\Db\Db', NULL)
#5 /www/Cy/Cy/Mvc/Event/Event.php(18): Cy\Mvc\Event\EventRegister->getRegistered('Cy\Db\Db', NULL)
#6 /www/Cy/Cy/Mvc/Model/Model.php(17): Cy\Mvc\Event\Event->getRegistered('Cy\Db\Db', NULL)
#7 /www/Cy/Cy/Mvc/EventsManager.php(46): Cy\Mvc\Model\Model->__construct()
#8 /www/Cy/Cy/Mvc/EventsManager.php(60): Cy\Mvc\EventsManager->__construct()
#9 /www/Cy/index.php(24): Cy\Mvc\EventsManager::run()
#10 {main} 
[2013-10-31 16:20:07]  FATAL: could not find driver in /www/Cy/Cy/Db/AbstractDb.php on line 60 ErrorCode: 1003 in /www/Cy/Cy/Db/AbstractDb.php on 67 \n\r #0 /www/Cy/Cy/Db/AbstractDb.php(48): Cy\Db\AbstractDb->initDb(NULL)
#1 /www/Cy/Cy/Db/Db.php(20): Cy\Db\AbstractDb->__construct(NULL)
#2 /www/Cy/Cy/Mvc/Event/EventStore.php(57): Cy\Db\Db::getInstance(NULL)
#3 /www/Cy/Cy/Mvc/Event/EventStore.php(40): Cy\Mvc\Event\EventStore->make('Cy\Db\Db', NULL)
#4 /www/Cy/Cy/Mvc/Event/EventRegister.php(50): Cy\Mvc\Event\EventStore->get('Cy\Db\Db', NULL)
#5 /www/Cy/Cy/Mvc/Event/Event.php(18): Cy\Mvc\Event\EventRegister->getRegistered('Cy\Db\Db', NULL)
#6 /www/Cy/Cy/Mvc/Model/Model.php(17): Cy\Mvc\Event\Event->getRegistered('Cy\Db\Db', NULL)
#7 /www/Cy/Cy/Mvc/EventsManager.php(46): Cy\Mvc\Model\Model->__construct()
#8 /www/Cy/Cy/Mvc/EventsManager.php(60): Cy\Mvc\EventsManager->__construct()
#9 /www/Cy/index.php(24): Cy\Mvc\EventsManager::run()
#10 {main} 
[2013-10-31 16:20:07]  FATAL: could not find driver in /www/Cy/Cy/Db/AbstractDb.php on line 60 ErrorCode: 1003 in /www/Cy/Cy/Db/AbstractDb.php on 67 \n\r #0 /www/Cy/Cy/Db/AbstractDb.php(48): Cy\Db\AbstractDb->initDb(NULL)
#1 /www/Cy/Cy/Db/Db.php(20): Cy\Db\AbstractDb->__construct(NULL)
#2 /www/Cy/Cy/Mvc/Event/EventStore.php(57): Cy\Db\Db::getInstance(NULL)
#3 /www/Cy/Cy/Mvc/Event/EventStore.php(40): Cy\Mvc\Event\EventStore->make('Cy\Db\Db', NULL)
#4 /www/Cy/Cy/Mvc/Event/EventRegister.php(50): Cy\Mvc\Event\EventStore->get('Cy\Db\Db', NULL)
#5 /www/Cy/Cy/Mvc/Event/Event.php(18): Cy\Mvc\Event\EventRegister->getRegistered('Cy\Db\Db', NULL)
#6 /www/Cy/Cy/Mvc/Model/Model.php(17): Cy\Mvc\Event\Event->getRegistered('Cy\Db\Db', NULL)
#7 /www/Cy/Cy/Mvc/EventsManager.php(46): Cy\Mvc\Model\Model->__construct()
#8 /www/Cy/Cy/Mvc/EventsManager.php(60): Cy\Mvc\EventsManager->__construct()
#9 /www/Cy/index.php(24): Cy\Mvc\EventsManager::run()
#10 {main} 
[2013-10-31 16:29:01]  FATAL: could not find driver in /www/Cy/Cy/Db/AbstractDb.php on line 60 ErrorCode: 1003 in /www/Cy/Cy/Db/AbstractDb.php on 67 \n\r #0 /www/Cy/Cy/Db/AbstractDb.php(48): Cy\Db\AbstractDb->initDb(NULL)
#1 /www/Cy/Cy/Db/Db.php(20): Cy\Db\AbstractDb->__construct(NULL)
#2 /www/Cy/Cy/Mvc/Event/EventStore.php(57): Cy\Db\Db::getInstance(NULL)
#3 /www/Cy/Cy/Mvc/Event/EventStore.php(40): Cy\Mvc\Event\EventStore->make('Cy\Db\Db', NULL)
#4 /www/Cy/Cy/Mvc/Event/EventRegister.php(50): Cy\Mvc\Event\EventStore->get('Cy\Db\Db', NULL)
#5 /www/Cy/Cy/Mvc/Event/Event.php(18): Cy\Mvc\Event\EventRegister->getRegistered('Cy\Db\Db', NULL)
#6 /www/Cy/Cy/Mvc/Model/Model.php(17): Cy\Mvc\Event\Event->getRegistered('Cy\Db\Db', NULL)
#7 /www/Cy/Cy/Mvc/EventsManager.php(46): Cy\Mvc\Model\Model->__construct()
#8 /www/Cy/Cy/Mvc/EventsManager.php(60): Cy\Mvc\EventsManager->__construct()
#9 /www/Cy/index.php(24): Cy\Mvc\EventsManager::run()
#10 {main} 
[2013-10-31 16:29:01]  FATAL: could not find driver in /www/Cy/Cy/Db/AbstractDb.php on line 60 ErrorCode: 1003 in /www/Cy/Cy/Db/AbstractDb.php on 67 \n\r #0 /www/Cy/Cy/Db/AbstractDb.php(48): Cy\Db\AbstractDb->initDb(NULL)
#1 /www/Cy/Cy/Db/Db.php(20): Cy\Db\AbstractDb->__construct(NULL)
#2 /www/Cy/Cy/Mvc/Event/EventStore.php(57): Cy\Db\Db::getInstance(NULL)
#3 /www/Cy/Cy/Mvc/Event/EventStore.php(40): Cy\Mvc\Event\EventStore->make('Cy\Db\Db', NULL)
#4 /www/Cy/Cy/Mvc/Event/EventRegister.php(50): Cy\Mvc\Event\EventStore->get('Cy\Db\Db', NULL)
#5 /www/Cy/Cy/Mvc/Event/Event.php(18): Cy\Mvc\Event\EventRegister->getRegistered('Cy\Db\Db', NULL)
#6 /www/Cy/Cy/Mvc/Model/Model.php(17): Cy\Mvc\Event\Event->getRegistered('Cy\Db\Db', NULL)
#7 /www/Cy/Cy/Mvc/EventsManager.php(46): Cy\Mvc\Model\Model->__construct()
#8 /www/Cy/Cy/Mvc/EventsManager.php(60): Cy\Mvc\EventsManager->__construct()
#9 /www/Cy/index.php(24): Cy\Mvc\EventsManager::run()
#10 {main} 
[2013-10-31 16:29:01]  FATAL: could not find driver in /www/Cy/Cy/Db/AbstractDb.php on line 60 ErrorCode: 1003 in /www/Cy/Cy/Db/AbstractDb.php on 67 \n\r #0 /www/Cy/Cy/Db/AbstractDb.php(48): Cy\Db\AbstractDb->initDb(NULL)
#1 /www/Cy/Cy/Db/Db.php(20): Cy\Db\AbstractDb->__construct(NULL)
#2 /www/Cy/Cy/Mvc/Event/EventStore.php(57): Cy\Db\Db::getInstance(NULL)
#3 /www/Cy/Cy/Mvc/Event/EventStore.php(40): Cy\Mvc\Event\EventStore->make('Cy\Db\Db', NULL)
#4 /www/Cy/Cy/Mvc/Event/EventRegister.php(50): Cy\Mvc\Event\EventStore->get('Cy\Db\Db', NULL)
#5 /www/Cy/Cy/Mvc/Event/Event.php(18): Cy\Mvc\Event\EventRegister->getRegistered('Cy\Db\Db', NULL)
#6 /www/Cy/Cy/Mvc/Model/Model.php(17): Cy\Mvc\Event\Event->getRegistered('Cy\Db\Db', NULL)
#7 /www/Cy/Cy/Mvc/EventsManager.php(46): Cy\Mvc\Model\Model->__construct()
#8 /www/Cy/Cy/Mvc/EventsManager.php(60): Cy\Mvc\EventsManager->__construct()
#9 /www/Cy/index.php(24): Cy\Mvc\EventsManager::run()
#10 {main} 
[2013-10-31 16:29:01]  FATAL: could not find driver in /www/Cy/Cy/Db/AbstractDb.php on line 60 ErrorCode: 1003 in /www/Cy/Cy/Db/AbstractDb.php on 67 \n\r #0 /www/Cy/Cy/Db/AbstractDb.php(48): Cy\Db\AbstractDb->initDb(NULL)
#1 /www/Cy/Cy/Db/Db.php(20): Cy\Db\AbstractDb->__construct(NULL)
#2 /www/Cy/Cy/Mvc/Event/EventStore.php(57): Cy\Db\Db::getInstance(NULL)
#3 /www/Cy/Cy/Mvc/Event/EventStore.php(40): Cy\Mvc\Event\EventStore->make('Cy\Db\Db', NULL)
#4 /www/Cy/Cy/Mvc/Event/EventRegister.php(50): Cy\Mvc\Event\EventStore->get('Cy\Db\Db', NULL)
#5 /www/Cy/Cy/Mvc/Event/Event.php(18): Cy\Mvc\Event\EventRegister->getRegistered('Cy\Db\Db', NULL)
#6 /www/Cy/Cy/Mvc/Model/Model.php(17): Cy\Mvc\Event\Event->getRegistered('Cy\Db\Db', NULL)
#7 /www/Cy/Cy/Mvc/EventsManager.php(46): Cy\Mvc\Model\Model->__construct()
#8 /www/Cy/Cy/Mvc/EventsManager.php(60): Cy\Mvc\EventsManager->__construct()
#9 /www/Cy/index.php(24): Cy\Mvc\EventsManager::run()
#10 {main} 
[2013-10-31 16:29:02]  FATAL: could not find driver in /www/Cy/Cy/Db/AbstractDb.php on line 60 ErrorCode: 1003 in /www/Cy/Cy/Db/AbstractDb.php on 67 \n\r #0 /www/Cy/Cy/Db/AbstractDb.php(48): Cy\Db\AbstractDb->initDb(NULL)
#1 /www/Cy/Cy/Db/Db.php(20): Cy\Db\AbstractDb->__construct(NULL)
#2 /www/Cy/Cy/Mvc/Event/EventStore.php(57): Cy\Db\Db::getInstance(NULL)
#3 /www/Cy/Cy/Mvc/Event/EventStore.php(40): Cy\Mvc\Event\EventStore->make('Cy\Db\Db', NULL)
#4 /www/Cy/Cy/Mvc/Event/EventRegister.php(50): Cy\Mvc\Event\EventStore->get('Cy\Db\Db', NULL)
#5 /www/Cy/Cy/Mvc/Event/Event.php(18): Cy\Mvc\Event\EventRegister->getRegistered('Cy\Db\Db', NULL)
#6 /www/Cy/Cy/Mvc/Model/Model.php(17): Cy\Mvc\Event\Event->getRegistered('Cy\Db\Db', NULL)
#7 /www/Cy/Cy/Mvc/EventsManager.php(46): Cy\Mvc\Model\Model->__construct()
#8 /www/Cy/Cy/Mvc/EventsManager.php(60): Cy\Mvc\EventsManager->__construct()
#9 /www/Cy/index.php(24): Cy\Mvc\EventsManager::run()
#10 {main} 
[2013-10-31 16:29:02]  FATAL: could not find driver in /www/Cy/Cy/Db/AbstractDb.php on line 60 ErrorCode: 1003 in /www/Cy/Cy/Db/AbstractDb.php on 67 \n\r #0 /www/Cy/Cy/Db/AbstractDb.php(48): Cy\Db\AbstractDb->initDb(NULL)
#1 /www/Cy/Cy/Db/Db.php(20): Cy\Db\AbstractDb->__construct(NULL)
#2 /www/Cy/Cy/Mvc/Event/EventStore.php(57): Cy\Db\Db::getInstance(NULL)
#3 /www/Cy/Cy/Mvc/Event/EventStore.php(40): Cy\Mvc\Event\EventStore->make('Cy\Db\Db', NULL)
#4 /www/Cy/Cy/Mvc/Event/EventRegister.php(50): Cy\Mvc\Event\EventStore->get('Cy\Db\Db', NULL)
#5 /www/Cy/Cy/Mvc/Event/Event.php(18): Cy\Mvc\Event\EventRegister->getRegistered('Cy\Db\Db', NULL)
#6 /www/Cy/Cy/Mvc/Model/Model.php(17): Cy\Mvc\Event\Event->getRegistered('Cy\Db\Db', NULL)
#7 /www/Cy/Cy/Mvc/EventsManager.php(46): Cy\Mvc\Model\Model->__construct()
#8 /www/Cy/Cy/Mvc/EventsManager.php(60): Cy\Mvc\EventsManager->__construct()
#9 /www/Cy/index.php(24): Cy\Mvc\EventsManager::run()
#10 {main} 
[2013-10-31 16:29:02]  FATAL: could not find driver in /www/Cy/Cy/Db/AbstractDb.php on line 60 ErrorCode: 1003 in /www/Cy/Cy/Db/AbstractDb.php on 67 \n\r #0 /www/Cy/Cy/Db/AbstractDb.php(48): Cy\Db\AbstractDb->initDb(NULL)
#1 /www/Cy/Cy/Db/Db.php(20): Cy\Db\AbstractDb->__construct(NULL)
#2 /www/Cy/Cy/Mvc/Event/EventStore.php(57): Cy\Db\Db::getInstance(NULL)
#3 /www/Cy/Cy/Mvc/Event/EventStore.php(40): Cy\Mvc\Event\EventStore->make('Cy\Db\Db', NULL)
#4 /www/Cy/Cy/Mvc/Event/EventRegister.php(50): Cy\Mvc\Event\EventStore->get('Cy\Db\Db', NULL)
#5 /www/Cy/Cy/Mvc/Event/Event.php(18): Cy\Mvc\Event\EventRegister->getRegistered('Cy\Db\Db', NULL)
#6 /www/Cy/Cy/Mvc/Model/Model.php(17): Cy\Mvc\Event\Event->getRegistered('Cy\Db\Db', NULL)
#7 /www/Cy/Cy/Mvc/EventsManager.php(46): Cy\Mvc\Model\Model->__construct()
#8 /www/Cy/Cy/Mvc/EventsManager.php(60): Cy\Mvc\EventsManager->__construct()
#9 /www/Cy/index.php(24): Cy\Mvc\EventsManager::run()
#10 {main} 
[2013-10-31 16:29:02]  FATAL: could not find driver in /www/Cy/Cy/Db/AbstractDb.php on line 60 ErrorCode: 1003 in /www/Cy/Cy/Db/AbstractDb.php on 67 \n\r #0 /www/Cy/Cy/Db/AbstractDb.php(48): Cy\Db\AbstractDb->initDb(NULL)
#1 /www/Cy/Cy/Db/Db.php(20): Cy\Db\AbstractDb->__construct(NULL)
#2 /www/Cy/Cy/Mvc/Event/EventStore.php(57): Cy\Db\Db::getInstance(NULL)
#3 /www/Cy/Cy/Mvc/Event/EventStore.php(40): Cy\Mvc\Event\EventStore->make('Cy\Db\Db', NULL)
#4 /www/Cy/Cy/Mvc/Event/EventRegister.php(50): Cy\Mvc\Event\EventStore->get('Cy\Db\Db', NULL)
#5 /www/Cy/Cy/Mvc/Event/Event.php(18): Cy\Mvc\Event\EventRegister->getRegistered('Cy\Db\Db', NULL)
#6 /www/Cy/Cy/Mvc/Model/Model.php(17): Cy\Mvc\Event\Event->getRegistered('Cy\Db\Db', NULL)
#7 /www/Cy/Cy/Mvc/EventsManager.php(46): Cy\Mvc\Model\Model->__construct()
#8 /www/Cy/Cy/Mvc/EventsManager.php(60): Cy\Mvc\EventsManager->__construct()
#9 /www/Cy/index.php(24): Cy\Mvc\EventsManager::run()
#10 {main} 
[2013-10-31 16:29:02]  FATAL: could not find driver in /www/Cy/Cy/Db/AbstractDb.php on line 60 ErrorCode: 1003 in /www/Cy/Cy/Db/AbstractDb.php on 67 \n\r #0 /www/Cy/Cy/Db/AbstractDb.php(48): Cy\Db\AbstractDb->initDb(NULL)
#1 /www/Cy/Cy/Db/Db.php(20): Cy\Db\AbstractDb->__construct(NULL)
#2 /www/Cy/Cy/Mvc/Event/EventStore.php(57): Cy\Db\Db::getInstance(NULL)
#3 /www/Cy/Cy/Mvc/Event/EventStore.php(40): Cy\Mvc\Event\EventStore->make('Cy\Db\Db', NULL)
#4 /www/Cy/Cy/Mvc/Event/EventRegister.php(50): Cy\Mvc\Event\EventStore->get('Cy\Db\Db', NULL)
#5 /www/Cy/Cy/Mvc/Event/Event.php(18): Cy\Mvc\Event\EventRegister->getRegistered('Cy\Db\Db', NULL)
#6 /www/Cy/Cy/Mvc/Model/Model.php(17): Cy\Mvc\Event\Event->getRegistered('Cy\Db\Db', NULL)
#7 /www/Cy/Cy/Mvc/EventsManager.php(46): Cy\Mvc\Model\Model->__construct()
#8 /www/Cy/Cy/Mvc/EventsManager.php(60): Cy\Mvc\EventsManager->__construct()
#9 /www/Cy/index.php(24): Cy\Mvc\EventsManager::run()
#10 {main} 
[2013-10-31 16:29:02]  FATAL: could not find driver in /www/Cy/Cy/Db/AbstractDb.php on line 60 ErrorCode: 1003 in /www/Cy/Cy/Db/AbstractDb.php on 67 \n\r #0 /www/Cy/Cy/Db/AbstractDb.php(48): Cy\Db\AbstractDb->initDb(NULL)
#1 /www/Cy/Cy/Db/Db.php(20): Cy\Db\AbstractDb->__construct(NULL)
#2 /www/Cy/Cy/Mvc/Event/EventStore.php(57): Cy\Db\Db::getInstance(NULL)
#3 /www/Cy/Cy/Mvc/Event/EventStore.php(40): Cy\Mvc\Event\EventStore->make('Cy\Db\Db', NULL)
#4 /www/Cy/Cy/Mvc/Event/EventRegister.php(50): Cy\Mvc\Event\EventStore->get('Cy\Db\Db', NULL)
#5 /www/Cy/Cy/Mvc/Event/Event.php(18): Cy\Mvc\Event\EventRegister->getRegistered('Cy\Db\Db', NULL)
#6 /www/Cy/Cy/Mvc/Model/Model.php(17): Cy\Mvc\Event\Event->getRegistered('Cy\Db\Db', NULL)
#7 /www/Cy/Cy/Mvc/EventsManager.php(46): Cy\Mvc\Model\Model->__construct()
#8 /www/Cy/Cy/Mvc/EventsManager.php(60): Cy\Mvc\EventsManager->__construct()
#9 /www/Cy/index.php(24): Cy\Mvc\EventsManager::run()
#10 {main} 
[2013-10-31 16:29:02]  FATAL: could not find driver in /www/Cy/Cy/Db/AbstractDb.php on line 60 ErrorCode: 1003 in /www/Cy/Cy/Db/AbstractDb.php on 67 \n\r #0 /www/Cy/Cy/Db/AbstractDb.php(48): Cy\Db\AbstractDb->initDb(NULL)
#1 /www/Cy/Cy/Db/Db.php(20): Cy\Db\AbstractDb->__construct(NULL)
#2 /www/Cy/Cy/Mvc/Event/EventStore.php(57): Cy\Db\Db::getInstance(NULL)
#3 /www/Cy/Cy/Mvc/Event/EventStore.php(40): Cy\Mvc\Event\EventStore->make('Cy\Db\Db', NULL)
#4 /www/Cy/Cy/Mvc/Event/EventRegister.php(50): Cy\Mvc\Event\EventStore->get('Cy\Db\Db', NULL)
#5 /www/Cy/Cy/Mvc/Event/Event.php(18): Cy\Mvc\Event\EventRegister->getRegistered('Cy\Db\Db', NULL)
#6 /www/Cy/Cy/Mvc/Model/Model.php(17): Cy\Mvc\Event\Event->getRegistered('Cy\Db\Db', NULL)
#7 /www/Cy/Cy/Mvc/EventsManager.php(46): Cy\Mvc\Model\Model->__construct()
#8 /www/Cy/Cy/Mvc/EventsManager.php(60): Cy\Mvc\EventsManager->__construct()
#9 /www/Cy/index.php(24): Cy\Mvc\EventsManager::run()
#10 {main} 
[2013-10-31 16:29:02]  FATAL: could not find driver in /www/Cy/Cy/Db/AbstractDb.php on line 60 ErrorCode: 1003 in /www/Cy/Cy/Db/AbstractDb.php on 67 \n\r #0 /www/Cy/Cy/Db/AbstractDb.php(48): Cy\Db\AbstractDb->initDb(NULL)
#1 /www/Cy/Cy/Db/Db.php(20): Cy\Db\AbstractDb->__construct(NULL)
#2 /www/Cy/Cy/Mvc/Event/EventStore.php(57): Cy\Db\Db::getInstance(NULL)
#3 /www/Cy/Cy/Mvc/Event/EventStore.php(40): Cy\Mvc\Event\EventStore->make('Cy\Db\Db', NULL)
#4 /www/Cy/Cy/Mvc/Event/EventRegister.php(50): Cy\Mvc\Event\EventStore->get('Cy\Db\Db', NULL)
#5 /www/Cy/Cy/Mvc/Event/Event.php(18): Cy\Mvc\Event\EventRegister->getRegistered('Cy\Db\Db', NULL)
#6 /www/Cy/Cy/Mvc/Model/Model.php(17): Cy\Mvc\Event\Event->getRegistered('Cy\Db\Db', NULL)
#7 /www/Cy/Cy/Mvc/EventsManager.php(46): Cy\Mvc\Model\Model->__construct()
#8 /www/Cy/Cy/Mvc/EventsManager.php(60): Cy\Mvc\EventsManager->__construct()
#9 /www/Cy/index.php(24): Cy\Mvc\EventsManager::run()
#10 {main} 
[2013-10-31 16:29:02]  FATAL: could not find driver in /www/Cy/Cy/Db/AbstractDb.php on line 60 ErrorCode: 1003 in /www/Cy/Cy/Db/AbstractDb.php on 67 \n\r #0 /www/Cy/Cy/Db/AbstractDb.php(48): Cy\Db\AbstractDb->initDb(NULL)
#1 /www/Cy/Cy/Db/Db.php(20): Cy\Db\AbstractDb->__construct(NULL)
#2 /www/Cy/Cy/Mvc/Event/EventStore.php(57): Cy\Db\Db::getInstance(NULL)
#3 /www/Cy/Cy/Mvc/Event/EventStore.php(40): Cy\Mvc\Event\EventStore->make('Cy\Db\Db', NULL)
#4 /www/Cy/Cy/Mvc/Event/EventRegister.php(50): Cy\Mvc\Event\EventStore->get('Cy\Db\Db', NULL)
#5 /www/Cy/Cy/Mvc/Event/Event.php(18): Cy\Mvc\Event\EventRegister->getRegistered('Cy\Db\Db', NULL)
#6 /www/Cy/Cy/Mvc/Model/Model.php(17): Cy\Mvc\Event\Event->getRegistered('Cy\Db\Db', NULL)
#7 /www/Cy/Cy/Mvc/EventsManager.php(46): Cy\Mvc\Model\Model->__construct()
#8 /www/Cy/Cy/Mvc/EventsManager.php(60): Cy\Mvc\EventsManager->__construct()
#9 /www/Cy/index.php(24): Cy\Mvc\EventsManager::run()
#10 {main} 
[2013-10-31 16:29:02]  FATAL: could not find driver in /www/Cy/Cy/Db/AbstractDb.php on line 60 ErrorCode: 1003 in /www/Cy/Cy/Db/AbstractDb.php on 67 \n\r #0 /www/Cy/Cy/Db/AbstractDb.php(48): Cy\Db\AbstractDb->initDb(NULL)
#1 /www/Cy/Cy/Db/Db.php(20): Cy\Db\AbstractDb->__construct(NULL)
#2 /www/Cy/Cy/Mvc/Event/EventStore.php(57): Cy\Db\Db::getInstance(NULL)
#3 /www/Cy/Cy/Mvc/Event/EventStore.php(40): Cy\Mvc\Event\EventStore->make('Cy\Db\Db', NULL)
#4 /www/Cy/Cy/Mvc/Event/EventRegister.php(50): Cy\Mvc\Event\EventStore->get('Cy\Db\Db', NULL)
#5 /www/Cy/Cy/Mvc/Event/Event.php(18): Cy\Mvc\Event\EventRegister->getRegistered('Cy\Db\Db', NULL)
#6 /www/Cy/Cy/Mvc/Model/Model.php(17): Cy\Mvc\Event\Event->getRegistered('Cy\Db\Db', NULL)
#7 /www/Cy/Cy/Mvc/EventsManager.php(46): Cy\Mvc\Model\Model->__construct()
#8 /www/Cy/Cy/Mvc/EventsManager.php(60): Cy\Mvc\EventsManager->__construct()
#9 /www/Cy/index.php(24): Cy\Mvc\EventsManager::run()
#10 {main} 
[2013-10-31 16:29:02]  FATAL: could not find driver in /www/Cy/Cy/Db/AbstractDb.php on line 60 ErrorCode: 1003 in /www/Cy/Cy/Db/AbstractDb.php on 67 \n\r #0 /www/Cy/Cy/Db/AbstractDb.php(48): Cy\Db\AbstractDb->initDb(NULL)
#1 /www/Cy/Cy/Db/Db.php(20): Cy\Db\AbstractDb->__construct(NULL)
#2 /www/Cy/Cy/Mvc/Event/EventStore.php(57): Cy\Db\Db::getInstance(NULL)
#3 /www/Cy/Cy/Mvc/Event/EventStore.php(40): Cy\Mvc\Event\EventStore->make('Cy\Db\Db', NULL)
#4 /www/Cy/Cy/Mvc/Event/EventRegister.php(50): Cy\Mvc\Event\EventStore->get('Cy\Db\Db', NULL)
#5 /www/Cy/Cy/Mvc/Event/Event.php(18): Cy\Mvc\Event\EventRegister->getRegistered('Cy\Db\Db', NULL)
#6 /www/Cy/Cy/Mvc/Model/Model.php(17): Cy\Mvc\Event\Event->getRegistered('Cy\Db\Db', NULL)
#7 /www/Cy/Cy/Mvc/EventsManager.php(46): Cy\Mvc\Model\Model->__construct()
#8 /www/Cy/Cy/Mvc/EventsManager.php(60): Cy\Mvc\EventsManager->__construct()
#9 /www/Cy/index.php(24): Cy\Mvc\EventsManager::run()
#10 {main} 
[2013-10-31 16:29:02]  FATAL: could not find driver in /www/Cy/Cy/Db/AbstractDb.php on line 60 ErrorCode: 1003 in /www/Cy/Cy/Db/AbstractDb.php on 67 \n\r #0 /www/Cy/Cy/Db/AbstractDb.php(48): Cy\Db\AbstractDb->initDb(NULL)
#1 /www/Cy/Cy/Db/Db.php(20): Cy\Db\AbstractDb->__construct(NULL)
#2 /www/Cy/Cy/Mvc/Event/EventStore.php(57): Cy\Db\Db::getInstance(NULL)
#3 /www/Cy/Cy/Mvc/Event/EventStore.php(40): Cy\Mvc\Event\EventStore->make('Cy\Db\Db', NULL)
#4 /www/Cy/Cy/Mvc/Event/EventRegister.php(50): Cy\Mvc\Event\EventStore->get('Cy\Db\Db', NULL)
#5 /www/Cy/Cy/Mvc/Event/Event.php(18): Cy\Mvc\Event\EventRegister->getRegistered('Cy\Db\Db', NULL)
#6 /www/Cy/Cy/Mvc/Model/Model.php(17): Cy\Mvc\Event\Event->getRegistered('Cy\Db\Db', NULL)
#7 /www/Cy/Cy/Mvc/EventsManager.php(46): Cy\Mvc\Model\Model->__construct()
#8 /www/Cy/Cy/Mvc/EventsManager.php(60): Cy\Mvc\EventsManager->__construct()
#9 /www/Cy/index.php(24): Cy\Mvc\EventsManager::run()
#10 {main} 
[2013-10-31 16:29:02]  FATAL: could not find driver in /www/Cy/Cy/Db/AbstractDb.php on line 60 ErrorCode: 1003 in /www/Cy/Cy/Db/AbstractDb.php on 67 \n\r #0 /www/Cy/Cy/Db/AbstractDb.php(48): Cy\Db\AbstractDb->initDb(NULL)
#1 /www/Cy/Cy/Db/Db.php(20): Cy\Db\AbstractDb->__construct(NULL)
#2 /www/Cy/Cy/Mvc/Event/EventStore.php(57): Cy\Db\Db::getInstance(NULL)
#3 /www/Cy/Cy/Mvc/Event/EventStore.php(40): Cy\Mvc\Event\EventStore->make('Cy\Db\Db', NULL)
#4 /www/Cy/Cy/Mvc/Event/EventRegister.php(50): Cy\Mvc\Event\EventStore->get('Cy\Db\Db', NULL)
#5 /www/Cy/Cy/Mvc/Event/Event.php(18): Cy\Mvc\Event\EventRegister->getRegistered('Cy\Db\Db', NULL)
#6 /www/Cy/Cy/Mvc/Model/Model.php(17): Cy\Mvc\Event\Event->getRegistered('Cy\Db\Db', NULL)
#7 /www/Cy/Cy/Mvc/EventsManager.php(46): Cy\Mvc\Model\Model->__construct()
#8 /www/Cy/Cy/Mvc/EventsManager.php(60): Cy\Mvc\EventsManager->__construct()
#9 /www/Cy/index.php(24): Cy\Mvc\EventsManager::run()
#10 {main} 
[2013-10-31 16:29:02]  FATAL: could not find driver in /www/Cy/Cy/Db/AbstractDb.php on line 60 ErrorCode: 1003 in /www/Cy/Cy/Db/AbstractDb.php on 67 \n\r #0 /www/Cy/Cy/Db/AbstractDb.php(48): Cy\Db\AbstractDb->initDb(NULL)
#1 /www/Cy/Cy/Db/Db.php(20): Cy\Db\AbstractDb->__construct(NULL)
#2 /www/Cy/Cy/Mvc/Event/EventStore.php(57): Cy\Db\Db::getInstance(NULL)
#3 /www/Cy/Cy/Mvc/Event/EventStore.php(40): Cy\Mvc\Event\EventStore->make('Cy\Db\Db', NULL)
#4 /www/Cy/Cy/Mvc/Event/EventRegister.php(50): Cy\Mvc\Event\EventStore->get('Cy\Db\Db', NULL)
#5 /www/Cy/Cy/Mvc/Event/Event.php(18): Cy\Mvc\Event\EventRegister->getRegistered('Cy\Db\Db', NULL)
#6 /www/Cy/Cy/Mvc/Model/Model.php(17): Cy\Mvc\Event\Event->getRegistered('Cy\Db\Db', NULL)
#7 /www/Cy/Cy/Mvc/EventsManager.php(46): Cy\Mvc\Model\Model->__construct()
#8 /www/Cy/Cy/Mvc/EventsManager.php(60): Cy\Mvc\EventsManager->__construct()
#9 /www/Cy/index.php(24): Cy\Mvc\EventsManager::run()
#10 {main} 
[2013-10-31 16:29:02]  FATAL: could not find driver in /www/Cy/Cy/Db/AbstractDb.php on line 60 ErrorCode: 1003 in /www/Cy/Cy/Db/AbstractDb.php on 67 \n\r #0 /www/Cy/Cy/Db/AbstractDb.php(48): Cy\Db\AbstractDb->initDb(NULL)
#1 /www/Cy/Cy/Db/Db.php(20): Cy\Db\AbstractDb->__construct(NULL)
#2 /www/Cy/Cy/Mvc/Event/EventStore.php(57): Cy\Db\Db::getInstance(NULL)
#3 /www/Cy/Cy/Mvc/Event/EventStore.php(40): Cy\Mvc\Event\EventStore->make('Cy\Db\Db', NULL)
#4 /www/Cy/Cy/Mvc/Event/EventRegister.php(50): Cy\Mvc\Event\EventStore->get('Cy\Db\Db', NULL)
#5 /www/Cy/Cy/Mvc/Event/Event.php(18): Cy\Mvc\Event\EventRegister->getRegistered('Cy\Db\Db', NULL)
#6 /www/Cy/Cy/Mvc/Model/Model.php(17): Cy\Mvc\Event\Event->getRegistered('Cy\Db\Db', NULL)
#7 /www/Cy/Cy/Mvc/EventsManager.php(46): Cy\Mvc\Model\Model->__construct()
#8 /www/Cy/Cy/Mvc/EventsManager.php(60): Cy\Mvc\EventsManager->__construct()
#9 /www/Cy/index.php(24): Cy\Mvc\EventsManager::run()
#10 {main} 
[2013-10-31 16:29:02]  FATAL: could not find driver in /www/Cy/Cy/Db/AbstractDb.php on line 60 ErrorCode: 1003 in /www/Cy/Cy/Db/AbstractDb.php on 67 \n\r #0 /www/Cy/Cy/Db/AbstractDb.php(48): Cy\Db\AbstractDb->initDb(NULL)
#1 /www/Cy/Cy/Db/Db.php(20): Cy\Db\AbstractDb->__construct(NULL)
#2 /www/Cy/Cy/Mvc/Event/EventStore.php(57): Cy\Db\Db::getInstance(NULL)
#3 /www/Cy/Cy/Mvc/Event/EventStore.php(40): Cy\Mvc\Event\EventStore->make('Cy\Db\Db', NULL)
#4 /www/Cy/Cy/Mvc/Event/EventRegister.php(50): Cy\Mvc\Event\EventStore->get('Cy\Db\Db', NULL)
#5 /www/Cy/Cy/Mvc/Event/Event.php(18): Cy\Mvc\Event\EventRegister->getRegistered('Cy\Db\Db', NULL)
#6 /www/Cy/Cy/Mvc/Model/Model.php(17): Cy\Mvc\Event\Event->getRegistered('Cy\Db\Db', NULL)
#7 /www/Cy/Cy/Mvc/EventsManager.php(46): Cy\Mvc\Model\Model->__construct()
#8 /www/Cy/Cy/Mvc/EventsManager.php(60): Cy\Mvc\EventsManager->__construct()
#9 /www/Cy/index.php(24): Cy\Mvc\EventsManager::run()
#10 {main} 
